        -:    0:Source:src/factor.c
        -:    0:Graph:factor.gcno
        -:    0:Data:factor.gcda
        -:    0:Runs:31
        -:    1:/* factor -- print prime factors of n.
        -:    2:   Copyright (C) 1986-2023 Free Software Foundation, Inc.
        -:    3:
        -:    4:   This program is free software: you can redistribute it and/or modify
        -:    5:   it under the terms of the GNU General Public License as published by
        -:    6:   the Free Software Foundation, either version 3 of the License, or
        -:    7:   (at your option) any later version.
        -:    8:
        -:    9:   This program is distributed in the hope that it will be useful,
        -:   10:   but WITHOUT ANY WARRANTY; without even the implied warranty of
        -:   11:   MERCHANTABILITY or FITNESS FOR A PARTICULAR PURPOSE.  See the
        -:   12:   GNU General Public License for more details.
        -:   13:
        -:   14:   You should have received a copy of the GNU General Public License
        -:   15:   along with this program.  If not, see <https://www.gnu.org/licenses/>.  */
        -:   16:
        -:   17:/* Originally written by Paul Rubin <phr@ocf.berkeley.edu>.
        -:   18:   Adapted for GNU, fixed to factor UINT_MAX by Jim Meyering.
        -:   19:   Arbitrary-precision code adapted by James Youngman from Torbjörn
        -:   20:   Granlund's factorize.c, from GNU MP version 4.2.2.
        -:   21:   In 2012, the core was rewritten by Torbjörn Granlund and Niels Möller.
        -:   22:   Contains code from GNU MP.  */
        -:   23:
        -:   24:/* Efficiently factor numbers that fit in one or two words (word = uintmax_t),
        -:   25:   or, with GMP, numbers of any size.
        -:   26:
        -:   27:  Code organization:
        -:   28:
        -:   29:    There are several variants of many functions, for handling one word, two
        -:   30:    words, and GMP's mpz_t type.  If the one-word variant is called foo, the
        -:   31:    two-word variant will be foo2, and the one for mpz_t will be mp_foo.  In
        -:   32:    some cases, the plain function variants will handle both one-word and
        -:   33:    two-word numbers, evidenced by function arguments.
        -:   34:
        -:   35:    The factoring code for two words will fall into the code for one word when
        -:   36:    progress allows that.
        -:   37:
        -:   38:  Algorithm:
        -:   39:
        -:   40:    (1) Perform trial division using a small primes table, but without hardware
        -:   41:        division since the primes table store inverses modulo the word base.
        -:   42:        (The GMP variant of this code doesn't make use of the precomputed
        -:   43:        inverses, but instead relies on GMP for fast divisibility testing.)
        -:   44:    (2) Check the nature of any non-factored part using Miller-Rabin for
        -:   45:        detecting composites, and Lucas for detecting primes.
        -:   46:    (3) Factor any remaining composite part using the Pollard-Brent rho
        -:   47:        algorithm or if USE_SQUFOF is defined to 1, try that first.
        -:   48:        Status of found factors are checked again using Miller-Rabin and Lucas.
        -:   49:
        -:   50:    We prefer using Hensel norm in the divisions, not the more familiar
        -:   51:    Euclidean norm, since the former leads to much faster code.  In the
        -:   52:    Pollard-Brent rho code and the prime testing code, we use Montgomery's
        -:   53:    trick of multiplying all n-residues by the word base, allowing cheap Hensel
        -:   54:    reductions mod n.
        -:   55:
        -:   56:    The GMP code uses an algorithm that can be considerably slower;
        -:   57:    for example, on a circa-2017 Intel Xeon Silver 4116, factoring
        -:   58:    2^{127}-3 takes about 50 ms with the two-word algorithm but would
        -:   59:    take about 750 ms with the GMP code.
        -:   60:
        -:   61:  Improvements:
        -:   62:
        -:   63:    * Use modular inverses also for exact division in the Lucas code, and
        -:   64:      elsewhere.  A problem is to locate the inverses not from an index, but
        -:   65:      from a prime.  We might instead compute the inverse on-the-fly.
        -:   66:
        -:   67:    * Tune trial division table size (not forgetting that this is a standalone
        -:   68:      program where the table will be read from secondary storage for
        -:   69:      each invocation).
        -:   70:
        -:   71:    * Implement less naive powm, using k-ary exponentiation for k = 3 or
        -:   72:      perhaps k = 4.
        -:   73:
        -:   74:    * Try to speed trial division code for single uintmax_t numbers, i.e., the
        -:   75:      code using DIVBLOCK.  It currently runs at 2 cycles per prime (Intel SBR,
        -:   76:      IBR), 3 cycles per prime (AMD Stars) and 5 cycles per prime (AMD BD) when
        -:   77:      using gcc 4.6 and 4.7.  Some software pipelining should help; 1, 2, and 4
        -:   78:      respectively cycles ought to be possible.
        -:   79:
        -:   80:    * The redcify function could be vastly improved by using (plain Euclidean)
        -:   81:      pre-inversion (such as GMP's invert_limb) and udiv_qrnnd_preinv (from
        -:   82:      GMP's gmp-impl.h).  The redcify2 function could be vastly improved using
        -:   83:      similar methods.  These functions currently dominate run time when using
        -:   84:      the -w option.
        -:   85:*/
        -:   86:
        -:   87:/* Whether to recursively factor to prove primality,
        -:   88:   or run faster probabilistic tests.  */
        -:   89:#ifndef PROVE_PRIMALITY
        -:   90:# define PROVE_PRIMALITY 1
        -:   91:#endif
        -:   92:
        -:   93:/* Faster for certain ranges but less general.  */
        -:   94:#ifndef USE_SQUFOF
        -:   95:# define USE_SQUFOF 0
        -:   96:#endif
        -:   97:
        -:   98:/* Output SQUFOF statistics.  */
        -:   99:#ifndef STAT_SQUFOF
        -:  100:# define STAT_SQUFOF 0
        -:  101:#endif
        -:  102:
        -:  103:
        -:  104:#include <config.h>
        -:  105:#include <getopt.h>
        -:  106:#include <stdio.h>
        -:  107:#include <gmp.h>
        -:  108:
        -:  109:#include "system.h"
        -:  110:#include "assure.h"
        -:  111:#include "full-write.h"
        -:  112:#include "quote.h"
        -:  113:#include "readtokens.h"
        -:  114:#include "xstrtol.h"
        -:  115:
        -:  116:/* The official name of this program (e.g., no 'g' prefix).  */
        -:  117:#define PROGRAM_NAME "factor"
        -:  118:
        -:  119:#define AUTHORS \
        -:  120:  proper_name ("Paul Rubin"),                                           \
        -:  121:  proper_name_lite ("Torbjorn Granlund", "Torbj\303\266rn Granlund"),   \
        -:  122:  proper_name_lite ("Niels Moller", "Niels M\303\266ller")
        -:  123:
        -:  124:/* Token delimiters when reading from a file.  */
        -:  125:#define DELIM "\n\t "
        -:  126:
        -:  127:#ifndef USE_LONGLONG_H
        -:  128:/* With the way we use longlong.h, it's only safe to use
        -:  129:   when UWtype = UHWtype, as there were various cases
        -:  130:   (as can be seen in the history for longlong.h) where
        -:  131:   for example, _LP64 was required to enable W_TYPE_SIZE==64 code,
        -:  132:   to avoid compile time or run time issues.  */
        -:  133:# if LONG_MAX == INTMAX_MAX
        -:  134:#  define USE_LONGLONG_H 1
        -:  135:# endif
        -:  136:#endif
        -:  137:
        -:  138:#if USE_LONGLONG_H
        -:  139:
        -:  140:/* Make definitions for longlong.h to make it do what it can do for us */
        -:  141:
        -:  142:/* bitcount for uintmax_t */
        -:  143:# if UINTMAX_MAX == UINT32_MAX
        -:  144:#  define W_TYPE_SIZE 32
        -:  145:# elif UINTMAX_MAX == UINT64_MAX
        -:  146:#  define W_TYPE_SIZE 64
        -:  147:# elif UINTMAX_MAX == UINT128_MAX
        -:  148:#  define W_TYPE_SIZE 128
        -:  149:# endif
        -:  150:
        -:  151:# define UWtype  uintmax_t
        -:  152:# define UHWtype unsigned long int
        -:  153:# undef UDWtype
        -:  154:# if HAVE_ATTRIBUTE_MODE
        -:  155:typedef unsigned int UQItype    __attribute__ ((mode (QI)));
        -:  156:typedef          int SItype     __attribute__ ((mode (SI)));
        -:  157:typedef unsigned int USItype    __attribute__ ((mode (SI)));
        -:  158:typedef          int DItype     __attribute__ ((mode (DI)));
        -:  159:typedef unsigned int UDItype    __attribute__ ((mode (DI)));
        -:  160:# else
        -:  161:typedef unsigned char UQItype;
        -:  162:typedef          long SItype;
        -:  163:typedef unsigned long int USItype;
        -:  164:#  if HAVE_LONG_LONG_INT
        -:  165:typedef long long int DItype;
        -:  166:typedef unsigned long long int UDItype;
        -:  167:#  else /* Assume `long' gives us a wide enough type.  Needed for hppa2.0w.  */
        -:  168:typedef long int DItype;
        -:  169:typedef unsigned long int UDItype;
        -:  170:#  endif
        -:  171:# endif
        -:  172:# define LONGLONG_STANDALONE     /* Don't require GMP's longlong.h mdep files */
        -:  173:# define ASSERT(x)               /* FIXME make longlong.h really standalone */
        -:  174:# define __GMP_DECLSPEC          /* FIXME make longlong.h really standalone */
        -:  175:# define __clz_tab factor_clz_tab /* Rename to avoid glibc collision */
        -:  176:# ifndef __GMP_GNUC_PREREQ
        -:  177:#  define __GMP_GNUC_PREREQ(a,b) 1
        -:  178:# endif
        -:  179:
        -:  180:/* These stub macros are only used in longlong.h in certain system compiler
        -:  181:   combinations, so ensure usage to avoid -Wunused-macros warnings.  */
        -:  182:# if __GMP_GNUC_PREREQ (1,1) && defined __clz_tab
        -:  183:ASSERT (1)
        -:  184:__GMP_DECLSPEC
        -:  185:# endif
        -:  186:
        -:  187:# if _ARCH_PPC
        -:  188:#  define HAVE_HOST_CPU_FAMILY_powerpc 1
        -:  189:# endif
        -:  190:# include "longlong.h"
        -:  191:# ifdef COUNT_LEADING_ZEROS_NEED_CLZ_TAB
        -:  192:const unsigned char factor_clz_tab[129] =
        -:  193:{
        -:  194:  1,2,3,3,4,4,4,4,5,5,5,5,5,5,5,5,6,6,6,6,6,6,6,6,6,6,6,6,6,6,6,6,
        -:  195:  7,7,7,7,7,7,7,7,7,7,7,7,7,7,7,7,7,7,7,7,7,7,7,7,7,7,7,7,7,7,7,7,
        -:  196:  8,8,8,8,8,8,8,8,8,8,8,8,8,8,8,8,8,8,8,8,8,8,8,8,8,8,8,8,8,8,8,8,
        -:  197:  8,8,8,8,8,8,8,8,8,8,8,8,8,8,8,8,8,8,8,8,8,8,8,8,8,8,8,8,8,8,8,8,
        -:  198:  9
        -:  199:};
        -:  200:# endif
        -:  201:
        -:  202:#else /* not USE_LONGLONG_H */
        -:  203:
        -:  204:# define W_TYPE_SIZE (8 * sizeof (uintmax_t))
        -:  205:# define __ll_B ((uintmax_t) 1 << (W_TYPE_SIZE / 2))
        -:  206:# define __ll_lowpart(t)  ((uintmax_t) (t) & (__ll_B - 1))
        -:  207:# define __ll_highpart(t) ((uintmax_t) (t) >> (W_TYPE_SIZE / 2))
        -:  208:
        -:  209:#endif
        -:  210:
        -:  211:#if !defined __clz_tab && !defined UHWtype
        -:  212:/* Without this seemingly useless conditional, gcc -Wunused-macros
        -:  213:   warns that each of the two tested macros is unused on Fedora 18.
        -:  214:   FIXME: this is just an ugly band-aid.  Fix it properly.  */
        -:  215:#endif
        -:  216:
        -:  217:/* 2*3*5*7*11...*101 is 128 bits, and has 26 prime factors */
        -:  218:#define MAX_NFACTS 26
        -:  219:
        -:  220:enum
        -:  221:{
        -:  222:  DEV_DEBUG_OPTION = CHAR_MAX + 1
        -:  223:};
        -:  224:
        -:  225:static struct option const long_options[] =
        -:  226:{
        -:  227:  {"exponents", no_argument, nullptr, 'h'},
        -:  228:  {"-debug", no_argument, nullptr, DEV_DEBUG_OPTION},
        -:  229:  {GETOPT_HELP_OPTION_DECL},
        -:  230:  {GETOPT_VERSION_OPTION_DECL},
        -:  231:  {nullptr, 0, nullptr, 0}
        -:  232:};
        -:  233:
        -:  234:/* If true, use p^e output format.  */
        -:  235:static bool print_exponents;
        -:  236:
        -:  237:struct factors
        -:  238:{
        -:  239:  uintmax_t     plarge[2]; /* Can have a single large factor */
        -:  240:  uintmax_t     p[MAX_NFACTS];
        -:  241:  unsigned char e[MAX_NFACTS];
        -:  242:  unsigned char nfactors;
        -:  243:};
        -:  244:
        -:  245:struct mp_factors
        -:  246:{
        -:  247:  mpz_t             *p;
        -:  248:  unsigned long int *e;
        -:  249:  idx_t nfactors;
        -:  250:};
        -:  251:
        -:  252:static void factor (uintmax_t, uintmax_t, struct factors *);
        -:  253:
        -:  254:#ifndef umul_ppmm
        -:  255:# define umul_ppmm(w1, w0, u, v)                                        \
        -:  256:  do {                                                                  \
        -:  257:    uintmax_t __x0, __x1, __x2, __x3;                                   \
        -:  258:    unsigned long int __ul, __vl, __uh, __vh;                           \
        -:  259:    uintmax_t __u = (u), __v = (v);                                     \
        -:  260:                                                                        \
        -:  261:    __ul = __ll_lowpart (__u);                                          \
        -:  262:    __uh = __ll_highpart (__u);                                         \
        -:  263:    __vl = __ll_lowpart (__v);                                          \
        -:  264:    __vh = __ll_highpart (__v);                                         \
        -:  265:                                                                        \
        -:  266:    __x0 = (uintmax_t) __ul * __vl;                                     \
        -:  267:    __x1 = (uintmax_t) __ul * __vh;                                     \
        -:  268:    __x2 = (uintmax_t) __uh * __vl;                                     \
        -:  269:    __x3 = (uintmax_t) __uh * __vh;                                     \
        -:  270:                                                                        \
        -:  271:    __x1 += __ll_highpart (__x0);/* This can't give carry.  */		\
        -:  272:    __x1 += __x2;		/* But this indeed can.  */		\
        -:  273:    if (__x1 < __x2)		/* Did we get it?  */			\
        -:  274:      __x3 += __ll_B;		/* Yes, add it in the proper pos.  */	\
        -:  275:                                                                        \
        -:  276:    (w1) = __x3 + __ll_highpart (__x1);                                 \
        -:  277:    (w0) = (__x1 << W_TYPE_SIZE / 2) + __ll_lowpart (__x0);             \
        -:  278:  } while (0)
        -:  279:#endif
        -:  280:
        -:  281:#if !defined udiv_qrnnd || defined UDIV_NEEDS_NORMALIZATION
        -:  282:/* Define our own, not needing normalization.  This function is
        -:  283:   currently not performance critical, so keep it simple.  Similar to
        -:  284:   the mod macro below.  */
        -:  285:# undef udiv_qrnnd
        -:  286:# define udiv_qrnnd(q, r, n1, n0, d)                                    \
        -:  287:  do {                                                                  \
        -:  288:    uintmax_t __d1, __d0, __q, __r1, __r0;                              \
        -:  289:                                                                        \
        -:  290:    __d1 = (d); __d0 = 0;                                               \
        -:  291:    __r1 = (n1); __r0 = (n0);                                           \
        -:  292:    affirm (__r1 < __d1);                                               \
        -:  293:    __q = 0;                                                            \
        -:  294:    for (int __i = W_TYPE_SIZE; __i > 0; __i--)                         \
        -:  295:      {                                                                 \
        -:  296:        rsh2 (__d1, __d0, __d1, __d0, 1);                               \
        -:  297:        __q <<= 1;                                                      \
        -:  298:        if (ge2 (__r1, __r0, __d1, __d0))                               \
        -:  299:          {                                                             \
        -:  300:            __q++;                                                      \
        -:  301:            sub_ddmmss (__r1, __r0, __r1, __r0, __d1, __d0);            \
        -:  302:          }                                                             \
        -:  303:      }                                                                 \
        -:  304:    (r) = __r0;                                                         \
        -:  305:    (q) = __q;                                                          \
        -:  306:  } while (0)
        -:  307:#endif
        -:  308:
        -:  309:#if !defined add_ssaaaa
        -:  310:# define add_ssaaaa(sh, sl, ah, al, bh, bl)                             \
        -:  311:  do {                                                                  \
        -:  312:    uintmax_t _add_x;                                                   \
        -:  313:    _add_x = (al) + (bl);                                               \
        -:  314:    (sh) = (ah) + (bh) + (_add_x < (al));                               \
        -:  315:    (sl) = _add_x;                                                      \
        -:  316:  } while (0)
        -:  317:#endif
        -:  318:
        -:  319:#define rsh2(rh, rl, ah, al, cnt)                                       \
        -:  320:  do {                                                                  \
        -:  321:    (rl) = ((ah) << (W_TYPE_SIZE - (cnt))) | ((al) >> (cnt));           \
        -:  322:    (rh) = (ah) >> (cnt);                                               \
        -:  323:  } while (0)
        -:  324:
        -:  325:#define lsh2(rh, rl, ah, al, cnt)                                       \
        -:  326:  do {                                                                  \
        -:  327:    (rh) = ((ah) << cnt) | ((al) >> (W_TYPE_SIZE - (cnt)));             \
        -:  328:    (rl) = (al) << (cnt);                                               \
        -:  329:  } while (0)
        -:  330:
        -:  331:#define ge2(ah, al, bh, bl)                                             \
        -:  332:  ((ah) > (bh) || ((ah) == (bh) && (al) >= (bl)))
        -:  333:
        -:  334:#define gt2(ah, al, bh, bl)                                             \
        -:  335:  ((ah) > (bh) || ((ah) == (bh) && (al) > (bl)))
        -:  336:
        -:  337:#ifndef sub_ddmmss
        -:  338:# define sub_ddmmss(rh, rl, ah, al, bh, bl)                             \
        -:  339:  do {                                                                  \
        -:  340:    uintmax_t _cy;                                                      \
        -:  341:    _cy = (al) < (bl);                                                  \
        -:  342:    (rl) = (al) - (bl);                                                 \
        -:  343:    (rh) = (ah) - (bh) - _cy;                                           \
        -:  344:  } while (0)
        -:  345:#endif
        -:  346:
        -:  347:#ifndef count_leading_zeros
        -:  348:# define count_leading_zeros(count, x) do {                             \
        -:  349:    uintmax_t __clz_x = (x);                                            \
        -:  350:    int __clz_c;                                                        \
        -:  351:    for (__clz_c = 0;                                                   \
        -:  352:         (__clz_x & ((uintmax_t) 0xff << (W_TYPE_SIZE - 8))) == 0;      \
        -:  353:         __clz_c += 8)                                                  \
        -:  354:      __clz_x <<= 8;                                                    \
        -:  355:    for (; (intmax_t)__clz_x >= 0; __clz_c++)                           \
        -:  356:      __clz_x <<= 1;                                                    \
        -:  357:    (count) = __clz_c;                                                  \
        -:  358:  } while (0)
        -:  359:#endif
        -:  360:
        -:  361:#ifndef count_trailing_zeros
        -:  362:# define count_trailing_zeros(count, x) do {                            \
        -:  363:    uintmax_t __ctz_x = (x);                                            \
        -:  364:    int __ctz_c = 0;                                                    \
        -:  365:    while ((__ctz_x & 1) == 0)                                          \
        -:  366:      {                                                                 \
        -:  367:        __ctz_x >>= 1;                                                  \
        -:  368:        __ctz_c++;                                                      \
        -:  369:      }                                                                 \
        -:  370:    (count) = __ctz_c;                                                  \
        -:  371:  } while (0)
        -:  372:#endif
        -:  373:
        -:  374:/* Requires that a < n and b <= n */
        -:  375:#define submod(r,a,b,n)                                                 \
        -:  376:  do {                                                                  \
        -:  377:    uintmax_t _t = - (uintmax_t) (a < b);                               \
        -:  378:    (r) = ((n) & _t) + (a) - (b);                                       \
        -:  379:  } while (0)
        -:  380:
        -:  381:#define addmod(r,a,b,n)                                                 \
        -:  382:  submod ((r), (a), ((n) - (b)), (n))
        -:  383:
        -:  384:/* Modular two-word addition and subtraction.  For performance reasons, the
        -:  385:   most significant bit of n1 must be clear.  The destination variables must be
        -:  386:   distinct from the mod operand.  */
        -:  387:#define addmod2(r1, r0, a1, a0, b1, b0, n1, n0)                         \
        -:  388:  do {                                                                  \
        -:  389:    add_ssaaaa ((r1), (r0), (a1), (a0), (b1), (b0));                    \
        -:  390:    if (ge2 ((r1), (r0), (n1), (n0)))                                   \
        -:  391:      sub_ddmmss ((r1), (r0), (r1), (r0), (n1), (n0));                  \
        -:  392:  } while (0)
        -:  393:#define submod2(r1, r0, a1, a0, b1, b0, n1, n0)                         \
        -:  394:  do {                                                                  \
        -:  395:    sub_ddmmss ((r1), (r0), (a1), (a0), (b1), (b0));                    \
        -:  396:    if ((intmax_t) (r1) < 0)                                            \
        -:  397:      add_ssaaaa ((r1), (r0), (r1), (r0), (n1), (n0));                  \
        -:  398:  } while (0)
        -:  399:
        -:  400:#define HIGHBIT_TO_MASK(x)                                              \
        -:  401:  (((intmax_t)-1 >> 1) < 0                                              \
        -:  402:   ? (uintmax_t)((intmax_t)(x) >> (W_TYPE_SIZE - 1))                    \
        -:  403:   : ((x) & ((uintmax_t) 1 << (W_TYPE_SIZE - 1))                        \
        -:  404:      ? UINTMAX_MAX : (uintmax_t) 0))
        -:  405:
        -:  406:/* Compute r = a mod d, where r = <*t1,retval>, a = <a1,a0>, d = <d1,d0>.
        -:  407:   Requires that d1 != 0.  */
        -:  408:static uintmax_t
function mod2 called 0 returned 0% blocks executed 0%
    #####:  409:mod2 (uintmax_t *r1, uintmax_t a1, uintmax_t a0, uintmax_t d1, uintmax_t d0)
        -:  410:{
        -:  411:  int cntd, cnta;
        -:  412:
    #####:  413:  affirm (d1 != 0);
branch  0 never executed
branch  1 never executed
call    2 never executed
        -:  414:
    #####:  415:  if (a1 == 0)
branch  0 never executed
branch  1 never executed
        -:  416:    {
    #####:  417:      *r1 = 0;
    #####:  418:      return a0;
        -:  419:    }
        -:  420:
    #####:  421:  count_leading_zeros (cntd, d1);
    #####:  422:  count_leading_zeros (cnta, a1);
    #####:  423:  int cnt = cntd - cnta;
    #####:  424:  lsh2 (d1, d0, d1, d0, cnt);
    #####:  425:  for (int i = 0; i < cnt; i++)
branch  0 never executed
branch  1 never executed
        -:  426:    {
    #####:  427:      if (ge2 (a1, a0, d1, d0))
branch  0 never executed
branch  1 never executed
branch  2 never executed
branch  3 never executed
branch  4 never executed
branch  5 never executed
    #####:  428:        sub_ddmmss (a1, a0, a1, a0, d1, d0);
    #####:  429:      rsh2 (d1, d0, d1, d0, 1);
        -:  430:    }
        -:  431:
    #####:  432:  *r1 = a1;
    #####:  433:  return a0;
        -:  434:}
        -:  435:
        -:  436:ATTRIBUTE_CONST
        -:  437:static uintmax_t
function gcd_odd called 0 returned 0% blocks executed 0%
    #####:  438:gcd_odd (uintmax_t a, uintmax_t b)
        -:  439:{
    #####:  440:  if ((b & 1) == 0)
branch  0 never executed
branch  1 never executed
        -:  441:    {
    #####:  442:      uintmax_t t = b;
    #####:  443:      b = a;
    #####:  444:      a = t;
        -:  445:    }
    #####:  446:  if (a == 0)
branch  0 never executed
branch  1 never executed
    #####:  447:    return b;
        -:  448:
        -:  449:  /* Take out least significant one bit, to make room for sign */
    #####:  450:  b >>= 1;
        -:  451:
        -:  452:  for (;;)
    #####:  453:    {
        -:  454:      uintmax_t t;
        -:  455:      uintmax_t bgta;
        -:  456:
    #####:  457:      while ((a & 1) == 0)
branch  0 never executed
branch  1 never executed
    #####:  458:        a >>= 1;
    #####:  459:      a >>= 1;
        -:  460:
    #####:  461:      t = a - b;
    #####:  462:      if (t == 0)
branch  0 never executed
branch  1 never executed
    #####:  463:        return (a << 1) + 1;
        -:  464:
    #####:  465:      bgta = HIGHBIT_TO_MASK (t);
        -:  466:
        -:  467:      /* b <-- min (a, b) */
    #####:  468:      b += (bgta & t);
        -:  469:
        -:  470:      /* a <-- |a - b| */
    #####:  471:      a = (t ^ bgta) - bgta;
        -:  472:    }
        -:  473:}
        -:  474:
        -:  475:static uintmax_t
function gcd2_odd called 0 returned 0% blocks executed 0%
    #####:  476:gcd2_odd (uintmax_t *r1, uintmax_t a1, uintmax_t a0, uintmax_t b1, uintmax_t b0)
        -:  477:{
    #####:  478:  affirm (b0 & 1);
branch  0 never executed
branch  1 never executed
call    2 never executed
        -:  479:
    #####:  480:  if ((a0 | a1) == 0)
branch  0 never executed
branch  1 never executed
        -:  481:    {
    #####:  482:      *r1 = b1;
    #####:  483:      return b0;
        -:  484:    }
        -:  485:
    #####:  486:  while ((a0 & 1) == 0)
branch  0 never executed
branch  1 never executed
    #####:  487:    rsh2 (a1, a0, a1, a0, 1);
        -:  488:
        -:  489:  for (;;)
        -:  490:    {
    #####:  491:      if ((b1 | a1) == 0)
branch  0 never executed
branch  1 never executed
        -:  492:        {
    #####:  493:          *r1 = 0;
    #####:  494:          return gcd_odd (b0, a0);
        -:  495:        }
        -:  496:
    #####:  497:      if (gt2 (a1, a0, b1, b0))
branch  0 never executed
branch  1 never executed
branch  2 never executed
branch  3 never executed
branch  4 never executed
branch  5 never executed
        -:  498:        {
    #####:  499:          sub_ddmmss (a1, a0, a1, a0, b1, b0);
        -:  500:          do
    #####:  501:            rsh2 (a1, a0, a1, a0, 1);
    #####:  502:          while ((a0 & 1) == 0);
branch  0 never executed
branch  1 never executed
        -:  503:        }
    #####:  504:      else if (gt2 (b1, b0, a1, a0))
branch  0 never executed
branch  1 never executed
branch  2 never executed
branch  3 never executed
branch  4 never executed
branch  5 never executed
        -:  505:        {
    #####:  506:          sub_ddmmss (b1, b0, b1, b0, a1, a0);
        -:  507:          do
    #####:  508:            rsh2 (b1, b0, b1, b0, 1);
    #####:  509:          while ((b0 & 1) == 0);
branch  0 never executed
branch  1 never executed
        -:  510:        }
        -:  511:      else
        -:  512:        break;
        -:  513:    }
        -:  514:
    #####:  515:  *r1 = a1;
    #####:  516:  return a0;
        -:  517:}
        -:  518:
        -:  519:static void
function factor_insert_multiplicity called 7 returned 100% blocks executed 77%
        7:  520:factor_insert_multiplicity (struct factors *factors,
        -:  521:                            uintmax_t prime, int m)
        -:  522:{
        7:  523:  int nfactors = factors->nfactors;
        7:  524:  uintmax_t *p = factors->p;
        7:  525:  unsigned char *e = factors->e;
        -:  526:
        -:  527:  /* Locate position for insert new or increment e.  */
        -:  528:  int i;
       7*:  529:  for (i = nfactors - 1; i >= 0; i--)
branch  0 taken 29%
branch  1 taken 71% (fallthrough)
        -:  530:    {
        2:  531:      if (p[i] <= prime)
branch  0 taken 100% (fallthrough)
branch  1 taken 0%
        2:  532:        break;
        -:  533:    }
        -:  534:
        7:  535:  if (i < 0 || p[i] != prime)
branch  0 taken 29% (fallthrough)
branch  1 taken 71%
branch  2 taken 100% (fallthrough)
branch  3 taken 0%
        -:  536:    {
       7*:  537:      for (int j = nfactors - 1; j > i; j--)
branch  0 taken 0%
branch  1 taken 100% (fallthrough)
        -:  538:        {
    #####:  539:          p[j + 1] = p[j];
    #####:  540:          e[j + 1] = e[j];
        -:  541:        }
        7:  542:      p[i + 1] = prime;
        7:  543:      e[i + 1] = m;
        7:  544:      factors->nfactors = nfactors + 1;
        -:  545:    }
        -:  546:  else
        -:  547:    {
    #####:  548:      e[i] += m;
        -:  549:    }
        7:  550:}
        -:  551:
        -:  552:#define factor_insert(f, p) factor_insert_multiplicity (f, p, 1)
        -:  553:
        -:  554:static void
function factor_insert_large called 1 returned 100% blocks executed 50%
        1:  555:factor_insert_large (struct factors *factors,
        -:  556:                     uintmax_t p1, uintmax_t p0)
        -:  557:{
        1:  558:  if (p1 > 0)
branch  0 taken 0% (fallthrough)
branch  1 taken 100%
        -:  559:    {
    #####:  560:      affirm (factors->plarge[1] == 0);
branch  0 never executed
branch  1 never executed
call    2 never executed
    #####:  561:      factors->plarge[0] = p0;
    #####:  562:      factors->plarge[1] = p1;
        -:  563:    }
        -:  564:  else
        1:  565:    factor_insert (factors, p0);
call    0 returned 100%
        1:  566:}
        -:  567:
        -:  568:#ifndef mpz_inits
        -:  569:
        -:  570:# include <stdarg.h>
        -:  571:
        -:  572:# define mpz_inits(...) mpz_va_init (mpz_init, __VA_ARGS__)
        -:  573:# define mpz_clears(...) mpz_va_init (mpz_clear, __VA_ARGS__)
        -:  574:
        -:  575:static void
function mpz_va_init called 0 returned 0% blocks executed 0%
    #####:  576:mpz_va_init (void (*mpz_single_init)(mpz_t), ...)
        -:  577:{
        -:  578:  va_list ap;
        -:  579:
    #####:  580:  va_start (ap, mpz_single_init);
        -:  581:
        -:  582:  mpz_t *mpz;
    #####:  583:  while ((mpz = va_arg (ap, mpz_t *)))
call    0 never executed
branch  1 never executed
branch  2 never executed
    #####:  584:    mpz_single_init (*mpz);
call    0 never executed
        -:  585:
    #####:  586:  va_end (ap);
    #####:  587:}
        -:  588:#endif
        -:  589:
        -:  590:static void mp_factor (mpz_t, struct mp_factors *);
        -:  591:
        -:  592:static void
function mp_factor_init called 0 returned 0% blocks executed 0%
    #####:  593:mp_factor_init (struct mp_factors *factors)
        -:  594:{
    #####:  595:  factors->p = nullptr;
    #####:  596:  factors->e = nullptr;
    #####:  597:  factors->nfactors = 0;
    #####:  598:}
        -:  599:
        -:  600:static void
function mp_factor_clear called 0 returned 0% blocks executed 0%
    #####:  601:mp_factor_clear (struct mp_factors *factors)
        -:  602:{
    #####:  603:  for (idx_t i = 0; i < factors->nfactors; i++)
branch  0 never executed
branch  1 never executed
    #####:  604:    mpz_clear (factors->p[i]);
call    0 never executed
        -:  605:
    #####:  606:  free (factors->p);
    #####:  607:  free (factors->e);
    #####:  608:}
        -:  609:
        -:  610:static void
function mp_factor_insert called 0 returned 0% blocks executed 0%
    #####:  611:mp_factor_insert (struct mp_factors *factors, mpz_t prime)
        -:  612:{
    #####:  613:  idx_t nfactors = factors->nfactors;
    #####:  614:  mpz_t *p = factors->p;
    #####:  615:  unsigned long int *e = factors->e;
        -:  616:  ptrdiff_t i;
        -:  617:
        -:  618:  /* Locate position for insert new or increment e.  */
    #####:  619:  for (i = nfactors - 1; i >= 0; i--)
branch  0 never executed
branch  1 never executed
        -:  620:    {
    #####:  621:      if (mpz_cmp (p[i], prime) <= 0)
call    0 never executed
branch  1 never executed
branch  2 never executed
    #####:  622:        break;
        -:  623:    }
        -:  624:
    #####:  625:  if (i < 0 || mpz_cmp (p[i], prime) != 0)
branch  0 never executed
branch  1 never executed
call    2 never executed
branch  3 never executed
branch  4 never executed
        -:  626:    {
    #####:  627:      p = xireallocarray (p, nfactors + 1, sizeof p[0]);
call    0 never executed
    #####:  628:      e = xireallocarray (e, nfactors + 1, sizeof e[0]);
call    0 never executed
        -:  629:
    #####:  630:      mpz_init (p[nfactors]);
call    0 never executed
    #####:  631:      for (long j = nfactors - 1; j > i; j--)
branch  0 never executed
branch  1 never executed
        -:  632:        {
    #####:  633:          mpz_set (p[j + 1], p[j]);
call    0 never executed
    #####:  634:          e[j + 1] = e[j];
        -:  635:        }
    #####:  636:      mpz_set (p[i + 1], prime);
call    0 never executed
    #####:  637:      e[i + 1] = 1;
        -:  638:
    #####:  639:      factors->p = p;
    #####:  640:      factors->e = e;
    #####:  641:      factors->nfactors = nfactors + 1;
        -:  642:    }
        -:  643:  else
        -:  644:    {
    #####:  645:      e[i] += 1;
        -:  646:    }
    #####:  647:}
        -:  648:
        -:  649:static void
function mp_factor_insert_ui called 0 returned 0% blocks executed 0%
    #####:  650:mp_factor_insert_ui (struct mp_factors *factors, unsigned long int prime)
        -:  651:{
        -:  652:  mpz_t pz;
        -:  653:
    #####:  654:  mpz_init_set_ui (pz, prime);
call    0 never executed
    #####:  655:  mp_factor_insert (factors, pz);
call    0 never executed
    #####:  656:  mpz_clear (pz);
call    0 never executed
    #####:  657:}
        -:  658:
        -:  659:
        -:  660:/* Number of bits in an uintmax_t.  */
        -:  661:enum { W = sizeof (uintmax_t) * CHAR_BIT };
        -:  662:
        -:  663:/* Verify that uintmax_t does not have holes in its representation.  */
        -:  664:static_assert (UINTMAX_MAX >> (W - 1) == 1);
        -:  665:
        -:  666:#define P(a,b,c,d) a,
        -:  667:static const unsigned char primes_diff[] = {
        -:  668:#include "primes.h"
        -:  669:0,0,0,0,0,0,0                           /* 7 sentinels for 8-way loop */
        -:  670:};
        -:  671:#undef P
        -:  672:
        -:  673:#define PRIMES_PTAB_ENTRIES \
        -:  674:  (sizeof (primes_diff) / sizeof (primes_diff[0]) - 8 + 1)
        -:  675:
        -:  676:#define P(a,b,c,d) b,
        -:  677:static const unsigned char primes_diff8[] = {
        -:  678:#include "primes.h"
        -:  679:0,0,0,0,0,0,0                           /* 7 sentinels for 8-way loop */
        -:  680:};
        -:  681:#undef P
        -:  682:
        -:  683:struct primes_dtab
        -:  684:{
        -:  685:  uintmax_t binv, lim;
        -:  686:};
        -:  687:
        -:  688:#define P(a,b,c,d) {c,d},
        -:  689:static const struct primes_dtab primes_dtab[] = {
        -:  690:#include "primes.h"
        -:  691:{1,0},{1,0},{1,0},{1,0},{1,0},{1,0},{1,0} /* 7 sentinels for 8-way loop */
        -:  692:};
        -:  693:#undef P
        -:  694:
        -:  695:/* Verify that uintmax_t is not wider than
        -:  696:   the integers used to generate primes.h.  */
        -:  697:static_assert (W <= WIDE_UINT_BITS);
        -:  698:
        -:  699:/* debugging for developers.  Enables devmsg().
        -:  700:   This flag is used only in the GMP code.  */
        -:  701:static bool dev_debug = false;
        -:  702:
        -:  703:/* Prove primality or run probabilistic tests.  */
        -:  704:static bool flag_prove_primality = PROVE_PRIMALITY;
        -:  705:
        -:  706:/* Number of Miller-Rabin tests to run when not proving primality.  */
        -:  707:#define MR_REPS 25
        -:  708:
        -:  709:static void
function factor_insert_refind called 1 returned 100% blocks executed 100%
        1:  710:factor_insert_refind (struct factors *factors, uintmax_t p, int i, int off)
        -:  711:{
        4:  712:  for (int j = 0; j < off; j++)
branch  0 taken 75%
branch  1 taken 25% (fallthrough)
        3:  713:    p += primes_diff[i + j];
        1:  714:  factor_insert (factors, p);
call    0 returned 100%
        1:  715:}
        -:  716:
        -:  717:/* Trial division with odd primes uses the following trick.
        -:  718:
        -:  719:   Let p be an odd prime, and B = 2^{W_TYPE_SIZE}.  For simplicity,
        -:  720:   consider the case t < B (this is the second loop below).
        -:  721:
        -:  722:   From our tables we get
        -:  723:
        -:  724:     binv = p^{-1} (mod B)
        -:  725:     lim = floor ((B-1) / p).
        -:  726:
        -:  727:   First assume that t is a multiple of p, t = q * p.  Then 0 <= q <= lim
        -:  728:   (and all quotients in this range occur for some t).
        -:  729:
        -:  730:   Then t = q * p is true also (mod B), and p is invertible we get
        -:  731:
        -:  732:     q = t * binv (mod B).
        -:  733:
        -:  734:   Next, assume that t is *not* divisible by p.  Since multiplication
        -:  735:   by binv (mod B) is a one-to-one mapping,
        -:  736:
        -:  737:     t * binv (mod B) > lim,
        -:  738:
        -:  739:   because all the smaller values are already taken.
        -:  740:
        -:  741:   This can be summed up by saying that the function
        -:  742:
        -:  743:     q(t) = binv * t (mod B)
        -:  744:
        -:  745:   is a permutation of the range 0 <= t < B, with the curious property
        -:  746:   that it maps the multiples of p onto the range 0 <= q <= lim, in
        -:  747:   order, and the non-multiples of p onto the range lim < q < B.
        -:  748: */
        -:  749:
        -:  750:static uintmax_t
function factor_using_division called 5 returned 100% blocks executed 65%
        5:  751:factor_using_division (uintmax_t *t1p, uintmax_t t1, uintmax_t t0,
        -:  752:                       struct factors *factors)
        -:  753:{
        5:  754:  if (t0 % 2 == 0)
branch  0 taken 100% (fallthrough)
branch  1 taken 0%
        -:  755:    {
        -:  756:      int cnt;
        -:  757:
        5:  758:      if (t0 == 0)
branch  0 taken 0% (fallthrough)
branch  1 taken 100%
        -:  759:        {
    #####:  760:          count_trailing_zeros (cnt, t1);
    #####:  761:          t0 = t1 >> cnt;
    #####:  762:          t1 = 0;
    #####:  763:          cnt += W_TYPE_SIZE;
        -:  764:        }
        -:  765:      else
        -:  766:        {
        5:  767:          count_trailing_zeros (cnt, t0);
        5:  768:          rsh2 (t1, t0, t1, t0, cnt);
        -:  769:        }
        -:  770:
        5:  771:      factor_insert_multiplicity (factors, 2, cnt);
call    0 returned 100%
        -:  772:    }
        -:  773:
        5:  774:  uintmax_t p = 3;
        -:  775:  idx_t i;
       5*:  776:  for (i = 0; t1 > 0 && i < PRIMES_PTAB_ENTRIES; i++)
branch  0 taken 0% (fallthrough)
branch  1 taken 100%
branch  2 never executed
branch  3 never executed
        -:  777:    {
        -:  778:      for (;;)
    #####:  779:        {
        -:  780:          uintmax_t q1, q0, hi;
        -:  781:          MAYBE_UNUSED uintmax_t lo;
        -:  782:
    #####:  783:          q0 = t0 * primes_dtab[i].binv;
    #####:  784:          umul_ppmm (hi, lo, q0, p);
    #####:  785:          if (hi > t1)
branch  0 never executed
branch  1 never executed
    #####:  786:            break;
    #####:  787:          hi = t1 - hi;
    #####:  788:          q1 = hi * primes_dtab[i].binv;
    #####:  789:          if (LIKELY (q1 > primes_dtab[i].lim))
branch  0 never executed
branch  1 never executed
    #####:  790:            break;
    #####:  791:          t1 = q1; t0 = q0;
    #####:  792:          factor_insert (factors, p);
call    0 never executed
        -:  793:        }
    #####:  794:      p += primes_diff[i + 1];
        -:  795:    }
        5:  796:  if (t1p)
branch  0 taken 100% (fallthrough)
branch  1 taken 0%
        5:  797:    *t1p = t1;
        -:  798:
        -:  799:#define DIVBLOCK(I)                                                     \
        -:  800:  do {                                                                  \
        -:  801:    for (;;)                                                            \
        -:  802:      {                                                                 \
        -:  803:        q = t0 * pd[I].binv;                                            \
        -:  804:        if (LIKELY (q > pd[I].lim))                                     \
        -:  805:          break;                                                        \
        -:  806:        t0 = q;                                                         \
        -:  807:        factor_insert_refind (factors, p, i + 1, I);                    \
        -:  808:      }                                                                 \
        -:  809:  } while (0)
        -:  810:
       5*:  811:  for (; i < PRIMES_PTAB_ENTRIES; i += 8)
branch  0 taken 100%
branch  1 taken 0% (fallthrough)
        -:  812:    {
        -:  813:      uintmax_t q;
        5:  814:      const struct primes_dtab *pd = &primes_dtab[i];
       5*:  815:      DIVBLOCK (0);
branch  0 taken 100% (fallthrough)
branch  1 taken 0%
call    2 never executed
       5*:  816:      DIVBLOCK (1);
branch  0 taken 100% (fallthrough)
branch  1 taken 0%
call    2 never executed
       5*:  817:      DIVBLOCK (2);
branch  0 taken 100% (fallthrough)
branch  1 taken 0%
call    2 never executed
        6:  818:      DIVBLOCK (3);
branch  0 taken 83% (fallthrough)
branch  1 taken 17%
call    2 returned 100%
       5*:  819:      DIVBLOCK (4);
branch  0 taken 100% (fallthrough)
branch  1 taken 0%
call    2 never executed
       5*:  820:      DIVBLOCK (5);
branch  0 taken 100% (fallthrough)
branch  1 taken 0%
call    2 never executed
       5*:  821:      DIVBLOCK (6);
branch  0 taken 100% (fallthrough)
branch  1 taken 0%
call    2 never executed
       5*:  822:      DIVBLOCK (7);
branch  0 taken 100% (fallthrough)
branch  1 taken 0%
call    2 never executed
        -:  823:
        5:  824:      p += primes_diff8[i];
        5:  825:      if (p * p > t0)
branch  0 taken 100% (fallthrough)
branch  1 taken 0%
        5:  826:        break;
        -:  827:    }
        -:  828:
        5:  829:  return t0;
        -:  830:}
        -:  831:
        -:  832:static void
function mp_factor_using_division called 0 returned 0% blocks executed 0%
    #####:  833:mp_factor_using_division (mpz_t t, struct mp_factors *factors)
        -:  834:{
        -:  835:  mpz_t q;
        -:  836:  mp_bitcnt_t p;
        -:  837:
    #####:  838:  devmsg ("[trial division] ");
branch  0 never executed
branch  1 never executed
call    2 never executed
        -:  839:
    #####:  840:  mpz_init (q);
call    0 never executed
        -:  841:
    #####:  842:  p = mpz_scan1 (t, 0);
call    0 never executed
    #####:  843:  mpz_fdiv_q_2exp (t, t, p);
call    0 never executed
    #####:  844:  while (p)
branch  0 never executed
branch  1 never executed
        -:  845:    {
    #####:  846:      mp_factor_insert_ui (factors, 2);
call    0 never executed
    #####:  847:      --p;
        -:  848:    }
        -:  849:
    #####:  850:  unsigned long int d = 3;
    #####:  851:  for (idx_t i = 1; i <= PRIMES_PTAB_ENTRIES;)
branch  0 never executed
branch  1 never executed
        -:  852:    {
    #####:  853:      if (! mpz_divisible_ui_p (t, d))
call    0 never executed
branch  1 never executed
branch  2 never executed
        -:  854:        {
    #####:  855:          d += primes_diff[i++];
    #####:  856:          if (mpz_cmp_ui (t, d * d) < 0)
call    0 never executed
branch  1 never executed
branch  2 never executed
    #####:  857:            break;
        -:  858:        }
        -:  859:      else
        -:  860:        {
    #####:  861:          mpz_tdiv_q_ui (t, t, d);
call    0 never executed
    #####:  862:          mp_factor_insert_ui (factors, d);
call    0 never executed
        -:  863:        }
        -:  864:    }
        -:  865:
    #####:  866:  mpz_clear (q);
call    0 never executed
    #####:  867:}
        -:  868:
        -:  869:/* Entry i contains (2i+1)^(-1) mod 2^8.  */
        -:  870:static const unsigned char  binvert_table[128] =
        -:  871:{
        -:  872:  0x01, 0xAB, 0xCD, 0xB7, 0x39, 0xA3, 0xC5, 0xEF,
        -:  873:  0xF1, 0x1B, 0x3D, 0xA7, 0x29, 0x13, 0x35, 0xDF,
        -:  874:  0xE1, 0x8B, 0xAD, 0x97, 0x19, 0x83, 0xA5, 0xCF,
        -:  875:  0xD1, 0xFB, 0x1D, 0x87, 0x09, 0xF3, 0x15, 0xBF,
        -:  876:  0xC1, 0x6B, 0x8D, 0x77, 0xF9, 0x63, 0x85, 0xAF,
        -:  877:  0xB1, 0xDB, 0xFD, 0x67, 0xE9, 0xD3, 0xF5, 0x9F,
        -:  878:  0xA1, 0x4B, 0x6D, 0x57, 0xD9, 0x43, 0x65, 0x8F,
        -:  879:  0x91, 0xBB, 0xDD, 0x47, 0xC9, 0xB3, 0xD5, 0x7F,
        -:  880:  0x81, 0x2B, 0x4D, 0x37, 0xB9, 0x23, 0x45, 0x6F,
        -:  881:  0x71, 0x9B, 0xBD, 0x27, 0xA9, 0x93, 0xB5, 0x5F,
        -:  882:  0x61, 0x0B, 0x2D, 0x17, 0x99, 0x03, 0x25, 0x4F,
        -:  883:  0x51, 0x7B, 0x9D, 0x07, 0x89, 0x73, 0x95, 0x3F,
        -:  884:  0x41, 0xEB, 0x0D, 0xF7, 0x79, 0xE3, 0x05, 0x2F,
        -:  885:  0x31, 0x5B, 0x7D, 0xE7, 0x69, 0x53, 0x75, 0x1F,
        -:  886:  0x21, 0xCB, 0xED, 0xD7, 0x59, 0xC3, 0xE5, 0x0F,
        -:  887:  0x11, 0x3B, 0x5D, 0xC7, 0x49, 0x33, 0x55, 0xFF
        -:  888:};
        -:  889:
        -:  890:/* Compute n^(-1) mod B, using a Newton iteration.  */
        -:  891:#define binv(inv,n)                                                     \
        -:  892:  do {                                                                  \
        -:  893:    uintmax_t  __n = (n);                                               \
        -:  894:    uintmax_t  __inv;                                                   \
        -:  895:                                                                        \
        -:  896:    __inv = binvert_table[(__n / 2) & 0x7F]; /*  8 */                   \
        -:  897:    if (W_TYPE_SIZE > 8)   __inv = 2 * __inv - __inv * __inv * __n;     \
        -:  898:    if (W_TYPE_SIZE > 16)  __inv = 2 * __inv - __inv * __inv * __n;     \
        -:  899:    if (W_TYPE_SIZE > 32)  __inv = 2 * __inv - __inv * __inv * __n;     \
        -:  900:                                                                        \
        -:  901:    if (W_TYPE_SIZE > 64)                                               \
        -:  902:      {                                                                 \
        -:  903:        int  __invbits = 64;                                            \
        -:  904:        do {                                                            \
        -:  905:          __inv = 2 * __inv - __inv * __inv * __n;                      \
        -:  906:          __invbits *= 2;                                               \
        -:  907:        } while (__invbits < W_TYPE_SIZE);                              \
        -:  908:      }                                                                 \
        -:  909:                                                                        \
        -:  910:    (inv) = __inv;                                                      \
        -:  911:  } while (0)
        -:  912:
        -:  913:/* q = u / d, assuming d|u.  */
        -:  914:#define divexact_21(q1, q0, u1, u0, d)                                  \
        -:  915:  do {                                                                  \
        -:  916:    uintmax_t _di, _q0;                                                 \
        -:  917:    binv (_di, (d));                                                    \
        -:  918:    _q0 = (u0) * _di;                                                   \
        -:  919:    if ((u1) >= (d))                                                    \
        -:  920:      {                                                                 \
        -:  921:        uintmax_t _p1;                                                  \
        -:  922:        MAYBE_UNUSED intmax_t _p0;                                      \
        -:  923:        umul_ppmm (_p1, _p0, _q0, d);                                   \
        -:  924:        (q1) = ((u1) - _p1) * _di;                                      \
        -:  925:        (q0) = _q0;                                                     \
        -:  926:      }                                                                 \
        -:  927:    else                                                                \
        -:  928:      {                                                                 \
        -:  929:        (q0) = _q0;                                                     \
        -:  930:        (q1) = 0;                                                       \
        -:  931:      }                                                                 \
        -:  932:  } while (0)
        -:  933:
        -:  934:/* x B (mod n).  */
        -:  935:#define redcify(r_prim, r, n)                                           \
        -:  936:  do {                                                                  \
        -:  937:    MAYBE_UNUSED uintmax_t _redcify_q;					\
        -:  938:    udiv_qrnnd (_redcify_q, r_prim, r, 0, n);                           \
        -:  939:  } while (0)
        -:  940:
        -:  941:/* x B^2 (mod n).  Requires x > 0, n1 < B/2.  */
        -:  942:#define redcify2(r1, r0, x, n1, n0)                                     \
        -:  943:  do {                                                                  \
        -:  944:    uintmax_t _r1, _r0, _i;                                             \
        -:  945:    if ((x) < (n1))                                                     \
        -:  946:      {                                                                 \
        -:  947:        _r1 = (x); _r0 = 0;                                             \
        -:  948:        _i = W_TYPE_SIZE;                                               \
        -:  949:      }                                                                 \
        -:  950:    else                                                                \
        -:  951:      {                                                                 \
        -:  952:        _r1 = 0; _r0 = (x);                                             \
        -:  953:        _i = 2 * W_TYPE_SIZE;                                           \
        -:  954:      }                                                                 \
        -:  955:    while (_i-- > 0)                                                    \
        -:  956:      {                                                                 \
        -:  957:        lsh2 (_r1, _r0, _r1, _r0, 1);                                   \
        -:  958:        if (ge2 (_r1, _r0, (n1), (n0)))                                 \
        -:  959:          sub_ddmmss (_r1, _r0, _r1, _r0, (n1), (n0));                  \
        -:  960:      }                                                                 \
        -:  961:    (r1) = _r1;                                                         \
        -:  962:    (r0) = _r0;                                                         \
        -:  963:  } while (0)
        -:  964:
        -:  965:/* Modular two-word multiplication, r = a * b mod m, with mi = m^(-1) mod B.
        -:  966:   Both a and b must be in redc form, the result will be in redc form too.  */
        -:  967:static inline uintmax_t
function mulredc called 0 returned 0% blocks executed 0%
    #####:  968:mulredc (uintmax_t a, uintmax_t b, uintmax_t m, uintmax_t mi)
        -:  969:{
        -:  970:  uintmax_t rh, rl, q, th, xh;
        -:  971:  MAYBE_UNUSED uintmax_t tl;
        -:  972:
    #####:  973:  umul_ppmm (rh, rl, a, b);
    #####:  974:  q = rl * mi;
    #####:  975:  umul_ppmm (th, tl, q, m);
    #####:  976:  xh = rh - th;
    #####:  977:  if (rh < th)
branch  0 never executed
branch  1 never executed
    #####:  978:    xh += m;
        -:  979:
    #####:  980:  return xh;
        -:  981:}
        -:  982:
        -:  983:/* Modular two-word multiplication, r = a * b mod m, with mi = m^(-1) mod B.
        -:  984:   Both a and b must be in redc form, the result will be in redc form too.
        -:  985:   For performance reasons, the most significant bit of m must be clear.  */
        -:  986:static uintmax_t
function mulredc2 called 0 returned 0% blocks executed 0%
    #####:  987:mulredc2 (uintmax_t *r1p,
        -:  988:          uintmax_t a1, uintmax_t a0, uintmax_t b1, uintmax_t b0,
        -:  989:          uintmax_t m1, uintmax_t m0, uintmax_t mi)
        -:  990:{
        -:  991:  uintmax_t r1, r0, q, p1, t1, t0, s1, s0;
        -:  992:  MAYBE_UNUSED uintmax_t p0;
    #####:  993:  mi = -mi;
    #####:  994:  affirm ((a1 >> (W_TYPE_SIZE - 1)) == 0);
branch  0 never executed
branch  1 never executed
call    2 never executed
    #####:  995:  affirm ((b1 >> (W_TYPE_SIZE - 1)) == 0);
branch  0 never executed
branch  1 never executed
call    2 never executed
    #####:  996:  affirm ((m1 >> (W_TYPE_SIZE - 1)) == 0);
branch  0 never executed
branch  1 never executed
call    2 never executed
        -:  997:
        -:  998:  /* First compute a0 * <b1, b0> B^{-1}
        -:  999:        +-----+
        -: 1000:        |a0 b0|
        -: 1001:     +--+--+--+
        -: 1002:     |a0 b1|
        -: 1003:     +--+--+--+
        -: 1004:        |q0 m0|
        -: 1005:     +--+--+--+
        -: 1006:     |q0 m1|
        -: 1007:    -+--+--+--+
        -: 1008:     |r1|r0| 0|
        -: 1009:     +--+--+--+
        -: 1010:  */
    #####: 1011:  umul_ppmm (t1, t0, a0, b0);
    #####: 1012:  umul_ppmm (r1, r0, a0, b1);
    #####: 1013:  q = mi * t0;
    #####: 1014:  umul_ppmm (p1, p0, q, m0);
    #####: 1015:  umul_ppmm (s1, s0, q, m1);
    #####: 1016:  r0 += (t0 != 0); /* Carry */
    #####: 1017:  add_ssaaaa (r1, r0, r1, r0, 0, p1);
    #####: 1018:  add_ssaaaa (r1, r0, r1, r0, 0, t1);
    #####: 1019:  add_ssaaaa (r1, r0, r1, r0, s1, s0);
        -: 1020:
        -: 1021:  /* Next, (a1 * <b1, b0> + <r1, r0> B^{-1}
        -: 1022:        +-----+
        -: 1023:        |a1 b0|
        -: 1024:        +--+--+
        -: 1025:        |r1|r0|
        -: 1026:     +--+--+--+
        -: 1027:     |a1 b1|
        -: 1028:     +--+--+--+
        -: 1029:        |q1 m0|
        -: 1030:     +--+--+--+
        -: 1031:     |q1 m1|
        -: 1032:    -+--+--+--+
        -: 1033:     |r1|r0| 0|
        -: 1034:     +--+--+--+
        -: 1035:  */
    #####: 1036:  umul_ppmm (t1, t0, a1, b0);
    #####: 1037:  umul_ppmm (s1, s0, a1, b1);
    #####: 1038:  add_ssaaaa (t1, t0, t1, t0, 0, r0);
    #####: 1039:  q = mi * t0;
    #####: 1040:  add_ssaaaa (r1, r0, s1, s0, 0, r1);
    #####: 1041:  umul_ppmm (p1, p0, q, m0);
    #####: 1042:  umul_ppmm (s1, s0, q, m1);
    #####: 1043:  r0 += (t0 != 0); /* Carry */
    #####: 1044:  add_ssaaaa (r1, r0, r1, r0, 0, p1);
    #####: 1045:  add_ssaaaa (r1, r0, r1, r0, 0, t1);
    #####: 1046:  add_ssaaaa (r1, r0, r1, r0, s1, s0);
        -: 1047:
    #####: 1048:  if (ge2 (r1, r0, m1, m0))
branch  0 never executed
branch  1 never executed
branch  2 never executed
branch  3 never executed
branch  4 never executed
branch  5 never executed
    #####: 1049:    sub_ddmmss (r1, r0, r1, r0, m1, m0);
        -: 1050:
    #####: 1051:  *r1p = r1;
    #####: 1052:  return r0;
        -: 1053:}
        -: 1054:
        -: 1055:ATTRIBUTE_CONST
        -: 1056:static uintmax_t
function powm called 0 returned 0% blocks executed 0%
    #####: 1057:powm (uintmax_t b, uintmax_t e, uintmax_t n, uintmax_t ni, uintmax_t one)
        -: 1058:{
    #####: 1059:  uintmax_t y = one;
        -: 1060:
    #####: 1061:  if (e & 1)
branch  0 never executed
branch  1 never executed
    #####: 1062:    y = b;
        -: 1063:
    #####: 1064:  while (e != 0)
branch  0 never executed
branch  1 never executed
        -: 1065:    {
    #####: 1066:      b = mulredc (b, b, n, ni);
call    0 never executed
    #####: 1067:      e >>= 1;
        -: 1068:
    #####: 1069:      if (e & 1)
branch  0 never executed
branch  1 never executed
    #####: 1070:        y = mulredc (y, b, n, ni);
call    0 never executed
        -: 1071:    }
        -: 1072:
    #####: 1073:  return y;
        -: 1074:}
        -: 1075:
        -: 1076:static uintmax_t
function powm2 called 0 returned 0% blocks executed 0%
    #####: 1077:powm2 (uintmax_t *r1m,
        -: 1078:       const uintmax_t *bp, const uintmax_t *ep, const uintmax_t *np,
        -: 1079:       uintmax_t ni, const uintmax_t *one)
        -: 1080:{
        -: 1081:  uintmax_t r1, r0, b1, b0, n1, n0;
        -: 1082:  int i;
        -: 1083:  uintmax_t e;
        -: 1084:
    #####: 1085:  b0 = bp[0];
    #####: 1086:  b1 = bp[1];
    #####: 1087:  n0 = np[0];
    #####: 1088:  n1 = np[1];
        -: 1089:
    #####: 1090:  r0 = one[0];
    #####: 1091:  r1 = one[1];
        -: 1092:
    #####: 1093:  for (e = ep[0], i = W_TYPE_SIZE; i > 0; i--, e >>= 1)
branch  0 never executed
branch  1 never executed
        -: 1094:    {
    #####: 1095:      if (e & 1)
branch  0 never executed
branch  1 never executed
        -: 1096:        {
    #####: 1097:          r0 = mulredc2 (r1m, r1, r0, b1, b0, n1, n0, ni);
call    0 never executed
    #####: 1098:          r1 = *r1m;
        -: 1099:        }
    #####: 1100:      b0 = mulredc2 (r1m, b1, b0, b1, b0, n1, n0, ni);
call    0 never executed
    #####: 1101:      b1 = *r1m;
        -: 1102:    }
    #####: 1103:  for (e = ep[1]; e > 0; e >>= 1)
branch  0 never executed
branch  1 never executed
        -: 1104:    {
    #####: 1105:      if (e & 1)
branch  0 never executed
branch  1 never executed
        -: 1106:        {
    #####: 1107:          r0 = mulredc2 (r1m, r1, r0, b1, b0, n1, n0, ni);
call    0 never executed
    #####: 1108:          r1 = *r1m;
        -: 1109:        }
    #####: 1110:      b0 = mulredc2 (r1m, b1, b0, b1, b0, n1, n0, ni);
call    0 never executed
    #####: 1111:      b1 = *r1m;
        -: 1112:    }
    #####: 1113:  *r1m = r1;
    #####: 1114:  return r0;
        -: 1115:}
        -: 1116:
        -: 1117:ATTRIBUTE_CONST
        -: 1118:static bool
function millerrabin called 0 returned 0% blocks executed 0%
    #####: 1119:millerrabin (uintmax_t n, uintmax_t ni, uintmax_t b, uintmax_t q,
        -: 1120:             int k, uintmax_t one)
        -: 1121:{
    #####: 1122:  uintmax_t y = powm (b, q, n, ni, one);
        -: 1123:
    #####: 1124:  uintmax_t nm1 = n - one;      /* -1, but in redc representation.  */
        -: 1125:
    #####: 1126:  if (y == one || y == nm1)
branch  0 never executed
branch  1 never executed
branch  2 never executed
branch  3 never executed
    #####: 1127:    return true;
        -: 1128:
    #####: 1129:  for (int i = 1; i < k; i++)
branch  0 never executed
branch  1 never executed
        -: 1130:    {
    #####: 1131:      y = mulredc (y, y, n, ni);
call    0 never executed
        -: 1132:
    #####: 1133:      if (y == nm1)
branch  0 never executed
branch  1 never executed
    #####: 1134:        return true;
    #####: 1135:      if (y == one)
branch  0 never executed
branch  1 never executed
    #####: 1136:        return false;
        -: 1137:    }
    #####: 1138:  return false;
        -: 1139:}
        -: 1140:
        -: 1141:ATTRIBUTE_PURE static bool
function millerrabin2 called 0 returned 0% blocks executed 0%
    #####: 1142:millerrabin2 (const uintmax_t *np, uintmax_t ni, const uintmax_t *bp,
        -: 1143:              const uintmax_t *qp, int k, const uintmax_t *one)
        -: 1144:{
        -: 1145:  uintmax_t y1, y0, nm1_1, nm1_0, r1m;
        -: 1146:
    #####: 1147:  y0 = powm2 (&r1m, bp, qp, np, ni, one);
call    0 never executed
    #####: 1148:  y1 = r1m;
        -: 1149:
    #####: 1150:  if (y0 == one[0] && y1 == one[1])
branch  0 never executed
branch  1 never executed
branch  2 never executed
branch  3 never executed
    #####: 1151:    return true;
        -: 1152:
    #####: 1153:  sub_ddmmss (nm1_1, nm1_0, np[1], np[0], one[1], one[0]);
        -: 1154:
    #####: 1155:  if (y0 == nm1_0 && y1 == nm1_1)
branch  0 never executed
branch  1 never executed
branch  2 never executed
branch  3 never executed
    #####: 1156:    return true;
        -: 1157:
    #####: 1158:  for (int i = 1; i < k; i++)
branch  0 never executed
branch  1 never executed
        -: 1159:    {
    #####: 1160:      y0 = mulredc2 (&r1m, y1, y0, y1, y0, np[1], np[0], ni);
call    0 never executed
    #####: 1161:      y1 = r1m;
        -: 1162:
    #####: 1163:      if (y0 == nm1_0 && y1 == nm1_1)
branch  0 never executed
branch  1 never executed
branch  2 never executed
branch  3 never executed
    #####: 1164:        return true;
    #####: 1165:      if (y0 == one[0] && y1 == one[1])
branch  0 never executed
branch  1 never executed
branch  2 never executed
branch  3 never executed
    #####: 1166:        return false;
        -: 1167:    }
    #####: 1168:  return false;
        -: 1169:}
        -: 1170:
        -: 1171:static bool
function mp_millerrabin called 0 returned 0% blocks executed 0%
    #####: 1172:mp_millerrabin (mpz_srcptr n, mpz_srcptr nm1, mpz_ptr x, mpz_ptr y,
        -: 1173:                mpz_srcptr q, mp_bitcnt_t k)
        -: 1174:{
    #####: 1175:  mpz_powm (y, x, q, n);
call    0 never executed
        -: 1176:
    #####: 1177:  if (mpz_cmp_ui (y, 1) == 0 || mpz_cmp (y, nm1) == 0)
call    0 never executed
branch  1 never executed
branch  2 never executed
call    3 never executed
branch  4 never executed
branch  5 never executed
    #####: 1178:    return true;
        -: 1179:
    #####: 1180:  for (mp_bitcnt_t i = 1; i < k; i++)
branch  0 never executed
branch  1 never executed
        -: 1181:    {
    #####: 1182:      mpz_powm_ui (y, y, 2, n);
call    0 never executed
    #####: 1183:      if (mpz_cmp (y, nm1) == 0)
call    0 never executed
branch  1 never executed
branch  2 never executed
    #####: 1184:        return true;
    #####: 1185:      if (mpz_cmp_ui (y, 1) == 0)
call    0 never executed
branch  1 never executed
branch  2 never executed
    #####: 1186:        return false;
        -: 1187:    }
    #####: 1188:  return false;
        -: 1189:}
        -: 1190:
        -: 1191:/* Lucas' prime test.  The number of iterations vary greatly, up to a few dozen
        -: 1192:   have been observed.  The average seem to be about 2.  */
        -: 1193:static bool ATTRIBUTE_PURE
function prime_p called 1 returned 100% blocks executed 10%
        1: 1194:prime_p (uintmax_t n)
        -: 1195:{
        -: 1196:  mp_bitcnt_t k;
        -: 1197:  bool is_prime;
        -: 1198:  uintmax_t a_prim, one, ni;
        -: 1199:  struct factors factors;
        -: 1200:
        1: 1201:  if (n <= 1)
branch  0 taken 0% (fallthrough)
branch  1 taken 100%
       1*: 1202:    return false;
        -: 1203:
        -: 1204:  /* We have already cast out small primes.  */
        1: 1205:  if (n < (uintmax_t) FIRST_OMITTED_PRIME * FIRST_OMITTED_PRIME)
branch  0 taken 100% (fallthrough)
branch  1 taken 0%
        1: 1206:    return true;
        -: 1207:
        -: 1208:  /* Precomputation for Miller-Rabin.  */
    #####: 1209:  uintmax_t q = n - 1;
    #####: 1210:  for (k = 0; (q & 1) == 0; k++)
branch  0 never executed
branch  1 never executed
    #####: 1211:    q >>= 1;
        -: 1212:
    #####: 1213:  uintmax_t a = 2;
    #####: 1214:  binv (ni, n);                 /* ni <- 1/n mod B */
    #####: 1215:  redcify (one, 1, n);
branch  0 never executed
branch  1 never executed
call    2 never executed
branch  3 never executed
branch  4 never executed
branch  5 never executed
branch  6 never executed
branch  7 never executed
branch  8 never executed
branch  9 never executed
branch 10 never executed
    #####: 1216:  addmod (a_prim, one, one, n); /* i.e., redcify a = 2 */
        -: 1217:
        -: 1218:  /* Perform a Miller-Rabin test, finds most composites quickly.  */
    #####: 1219:  if (!millerrabin (n, ni, a_prim, q, k, one))
branch  0 never executed
branch  1 never executed
    #####: 1220:    return false;
        -: 1221:
    #####: 1222:  if (flag_prove_primality)
branch  0 never executed
branch  1 never executed
        -: 1223:    {
        -: 1224:      /* Factor n-1 for Lucas.  */
    #####: 1225:      factor (0, n - 1, &factors);
call    0 never executed
        -: 1226:    }
        -: 1227:
        -: 1228:  /* Loop until Lucas proves our number prime, or Miller-Rabin proves our
        -: 1229:     number composite.  */
    #####: 1230:  for (idx_t r = 0; r < PRIMES_PTAB_ENTRIES; r++)
branch  0 never executed
branch  1 never executed
        -: 1231:    {
    #####: 1232:      if (flag_prove_primality)
branch  0 never executed
branch  1 never executed
        -: 1233:        {
    #####: 1234:          is_prime = true;
    #####: 1235:          for (int i = 0; i < factors.nfactors && is_prime; i++)
branch  0 never executed
branch  1 never executed
branch  2 never executed
branch  3 never executed
        -: 1236:            {
        -: 1237:              is_prime
    #####: 1238:                = powm (a_prim, (n - 1) / factors.p[i], n, ni, one) != one;
        -: 1239:            }
        -: 1240:        }
        -: 1241:      else
        -: 1242:        {
        -: 1243:          /* After enough Miller-Rabin runs, be content.  */
    #####: 1244:          is_prime = (r == MR_REPS - 1);
        -: 1245:        }
        -: 1246:
    #####: 1247:      if (is_prime)
branch  0 never executed
branch  1 never executed
    #####: 1248:        return true;
        -: 1249:
    #####: 1250:      a += primes_diff[r];      /* Establish new base.  */
        -: 1251:
        -: 1252:      /* The following is equivalent to redcify (a_prim, a, n).  It runs faster
        -: 1253:         on most processors, since it avoids udiv_qrnnd.  If we go down the
        -: 1254:         udiv_qrnnd_preinv path, this code should be replaced.  */
        -: 1255:      {
        -: 1256:        uintmax_t s1, s0;
    #####: 1257:        umul_ppmm (s1, s0, one, a);
    #####: 1258:        if (LIKELY (s1 == 0))
branch  0 never executed
branch  1 never executed
    #####: 1259:          a_prim = s0 % n;
        -: 1260:        else
        -: 1261:          {
        -: 1262:            MAYBE_UNUSED uintmax_t dummy;
    #####: 1263:            udiv_qrnnd (dummy, a_prim, s1, s0, n);
branch  0 never executed
branch  1 never executed
call    2 never executed
branch  3 never executed
branch  4 never executed
branch  5 never executed
branch  6 never executed
branch  7 never executed
branch  8 never executed
branch  9 never executed
branch 10 never executed
        -: 1264:          }
        -: 1265:      }
        -: 1266:
    #####: 1267:      if (!millerrabin (n, ni, a_prim, q, k, one))
branch  0 never executed
branch  1 never executed
    #####: 1268:        return false;
        -: 1269:    }
        -: 1270:
    #####: 1271:  affirm (!"Lucas prime test failure.  This should not happen");
call    0 never executed
        -: 1272:}
        -: 1273:
        -: 1274:static bool ATTRIBUTE_PURE
function prime2_p called 1 returned 100% blocks executed 5%
        1: 1275:prime2_p (uintmax_t n1, uintmax_t n0)
        -: 1276:{
        -: 1277:  uintmax_t q[2], nm1[2];
        -: 1278:  uintmax_t a_prim[2];
        -: 1279:  uintmax_t one[2];
        -: 1280:  uintmax_t na[2];
        -: 1281:  uintmax_t ni;
        -: 1282:  int k;
        -: 1283:  struct factors factors;
        -: 1284:
        1: 1285:  if (n1 == 0)
branch  0 taken 100% (fallthrough)
branch  1 taken 0%
        1: 1286:    return prime_p (n0);
        -: 1287:
    #####: 1288:  nm1[1] = n1 - (n0 == 0);
    #####: 1289:  nm1[0] = n0 - 1;
    #####: 1290:  if (nm1[0] == 0)
branch  0 never executed
branch  1 never executed
        -: 1291:    {
    #####: 1292:      count_trailing_zeros (k, nm1[1]);
        -: 1293:
    #####: 1294:      q[0] = nm1[1] >> k;
    #####: 1295:      q[1] = 0;
    #####: 1296:      k += W_TYPE_SIZE;
        -: 1297:    }
        -: 1298:  else
        -: 1299:    {
    #####: 1300:      count_trailing_zeros (k, nm1[0]);
    #####: 1301:      rsh2 (q[1], q[0], nm1[1], nm1[0], k);
        -: 1302:    }
        -: 1303:
    #####: 1304:  uintmax_t a = 2;
    #####: 1305:  binv (ni, n0);
    #####: 1306:  redcify2 (one[1], one[0], 1, n1, n0);
branch  0 never executed
branch  1 never executed
branch  2 never executed
branch  3 never executed
branch  4 never executed
branch  5 never executed
branch  6 never executed
branch  7 never executed
branch  8 never executed
branch  9 never executed
    #####: 1307:  addmod2 (a_prim[1], a_prim[0], one[1], one[0], one[1], one[0], n1, n0);
branch  0 never executed
branch  1 never executed
branch  2 never executed
branch  3 never executed
branch  4 never executed
branch  5 never executed
        -: 1308:
        -: 1309:  /* FIXME: Use scalars or pointers in arguments?  Some consistency needed.  */
    #####: 1310:  na[0] = n0;
    #####: 1311:  na[1] = n1;
        -: 1312:
    #####: 1313:  if (!millerrabin2 (na, ni, a_prim, q, k, one))
branch  0 never executed
branch  1 never executed
    #####: 1314:    return false;
        -: 1315:
    #####: 1316:  if (flag_prove_primality)
branch  0 never executed
branch  1 never executed
        -: 1317:    {
        -: 1318:      /* Factor n-1 for Lucas.  */
    #####: 1319:      factor (nm1[1], nm1[0], &factors);
call    0 never executed
        -: 1320:    }
        -: 1321:
        -: 1322:  /* Loop until Lucas proves our number prime, or Miller-Rabin proves our
        -: 1323:     number composite.  */
    #####: 1324:  for (idx_t r = 0; r < PRIMES_PTAB_ENTRIES; r++)
branch  0 never executed
branch  1 never executed
        -: 1325:    {
        -: 1326:      bool is_prime;
        -: 1327:      uintmax_t e[2], y[2];
        -: 1328:
    #####: 1329:      if (flag_prove_primality)
branch  0 never executed
branch  1 never executed
        -: 1330:        {
    #####: 1331:          is_prime = true;
    #####: 1332:          if (factors.plarge[1])
branch  0 never executed
branch  1 never executed
        -: 1333:            {
        -: 1334:              uintmax_t pi;
    #####: 1335:              binv (pi, factors.plarge[0]);
    #####: 1336:              e[0] = pi * nm1[0];
    #####: 1337:              e[1] = 0;
    #####: 1338:              y[0] = powm2 (&y[1], a_prim, e, na, ni, one);
call    0 never executed
    #####: 1339:              is_prime = (y[0] != one[0] || y[1] != one[1]);
branch  0 never executed
branch  1 never executed
branch  2 never executed
branch  3 never executed
        -: 1340:            }
    #####: 1341:          for (int i = 0; i < factors.nfactors && is_prime; i++)
branch  0 never executed
branch  1 never executed
branch  2 never executed
branch  3 never executed
        -: 1342:            {
        -: 1343:              /* FIXME: We always have the factor 2.  Do we really need to
        -: 1344:                 handle it here?  We have done the same powering as part
        -: 1345:                 of millerrabin.  */
    #####: 1346:              if (factors.p[i] == 2)
branch  0 never executed
branch  1 never executed
    #####: 1347:                rsh2 (e[1], e[0], nm1[1], nm1[0], 1);
        -: 1348:              else
    #####: 1349:                divexact_21 (e[1], e[0], nm1[1], nm1[0], factors.p[i]);
branch  0 never executed
branch  1 never executed
    #####: 1350:              y[0] = powm2 (&y[1], a_prim, e, na, ni, one);
call    0 never executed
    #####: 1351:              is_prime = (y[0] != one[0] || y[1] != one[1]);
branch  0 never executed
branch  1 never executed
branch  2 never executed
branch  3 never executed
        -: 1352:            }
        -: 1353:        }
        -: 1354:      else
        -: 1355:        {
        -: 1356:          /* After enough Miller-Rabin runs, be content.  */
    #####: 1357:          is_prime = (r == MR_REPS - 1);
        -: 1358:        }
        -: 1359:
    #####: 1360:      if (is_prime)
branch  0 never executed
branch  1 never executed
    #####: 1361:        return true;
        -: 1362:
    #####: 1363:      a += primes_diff[r];      /* Establish new base.  */
    #####: 1364:      redcify2 (a_prim[1], a_prim[0], a, n1, n0);
branch  0 never executed
branch  1 never executed
branch  2 never executed
branch  3 never executed
branch  4 never executed
branch  5 never executed
branch  6 never executed
branch  7 never executed
branch  8 never executed
branch  9 never executed
        -: 1365:
    #####: 1366:      if (!millerrabin2 (na, ni, a_prim, q, k, one))
branch  0 never executed
branch  1 never executed
    #####: 1367:        return false;
        -: 1368:    }
        -: 1369:
    #####: 1370:  affirm (!"Lucas prime test failure.  This should not happen");
call    0 never executed
        -: 1371:}
        -: 1372:
        -: 1373:static bool
function mp_prime_p called 0 returned 0% blocks executed 0%
    #####: 1374:mp_prime_p (mpz_t n)
        -: 1375:{
        -: 1376:  bool is_prime;
        -: 1377:  mpz_t q, a, nm1, tmp;
        -: 1378:  struct mp_factors factors;
        -: 1379:
    #####: 1380:  if (mpz_cmp_ui (n, 1) <= 0)
call    0 never executed
branch  1 never executed
branch  2 never executed
    #####: 1381:    return false;
        -: 1382:
        -: 1383:  /* We have already cast out small primes.  */
    #####: 1384:  if (mpz_cmp_ui (n, (long) FIRST_OMITTED_PRIME * FIRST_OMITTED_PRIME) < 0)
call    0 never executed
branch  1 never executed
branch  2 never executed
    #####: 1385:    return true;
        -: 1386:
    #####: 1387:  mpz_inits (q, a, nm1, tmp, nullptr);
call    0 never executed
        -: 1388:
        -: 1389:  /* Precomputation for Miller-Rabin.  */
    #####: 1390:  mpz_sub_ui (nm1, n, 1);
call    0 never executed
        -: 1391:
        -: 1392:  /* Find q and k, where q is odd and n = 1 + 2**k * q.  */
    #####: 1393:  mp_bitcnt_t k = mpz_scan1 (nm1, 0);
call    0 never executed
    #####: 1394:  mpz_tdiv_q_2exp (q, nm1, k);
call    0 never executed
        -: 1395:
    #####: 1396:  mpz_set_ui (a, 2);
call    0 never executed
        -: 1397:
        -: 1398:  /* Perform a Miller-Rabin test, finds most composites quickly.  */
    #####: 1399:  if (!mp_millerrabin (n, nm1, a, tmp, q, k))
call    0 never executed
branch  1 never executed
branch  2 never executed
        -: 1400:    {
    #####: 1401:      is_prime = false;
    #####: 1402:      goto ret2;
        -: 1403:    }
        -: 1404:
    #####: 1405:  if (flag_prove_primality)
branch  0 never executed
branch  1 never executed
        -: 1406:    {
        -: 1407:      /* Factor n-1 for Lucas.  */
    #####: 1408:      mpz_set (tmp, nm1);
call    0 never executed
    #####: 1409:      mp_factor (tmp, &factors);
call    0 never executed
        -: 1410:    }
        -: 1411:
        -: 1412:  /* Loop until Lucas proves our number prime, or Miller-Rabin proves our
        -: 1413:     number composite.  */
    #####: 1414:  for (idx_t r = 0; r < PRIMES_PTAB_ENTRIES; r++)
branch  0 never executed
branch  1 never executed
        -: 1415:    {
    #####: 1416:      if (flag_prove_primality)
branch  0 never executed
branch  1 never executed
        -: 1417:        {
    #####: 1418:          is_prime = true;
    #####: 1419:          for (idx_t i = 0; i < factors.nfactors && is_prime; i++)
branch  0 never executed
branch  1 never executed
branch  2 never executed
branch  3 never executed
        -: 1420:            {
    #####: 1421:              mpz_divexact (tmp, nm1, factors.p[i]);
call    0 never executed
    #####: 1422:              mpz_powm (tmp, a, tmp, n);
call    0 never executed
    #####: 1423:              is_prime = mpz_cmp_ui (tmp, 1) != 0;
call    0 never executed
        -: 1424:            }
        -: 1425:        }
        -: 1426:      else
        -: 1427:        {
        -: 1428:          /* After enough Miller-Rabin runs, be content.  */
    #####: 1429:          is_prime = (r == MR_REPS - 1);
        -: 1430:        }
        -: 1431:
    #####: 1432:      if (is_prime)
branch  0 never executed
branch  1 never executed
    #####: 1433:        goto ret1;
        -: 1434:
    #####: 1435:      mpz_add_ui (a, a, primes_diff[r]);        /* Establish new base.  */
call    0 never executed
        -: 1436:
    #####: 1437:      if (!mp_millerrabin (n, nm1, a, tmp, q, k))
call    0 never executed
branch  1 never executed
branch  2 never executed
        -: 1438:        {
    #####: 1439:          is_prime = false;
    #####: 1440:          goto ret1;
        -: 1441:        }
        -: 1442:    }
        -: 1443:
    #####: 1444:  affirm (!"Lucas prime test failure.  This should not happen");
call    0 never executed
        -: 1445:
    #####: 1446: ret1:
    #####: 1447:  if (flag_prove_primality)
branch  0 never executed
branch  1 never executed
    #####: 1448:    mp_factor_clear (&factors);
call    0 never executed
    #####: 1449: ret2:
    #####: 1450:  mpz_clears (q, a, nm1, tmp, nullptr);
call    0 never executed
        -: 1451:
    #####: 1452:  return is_prime;
        -: 1453:}
        -: 1454:
        -: 1455:static void
function factor_using_pollard_rho called 0 returned 0% blocks executed 0%
    #####: 1456:factor_using_pollard_rho (uintmax_t n, unsigned long int a,
[...]
       34: 2268:strto2uintmax (uintmax_t *hip, uintmax_t *lop, char const *s)
        -: 2269:{
        -: 2270:  int lo_carry;
       34: 2271:  uintmax_t hi = 0, lo = 0;
        -: 2272:
       34: 2273:  strtol_error err = LONGINT_INVALID;
        -: 2274:
        -: 2275:  /* Initial scan for invalid digits.  */
       34: 2276:  char const *p = s;
        -: 2277:  for (;;)
        8: 2278:    {
       42: 2279:      unsigned char c = *p++;
       42: 2280:      if (c == 0)
branch  0 taken 31% (fallthrough)
branch  1 taken 69%
       13: 2281:        break;
        -: 2282:
       29: 2283:      if (UNLIKELY (!ISDIGIT (c)))
branch  0 taken 72% (fallthrough)
branch  1 taken 28%
        -: 2284:        {
       21: 2285:          err = LONGINT_INVALID;
       21: 2286:          break;
        -: 2287:        }
        -: 2288:
        8: 2289:      err = LONGINT_OK;           /* we've seen at least one valid digit */
        -: 2290:    }
        -: 2291:
       42: 2292:  while (err == LONGINT_OK)
branch  0 taken 33%
branch  1 taken 67% (fallthrough)
        -: 2293:    {
       14: 2294:      unsigned char c = *s++;
       14: 2295:      if (c == 0)
branch  0 taken 43% (fallthrough)
branch  1 taken 57%
        6: 2296:        break;
        -: 2297:
        8: 2298:      c -= '0';
        -: 2299:
        8: 2300:      if (UNLIKELY (hi > ~(uintmax_t)0 / 10))
branch  0 taken 0% (fallthrough)
branch  1 taken 100%
        -: 2301:        {
    #####: 2302:          err = LONGINT_OVERFLOW;
    #####: 2303:          break;
        -: 2304:        }
        8: 2305:      hi = 10 * hi;
        -: 2306:
        8: 2307:      lo_carry = (lo >> (W_TYPE_SIZE - 3)) + (lo >> (W_TYPE_SIZE - 1));
        8: 2308:      lo_carry += 10 * lo < 2 * lo;
        -: 2309:
        8: 2310:      lo = 10 * lo;
        8: 2311:      lo += c;
        -: 2312:
        8: 2313:      lo_carry += lo < c;
        8: 2314:      hi += lo_carry;
        8: 2315:      if (UNLIKELY (hi < lo_carry))
branch  0 taken 0% (fallthrough)
branch  1 taken 100%
        -: 2316:        {
    #####: 2317:          err = LONGINT_OVERFLOW;
    #####: 2318:          break;
        -: 2319:        }
        -: 2320:    }
        -: 2321:
       34: 2322:  *hip = hi;
       34: 2323:  *lop = lo;
        -: 2324:
       34: 2325:  return err;
        -: 2326:}
        -: 2327:
        -: 2328:/* Structure and routines for buffering and outputting full lines,
        -: 2329:   to support parallel operation efficiently.  */
        -: 2330:static struct lbuf_
        -: 2331:{
        -: 2332:  char *buf;
        -: 2333:  char *end;
        -: 2334:} lbuf;
        -: 2335:
        -: 2336:/* 512 is chosen to give good performance,
        -: 2337:   and also is the max guaranteed size that
        -: 2338:   consumers can read atomically through pipes.
        -: 2339:   Also it's big enough to cater for max line length
        -: 2340:   even with 128 bit uintmax_t.  */
        -: 2341:#define FACTOR_PIPE_BUF 512
        -: 2342:
        -: 2343:static void
function lbuf_alloc called 31 returned 100% blocks executed 80%
       31: 2344:lbuf_alloc (void)
        -: 2345:{
       31: 2346:  if (lbuf.buf)
branch  0 taken 0% (fallthrough)
branch  1 taken 100%
    #####: 2347:    return;
        -: 2348:
        -: 2349:  /* Double to ensure enough space for
        -: 2350:     previous numbers + next number.  */
       31: 2351:  lbuf.buf = xmalloc (FACTOR_PIPE_BUF * 2);
call    0 returned 100%
       31: 2352:  lbuf.end = lbuf.buf;
        -: 2353:}
        -: 2354:
        -: 2355:/* Write complete LBUF to standard output.  */
        -: 2356:static void
function lbuf_flush called 36 returned 100% blocks executed 75%
       36: 2357:lbuf_flush (void)
        -: 2358:{
       36: 2359:  size_t size = lbuf.end - lbuf.buf;
       36: 2360:  if (full_write (STDOUT_FILENO, lbuf.buf, size) != size)
call    0 returned 100%
branch  1 taken 0% (fallthrough)
branch  2 taken 100%
    #####: 2361:    write_error ();
call    0 never executed
       36: 2362:  lbuf.end = lbuf.buf;
       36: 2363:}
        -: 2364:
        -: 2365:/* Add a character C to LBUF and if it's a newline
        -: 2366:   and enough bytes are already buffered,
        -: 2367:   then write atomically to standard output.  */
        -: 2368:static void
function lbuf_putc called 19 returned 100% blocks executed 76%
       19: 2369:lbuf_putc (char c)
        -: 2370:{
       19: 2371:  *lbuf.end++ = c;
        -: 2372:
       19: 2373:  if (c == '\n')
branch  0 taken 32% (fallthrough)
branch  1 taken 68%
        -: 2374:    {
        6: 2375:      size_t buffered = lbuf.end - lbuf.buf;
        -: 2376:
        -: 2377:      /* Provide immediate output for interactive use.  */
        -: 2378:      static int line_buffered = -1;
        6: 2379:      if (line_buffered == -1)
branch  0 taken 100% (fallthrough)
branch  1 taken 0%
        6: 2380:        line_buffered = isatty (STDIN_FILENO) || isatty (STDOUT_FILENO);
call    0 returned 100%
branch  1 taken 33% (fallthrough)
branch  2 taken 67%
call    3 returned 100%
branch  4 taken 50% (fallthrough)
branch  5 taken 50%
        6: 2381:      if (line_buffered)
branch  0 taken 83% (fallthrough)
branch  1 taken 17%
        5: 2382:        lbuf_flush ();
call    0 returned 100%
        1: 2383:      else if (buffered >= FACTOR_PIPE_BUF)
branch  0 taken 0% (fallthrough)
branch  1 taken 100%
        -: 2384:        {
        -: 2385:          /* Write output in <= PIPE_BUF chunks
        -: 2386:             so consumers can read atomically.  */
    #####: 2387:          char const *tend = lbuf.end;
        -: 2388:
        -: 2389:          /* Since a umaxint_t's factors must fit in 512
        -: 2390:             we're guaranteed to find a newline here.  */
    #####: 2391:          char *tlend = lbuf.buf + FACTOR_PIPE_BUF;
    #####: 2392:          while (*--tlend != '\n');
branch  0 never executed
branch  1 never executed
    #####: 2393:          tlend++;
        -: 2394:
    #####: 2395:          lbuf.end = tlend;
    #####: 2396:          lbuf_flush ();
call    0 never executed
        -: 2397:
        -: 2398:          /* Buffer the remainder.  */
    #####: 2399:          memcpy (lbuf.buf, tlend, tend - tlend);
    #####: 2400:          lbuf.end = lbuf.buf + (tend - tlend);
        -: 2401:        }
        -: 2402:    }
       19: 2403:}
        -: 2404:
        -: 2405:/* Buffer an int to the internal LBUF.  */
        -: 2406:static void
function lbuf_putint called 13 returned 100% blocks executed 80%
       13: 2407:lbuf_putint (uintmax_t i, size_t min_width)
        -: 2408:{
        -: 2409:  char buf[INT_BUFSIZE_BOUND (uintmax_t)];
       13: 2410:  char const *umaxstr = umaxtostr (i, buf);
call    0 returned 100%
       13: 2411:  size_t width = sizeof (buf) - (umaxstr - buf) - 1;
       13: 2412:  size_t z = width;
        -: 2413:
      13*: 2414:  for (; z < min_width; z++)
branch  0 taken 0%
branch  1 taken 100% (fallthrough)
    #####: 2415:    *lbuf.end++ = '0';
        -: 2416:
       13: 2417:  memcpy (lbuf.end, umaxstr, width);
       13: 2418:  lbuf.end += width;
       13: 2419:}
        -: 2420:
        -: 2421:static void
function print_uintmaxes called 13 returned 100% blocks executed 21%
       13: 2422:print_uintmaxes (uintmax_t t1, uintmax_t t0)
        -: 2423:{
        -: 2424:  uintmax_t q, r;
        -: 2425:
       13: 2426:  if (t1 == 0)
branch  0 taken 100% (fallthrough)
branch  1 taken 0%
       13: 2427:    lbuf_putint (t0, 0);
call    0 returned 100%
        -: 2428:  else
        -: 2429:    {
        -: 2430:      /* Use very plain code here since it seems hard to write fast code
        -: 2431:         without assuming a specific word size.  */
    #####: 2432:      q = t1 / 1000000000;
    #####: 2433:      r = t1 % 1000000000;
    #####: 2434:      udiv_qrnnd (t0, r, r, t0, 1000000000);
branch  0 never executed
branch  1 never executed
call    2 never executed
branch  3 never executed
branch  4 never executed
branch  5 never executed
branch  6 never executed
branch  7 never executed
branch  8 never executed
branch  9 never executed
branch 10 never executed
    #####: 2435:      print_uintmaxes (q, t0);
call    0 never executed
    #####: 2436:      lbuf_putint (r, 9);
call    0 never executed
        -: 2437:    }
       13: 2438:}
        -: 2439:
        -: 2440:/* Single-precision factoring */
        -: 2441:static void
function print_factors_single called 6 returned 100% blocks executed 71%
        6: 2442:print_factors_single (uintmax_t t1, uintmax_t t0)
        -: 2443:{
        -: 2444:  struct factors factors;
        -: 2445:
        6: 2446:  print_uintmaxes (t1, t0);
call    0 returned 100%
        6: 2447:  lbuf_putc (':');
call    0 returned 100%
        -: 2448:
        6: 2449:  factor (t1, t0, &factors);
call    0 returned 100%
        -: 2450:
       13: 2451:  for (int j = 0; j < factors.nfactors; j++)
branch  0 taken 54%
branch  1 taken 46% (fallthrough)
       14: 2452:    for (int k = 0; k < factors.e[j]; k++)
branch  0 taken 50%
branch  1 taken 50% (fallthrough)
        -: 2453:      {
        7: 2454:        lbuf_putc (' ');
call    0 returned 100%
        7: 2455:        print_uintmaxes (0, factors.p[j]);
call    0 returned 100%
       7*: 2456:        if (print_exponents && factors.e[j] > 1)
branch  0 taken 0% (fallthrough)
branch  1 taken 100%
branch  2 never executed
branch  3 never executed
        -: 2457:          {
    #####: 2458:            lbuf_putc ('^');
call    0 never executed
    #####: 2459:            lbuf_putint (factors.e[j], 0);
call    0 never executed
    #####: 2460:            break;
        -: 2461:          }
        -: 2462:      }
        -: 2463:
        6: 2464:  if (factors.plarge[1])
branch  0 taken 0% (fallthrough)
branch  1 taken 100%
        -: 2465:    {
    #####: 2466:      lbuf_putc (' ');
call    0 never executed
    #####: 2467:      print_uintmaxes (factors.plarge[1], factors.plarge[0]);
call    0 never executed
        -: 2468:    }
        -: 2469:
        6: 2470:  lbuf_putc ('\n');
call    0 returned 100%
        6: 2471:}
        -: 2472:
        -: 2473:/* Emit the factors of the indicated number.  If we have the option of using
        -: 2474:   either algorithm, we select on the basis of the length of the number.
        -: 2475:   For longer numbers, we prefer the MP algorithm even if the native algorithm
        -: 2476:   has enough digits, because the algorithm is better.  The turnover point
        -: 2477:   depends on the value.  */
        -: 2478:static bool
function print_factors called 34 returned 100% blocks executed 38%
       34: 2479:print_factors (char const *input)
        -: 2480:{
        -: 2481:  /* Skip initial spaces and '+'.  */
       34: 2482:  char const *str = input;
       64: 2483:  while (*str == ' ')
branch  0 taken 47%
branch  1 taken 53% (fallthrough)
       30: 2484:    str++;
       34: 2485:  str += *str == '+';
        -: 2486:
        -: 2487:  uintmax_t t1, t0;
        -: 2488:
        -: 2489:  /* Try converting the number to one or two words.  If it fails, use GMP or
        -: 2490:     print an error message.  The 2nd condition checks that the most
        -: 2491:     significant bit of the two-word number is clear, in a typesize neutral
        -: 2492:     way.  */
       34: 2493:  strtol_error err = strto2uintmax (&t1, &t0, str);
call    0 returned 100%
        -: 2494:
       34: 2495:  switch (err)
branch  0 taken 18%
branch  1 taken 0%
branch  2 taken 82%
        -: 2496:    {
        6: 2497:    case LONGINT_OK:
        6: 2498:      if (((t1 << 1) >> 1) == t1)
branch  0 taken 100% (fallthrough)
branch  1 taken 0%
        -: 2499:        {
       6*: 2500:          devmsg ("[using single-precision arithmetic] ");
branch  0 taken 0% (fallthrough)
branch  1 taken 100%
call    2 never executed
        6: 2501:          print_factors_single (t1, t0);
call    0 returned 100%
        6: 2502:          return true;
        -: 2503:        }
    #####: 2504:      break;
        -: 2505:
    #####: 2506:    case LONGINT_OVERFLOW:
        -: 2507:      /* Try GMP.  */
    #####: 2508:      break;
        -: 2509:
       28: 2510:    default:
       28: 2511:      error (0, 0, _("%s is not a valid positive integer"), quote (input));
call    0 returned 100%
       28: 2512:      return false;
        -: 2513:    }
        -: 2514:
    #####: 2515:  devmsg ("[using arbitrary-precision arithmetic] ");
branch  0 never executed
branch  1 never executed
call    2 never executed
        -: 2516:  mpz_t t;
        -: 2517:  struct mp_factors factors;
        -: 2518:
    #####: 2519:  mpz_init_set_str (t, str, 10);
call    0 never executed
        -: 2520:
    #####: 2521:  mpz_out_str (stdout, 10, t);
call    0 never executed
    #####: 2522:  putchar (':');
call    0 never executed
    #####: 2523:  mp_factor (t, &factors);
call    0 never executed
        -: 2524:
    #####: 2525:  for (idx_t j = 0; j < factors.nfactors; j++)
branch  0 never executed
branch  1 never executed
    #####: 2526:    for (unsigned long int k = 0; k < factors.e[j]; k++)
branch  0 never executed
branch  1 never executed
        -: 2527:      {
    #####: 2528:        putchar (' ');
call    0 never executed
    #####: 2529:        mpz_out_str (stdout, 10, factors.p[j]);
call    0 never executed
    #####: 2530:        if (print_exponents && factors.e[j] > 1)
branch  0 never executed
branch  1 never executed
branch  2 never executed
branch  3 never executed
        -: 2531:          {
    #####: 2532:            printf ("^%lu", factors.e[j]);
call    0 never executed
    #####: 2533:            break;
        -: 2534:          }
        -: 2535:      }
        -: 2536:
    #####: 2537:  mp_factor_clear (&factors);
call    0 never executed
    #####: 2538:  mpz_clear (t);
call    0 never executed
    #####: 2539:  putchar ('\n');
call    0 never executed
    #####: 2540:  fflush (stdout);
call    0 never executed
    #####: 2541:  return true;
        -: 2542:}
        -: 2543:
        -: 2544:void
function usage called 1 returned 0% blocks executed 33%
        1: 2545:usage (int status)
        -: 2546:{
        1: 2547:  if (status != EXIT_SUCCESS)
branch  0 taken 100% (fallthrough)
branch  1 taken 0%
        1: 2548:    emit_try_help ();
call    0 returned 100%
        -: 2549:  else
        -: 2550:    {
    #####: 2551:      printf (_("\
call    0 never executed
        -: 2552:Usage: %s [OPTION] [NUMBER]...\n\
        -: 2553:"),
        -: 2554:              program_name);
    #####: 2555:      fputs (_("\
call    0 never executed
        -: 2556:Print the prime factors of each specified integer NUMBER.  If none\n\
        -: 2557:are specified on the command line, read them from standard input.\n\
        -: 2558:\n\
        -: 2559:"), stdout);
    #####: 2560:      fputs ("\
call    0 never executed
        -: 2561:  -h, --exponents   print repeated factors in form p^e unless e is 1\n\
        -: 2562:", stdout);
    #####: 2563:      fputs (HELP_OPTION_DESCRIPTION, stdout);
call    0 never executed
    #####: 2564:      fputs (VERSION_OPTION_DESCRIPTION, stdout);
call    0 never executed
    #####: 2565:      emit_ancillary_info (PROGRAM_NAME);
call    0 never executed
        -: 2566:    }
        1: 2567:  exit (status);
        -: 2568:}
        -: 2569:
        -: 2570:static bool
function do_stdin called 1 returned 100% blocks executed 71%
        1: 2571:do_stdin (void)
        -: 2572:{
        1: 2573:  bool ok = true;
        -: 2574:  token_buffer tokenbuffer;
        -: 2575:
        1: 2576:  init_tokenbuffer (&tokenbuffer);
call    0 returned 100%
        -: 2577:
        -: 2578:  while (true)
        1: 2579:    {
        2: 2580:      size_t token_length = readtoken (stdin, DELIM, sizeof (DELIM) - 1,
call    0 returned 100%
        -: 2581:                                       &tokenbuffer);
        2: 2582:      if (token_length == (size_t) -1)
branch  0 taken 50% (fallthrough)
branch  1 taken 50%
        -: 2583:        {
        1: 2584:          if (ferror (stdin))
call    0 returned 100%
branch  1 taken 0% (fallthrough)
branch  2 taken 100%
    #####: 2585:            error (EXIT_FAILURE, errno, _("error reading input"));
call    0 never executed
        1: 2586:          break;
        -: 2587:        }
        -: 2588:
        1: 2589:      ok &= print_factors (tokenbuffer.buffer);
call    0 returned 100%
        -: 2590:    }
        1: 2591:  free (tokenbuffer.buffer);
        -: 2592:
        1: 2593:  return ok;
        -: 2594:}
        -: 2595:
        -: 2596:int
function main called 31 returned 97% blocks executed 71%
       31: 2597:main (int argc, char **argv)
        -: 2598:{
        -: 2599:  initialize_main (&argc, &argv);
       31: 2600:  set_program_name (argv[0]);
call    0 returned 100%
       31: 2601:  setlocale (LC_ALL, "");
call    0 returned 100%
        -: 2602:  bindtextdomain (PACKAGE, LOCALEDIR);
        -: 2603:  textdomain (PACKAGE);
        -: 2604:
       31: 2605:  lbuf_alloc ();
call    0 returned 100%
       31: 2606:  atexit (close_stdout);
call    0 returned 100%
       31: 2607:  atexit (lbuf_flush);
call    0 returned 100%
        -: 2608:
        -: 2609:  int c;
       31: 2610:  while ((c = getopt_long (argc, argv, "h", long_options, nullptr)) != -1)
call    0 returned 100%
branch  1 taken 3%
branch  2 taken 97% (fallthrough)
        -: 2611:    {
        1: 2612:      switch (c)
branch  0 taken 0%
branch  1 taken 0%
branch  2 taken 0%
branch  3 taken 0%
branch  4 taken 100%
        -: 2613:        {
    #####: 2614:        case 'h':  /* NetBSD used -h for this functionality first.  */
    #####: 2615:          print_exponents = true;
    #####: 2616:          break;
        -: 2617:
    #####: 2618:        case DEV_DEBUG_OPTION:
    #####: 2619:          dev_debug = true;
    #####: 2620:          break;
        -: 2621:
    #####: 2622:        case_GETOPT_HELP_CHAR;
call    0 never executed
        -: 2623:
    #####: 2624:        case_GETOPT_VERSION_CHAR (PROGRAM_NAME, AUTHORS);
call    0 never executed
call    1 never executed
call    2 never executed
call    3 never executed
call    4 never executed
        -: 2625:
        1: 2626:        default:
        1: 2627:          usage (EXIT_FAILURE);
call    0 returned 0%
        -: 2628:        }
        -: 2629:    }
        -: 2630:
        -: 2631:#if STAT_SQUFOF
        -: 2632:  memset (q_freq, 0, sizeof (q_freq));
        -: 2633:#endif
        -: 2634:
        -: 2635:  bool ok;
       30: 2636:  if (argc <= optind)
branch  0 taken 3% (fallthrough)
branch  1 taken 97%
        1: 2637:    ok = do_stdin ();
call    0 returned 100%
        -: 2638:  else
        -: 2639:    {
       29: 2640:      ok = true;
       62: 2641:      for (int i = optind; i < argc; i++)
branch  0 taken 53%
branch  1 taken 47% (fallthrough)
       33: 2642:        if (! print_factors (argv[i]))
call    0 returned 100%
branch  1 taken 82% (fallthrough)
branch  2 taken 18%
       27: 2643:          ok = false;
        -: 2644:    }
        -: 2645:
        -: 2646:#if STAT_SQUFOF
        -: 2647:  if (q_freq[0] > 0)
        -: 2648:    {
        -: 2649:      double acc_f;
        -: 2650:      printf ("q  freq.  cum. freq.(total: %d)\n", q_freq[0]);
        -: 2651:      for (int i = 1, acc_f = 0.0; i <= Q_FREQ_SIZE; i++)
        -: 2652:        {
        -: 2653:          double f = (double) q_freq[i] / q_freq[0];
        -: 2654:          acc_f += f;
        -: 2655:          printf ("%s%d %.2f%% %.2f%%\n", i == Q_FREQ_SIZE ? ">=" : "", i,
        -: 2656:                  100.0 * f, 100.0 * acc_f);
        -: 2657:        }
        -: 2658:    }
        -: 2659:#endif
        -: 2660:
       30: 2661:  return ok ? EXIT_SUCCESS : EXIT_FAILURE;
        -: 2662:}
