        -:    0:Source:src/ls.c
        -:    0:Graph:ls.gcno
        -:    0:Data:ls.gcda
        -:    0:Runs:2
        -:    1:/* 'dir', 'vdir' and 'ls' directory listing programs for GNU.
        -:    2:   Copyright (C) 1985-2023 Free Software Foundation, Inc.
        -:    3:
        -:    4:   This program is free software: you can redistribute it and/or modify
        -:    5:   it under the terms of the GNU General Public License as published by
        -:    6:   the Free Software Foundation, either version 3 of the License, or
        -:    7:   (at your option) any later version.
        -:    8:
        -:    9:   This program is distributed in the hope that it will be useful,
        -:   10:   but WITHOUT ANY WARRANTY; without even the implied warranty of
        -:   11:   MERCHANTABILITY or FITNESS FOR A PARTICULAR PURPOSE.  See the
        -:   12:   GNU General Public License for more details.
        -:   13:
        -:   14:   You should have received a copy of the GNU General Public License
        -:   15:   along with this program.  If not, see <https://www.gnu.org/licenses/>.  */
        -:   16:
        -:   17:/* If ls_mode is LS_MULTI_COL,
        -:   18:   the multi-column format is the default regardless
        -:   19:   of the type of output device.
        -:   20:   This is for the 'dir' program.
        -:   21:
        -:   22:   If ls_mode is LS_LONG_FORMAT,
        -:   23:   the long format is the default regardless of the
        -:   24:   type of output device.
        -:   25:   This is for the 'vdir' program.
        -:   26:
        -:   27:   If ls_mode is LS_LS,
        -:   28:   the output format depends on whether the output
        -:   29:   device is a terminal.
        -:   30:   This is for the 'ls' program.  */
        -:   31:
        -:   32:/* Written by Richard Stallman and David MacKenzie.  */
        -:   33:
        -:   34:/* Color support by Peter Anvin <Peter.Anvin@linux.org> and Dennis
        -:   35:   Flaherty <dennisf@denix.elk.miles.com> based on original patches by
        -:   36:   Greg Lee <lee@uhunix.uhcc.hawaii.edu>.  */
        -:   37:
        -:   38:#include <config.h>
        -:   39:#include <sys/types.h>
        -:   40:
        -:   41:#include <termios.h>
        -:   42:#if HAVE_STROPTS_H
        -:   43:# include <stropts.h>
        -:   44:#endif
        -:   45:#include <sys/ioctl.h>
        -:   46:
        -:   47:#ifdef WINSIZE_IN_PTEM
        -:   48:# include <sys/stream.h>
        -:   49:# include <sys/ptem.h>
        -:   50:#endif
        -:   51:
        -:   52:#include <stdio.h>
        -:   53:#include <setjmp.h>
        -:   54:#include <pwd.h>
        -:   55:#include <getopt.h>
        -:   56:#include <signal.h>
        -:   57:#include <selinux/selinux.h>
        -:   58:#include <wchar.h>
        -:   59:
        -:   60:#if HAVE_LANGINFO_CODESET
        -:   61:# include <langinfo.h>
        -:   62:#endif
        -:   63:
        -:   64:/* Use SA_NOCLDSTOP as a proxy for whether the sigaction machinery is
        -:   65:   present.  */
        -:   66:#ifndef SA_NOCLDSTOP
        -:   67:# define SA_NOCLDSTOP 0
        -:   68:# define sigprocmask(How, Set, Oset) /* empty */
        -:   69:# define sigset_t int
        -:   70:# if ! HAVE_SIGINTERRUPT
        -:   71:#  define siginterrupt(sig, flag) /* empty */
        -:   72:# endif
        -:   73:#endif
        -:   74:
        -:   75:/* NonStop circa 2011 lacks both SA_RESTART and siginterrupt, so don't
        -:   76:   restart syscalls after a signal handler fires.  This may cause
        -:   77:   colors to get messed up on the screen if 'ls' is interrupted, but
        -:   78:   that's the best we can do on such a platform.  */
        -:   79:#ifndef SA_RESTART
        -:   80:# define SA_RESTART 0
        -:   81:#endif
        -:   82:
        -:   83:#include "system.h"
        -:   84:#include <fnmatch.h>
        -:   85:
        -:   86:#include "acl.h"
        -:   87:#include "argmatch.h"
        -:   88:#include "assure.h"
        -:   89:#include "c-strcase.h"
        -:   90:#include "dev-ino.h"
        -:   91:#include "filenamecat.h"
        -:   92:#include "hard-locale.h"
        -:   93:#include "hash.h"
        -:   94:#include "human.h"
        -:   95:#include "filemode.h"
        -:   96:#include "filevercmp.h"
        -:   97:#include "idcache.h"
        -:   98:#include "ls.h"
        -:   99:#include "mbswidth.h"
        -:  100:#include "mpsort.h"
        -:  101:#include "obstack.h"
        -:  102:#include "quote.h"
        -:  103:#include "smack.h"
        -:  104:#include "stat-size.h"
        -:  105:#include "stat-time.h"
        -:  106:#include "strftime.h"
        -:  107:#include "xdectoint.h"
        -:  108:#include "xstrtol.h"
        -:  109:#include "xstrtol-error.h"
        -:  110:#include "areadlink.h"
        -:  111:#include "mbsalign.h"
        -:  112:#include "dircolors.h"
        -:  113:#include "xgethostname.h"
        -:  114:#include "c-ctype.h"
        -:  115:#include "canonicalize.h"
        -:  116:#include "statx.h"
        -:  117:
        -:  118:/* Include <sys/capability.h> last to avoid a clash of <sys/types.h>
        -:  119:   include guards with some premature versions of libcap.
        -:  120:   For more details, see <https://bugzilla.redhat.com/483548>.  */
        -:  121:#ifdef HAVE_CAP
        -:  122:# include <sys/capability.h>
        -:  123:#endif
        -:  124:
        -:  125:#define PROGRAM_NAME (ls_mode == LS_LS ? "ls" \
        -:  126:                      : (ls_mode == LS_MULTI_COL \
        -:  127:                         ? "dir" : "vdir"))
        -:  128:
        -:  129:#define AUTHORS \
        -:  130:  proper_name ("Richard M. Stallman"), \
        -:  131:  proper_name ("David MacKenzie")
        -:  132:
        -:  133:#define obstack_chunk_alloc malloc
        -:  134:#define obstack_chunk_free free
        -:  135:
        -:  136:/* Unix-based readdir implementations have historically returned a dirent.d_ino
        -:  137:   value that is sometimes not equal to the stat-obtained st_ino value for
        -:  138:   that same entry.  This error occurs for a readdir entry that refers
        -:  139:   to a mount point.  readdir's error is to return the inode number of
        -:  140:   the underlying directory -- one that typically cannot be stat'ed, as
        -:  141:   long as a file system is mounted on that directory.  RELIABLE_D_INO
        -:  142:   encapsulates whether we can use the more efficient approach of relying
        -:  143:   on readdir-supplied d_ino values, or whether we must incur the cost of
        -:  144:   calling stat or lstat to obtain each guaranteed-valid inode number.  */
        -:  145:
        -:  146:#ifndef READDIR_LIES_ABOUT_MOUNTPOINT_D_INO
        -:  147:# define READDIR_LIES_ABOUT_MOUNTPOINT_D_INO 1
        -:  148:#endif
        -:  149:
        -:  150:#if READDIR_LIES_ABOUT_MOUNTPOINT_D_INO
        -:  151:# define RELIABLE_D_INO(dp) NOT_AN_INODE_NUMBER
        -:  152:#else
        -:  153:# define RELIABLE_D_INO(dp) D_INO (dp)
        -:  154:#endif
        -:  155:
        -:  156:#if ! HAVE_STRUCT_STAT_ST_AUTHOR
        -:  157:# define st_author st_uid
        -:  158:#endif
        -:  159:
        -:  160:enum filetype
        -:  161:  {
        -:  162:    unknown,
        -:  163:    fifo,
        -:  164:    chardev,
        -:  165:    directory,
        -:  166:    blockdev,
        -:  167:    normal,
        -:  168:    symbolic_link,
        -:  169:    sock,
        -:  170:    whiteout,
        -:  171:    arg_directory
        -:  172:  };
        -:  173:
        -:  174:/* Display letters and indicators for each filetype.
        -:  175:   Keep these in sync with enum filetype.  */
        -:  176:static char const filetype_letter[] = "?pcdb-lswd";
        -:  177:
        -:  178:/* Ensure that filetype and filetype_letter have the same
        -:  179:   number of elements.  */
        -:  180:static_assert (sizeof filetype_letter - 1 == arg_directory + 1);
        -:  181:
        -:  182:#define FILETYPE_INDICATORS				\
        -:  183:  {							\
        -:  184:    C_ORPHAN, C_FIFO, C_CHR, C_DIR, C_BLK, C_FILE,	\
        -:  185:    C_LINK, C_SOCK, C_FILE, C_DIR			\
        -:  186:  }
        -:  187:
        -:  188:enum acl_type
        -:  189:  {
        -:  190:    ACL_T_NONE,
        -:  191:    ACL_T_LSM_CONTEXT_ONLY,
        -:  192:    ACL_T_YES
        -:  193:  };
        -:  194:
        -:  195:struct fileinfo
        -:  196:  {
        -:  197:    /* The file name.  */
        -:  198:    char *name;
        -:  199:
        -:  200:    /* For symbolic link, name of the file linked to, otherwise zero.  */
        -:  201:    char *linkname;
        -:  202:
        -:  203:    /* For terminal hyperlinks. */
        -:  204:    char *absolute_name;
        -:  205:
        -:  206:    struct stat stat;
        -:  207:
        -:  208:    enum filetype filetype;
        -:  209:
        -:  210:    /* For symbolic link and long listing, st_mode of file linked to, otherwise
        -:  211:       zero.  */
        -:  212:    mode_t linkmode;
        -:  213:
        -:  214:    /* security context.  */
        -:  215:    char *scontext;
        -:  216:
        -:  217:    bool stat_ok;
        -:  218:
        -:  219:    /* For symbolic link and color printing, true if linked-to file
        -:  220:       exists, otherwise false.  */
        -:  221:    bool linkok;
        -:  222:
        -:  223:    /* For long listings, true if the file has an access control list,
        -:  224:       or a security context.  */
        -:  225:    enum acl_type acl_type;
        -:  226:
        -:  227:    /* For color listings, true if a regular file has capability info.  */
        -:  228:    bool has_capability;
        -:  229:
        -:  230:    /* Whether file name needs quoting. tri-state with -1 == unknown.  */
        -:  231:    int quoted;
        -:  232:
        -:  233:    /* Cached screen width (including quoting).  */
        -:  234:    size_t width;
        -:  235:  };
        -:  236:
        -:  237:#define LEN_STR_PAIR(s) sizeof (s) - 1, s
        -:  238:
        -:  239:/* Null is a valid character in a color indicator (think about Epson
        -:  240:   printers, for example) so we have to use a length/buffer string
        -:  241:   type.  */
        -:  242:
        -:  243:struct bin_str
        -:  244:  {
        -:  245:    size_t len;			/* Number of bytes */
        -:  246:    char const *string;		/* Pointer to the same */
        -:  247:  };
        -:  248:
        -:  249:#if ! HAVE_TCGETPGRP
        -:  250:# define tcgetpgrp(Fd) 0
        -:  251:#endif
        -:  252:
        -:  253:static size_t quote_name (char const *name,
        -:  254:                          struct quoting_options const *options,
        -:  255:                          int needs_general_quoting,
        -:  256:                          const struct bin_str *color,
        -:  257:                          bool allow_pad, struct obstack *stack,
        -:  258:                          char const *absolute_name);
        -:  259:static size_t quote_name_buf (char **inbuf, size_t bufsize, char *name,
        -:  260:                              struct quoting_options const *options,
        -:  261:                              int needs_general_quoting, size_t *width,
        -:  262:                              bool *pad);
        -:  263:static int decode_switches (int argc, char **argv);
        -:  264:static bool file_ignored (char const *name);
        -:  265:static uintmax_t gobble_file (char const *name, enum filetype type,
        -:  266:                              ino_t inode, bool command_line_arg,
        -:  267:                              char const *dirname);
        -:  268:static const struct bin_str * get_color_indicator (const struct fileinfo *f,
        -:  269:                                                   bool symlink_target);
        -:  270:static bool print_color_indicator (const struct bin_str *ind);
        -:  271:static void put_indicator (const struct bin_str *ind);
        -:  272:static void add_ignore_pattern (char const *pattern);
        -:  273:static void attach (char *dest, char const *dirname, char const *name);
        -:  274:static void clear_files (void);
        -:  275:static void extract_dirs_from_files (char const *dirname,
        -:  276:                                     bool command_line_arg);
        -:  277:static void get_link_name (char const *filename, struct fileinfo *f,
        -:  278:                           bool command_line_arg);
        -:  279:static void indent (size_t from, size_t to);
        -:  280:static size_t calculate_columns (bool by_columns);
        -:  281:static void print_current_files (void);
        -:  282:static void print_dir (char const *name, char const *realname,
        -:  283:                       bool command_line_arg);
        -:  284:static size_t print_file_name_and_frills (const struct fileinfo *f,
        -:  285:                                          size_t start_col);
        -:  286:static void print_horizontal (void);
        -:  287:static int format_user_width (uid_t u);
        -:  288:static int format_group_width (gid_t g);
        -:  289:static void print_long_format (const struct fileinfo *f);
        -:  290:static void print_many_per_line (void);
        -:  291:static size_t print_name_with_quoting (const struct fileinfo *f,
        -:  292:                                       bool symlink_target,
        -:  293:                                       struct obstack *stack,
        -:  294:                                       size_t start_col);
        -:  295:static void prep_non_filename_text (void);
        -:  296:static bool print_type_indicator (bool stat_ok, mode_t mode,
        -:  297:                                  enum filetype type);
        -:  298:static void print_with_separator (char sep);
        -:  299:static void queue_directory (char const *name, char const *realname,
        -:  300:                             bool command_line_arg);
        -:  301:static void sort_files (void);
        -:  302:static void parse_ls_color (void);
        -:  303:
        -:  304:static int getenv_quoting_style (void);
        -:  305:
        -:  306:static size_t quote_name_width (char const *name,
        -:  307:                                struct quoting_options const *options,
        -:  308:                                int needs_general_quoting);
        -:  309:
        -:  310:/* Initial size of hash table.
        -:  311:   Most hierarchies are likely to be shallower than this.  */
        -:  312:enum { INITIAL_TABLE_SIZE = 30 };
        -:  313:
        -:  314:/* The set of 'active' directories, from the current command-line argument
        -:  315:   to the level in the hierarchy at which files are being listed.
        -:  316:   A directory is represented by its device and inode numbers (struct dev_ino).
        -:  317:   A directory is added to this set when ls begins listing it or its
        -:  318:   entries, and it is removed from the set just after ls has finished
        -:  319:   processing it.  This set is used solely to detect loops, e.g., with
        -:  320:   mkdir loop; cd loop; ln -s ../loop sub; ls -RL  */
        -:  321:static Hash_table *active_dir_set;
        -:  322:
        -:  323:#define LOOP_DETECT (!!active_dir_set)
        -:  324:
        -:  325:/* The table of files in the current directory:
        -:  326:
        -:  327:   'cwd_file' points to a vector of 'struct fileinfo', one per file.
        -:  328:   'cwd_n_alloc' is the number of elements space has been allocated for.
        -:  329:   'cwd_n_used' is the number actually in use.  */
        -:  330:
        -:  331:/* Address of block containing the files that are described.  */
        -:  332:static struct fileinfo *cwd_file;
        -:  333:
        -:  334:/* Length of block that 'cwd_file' points to, measured in files.  */
        -:  335:static size_t cwd_n_alloc;
        -:  336:
        -:  337:/* Index of first unused slot in 'cwd_file'.  */
        -:  338:static size_t cwd_n_used;
        -:  339:
        -:  340:/* Whether files needs may need padding due to quoting.  */
        -:  341:static bool cwd_some_quoted;
        -:  342:
        -:  343:/* Whether quoting style _may_ add outer quotes,
        -:  344:   and whether aligning those is useful.  */
        -:  345:static bool align_variable_outer_quotes;
        -:  346:
        -:  347:/* Vector of pointers to files, in proper sorted order, and the number
        -:  348:   of entries allocated for it.  */
        -:  349:static void **sorted_file;
        -:  350:static size_t sorted_file_alloc;
        -:  351:
        -:  352:/* When true, in a color listing, color each symlink name according to the
        -:  353:   type of file it points to.  Otherwise, color them according to the 'ln'
        -:  354:   directive in LS_COLORS.  Dangling (orphan) symlinks are treated specially,
        -:  355:   regardless.  This is set when 'ln=target' appears in LS_COLORS.  */
        -:  356:
        -:  357:static bool color_symlink_as_referent;
        -:  358:
        -:  359:static char const *hostname;
        -:  360:
        -:  361:/* Mode of appropriate file for coloring.  */
        -:  362:static mode_t
function file_or_link_mode called 0 returned 0% blocks executed 0%
    #####:  363:file_or_link_mode (struct fileinfo const *file)
        -:  364:{
    #####:  365:  return (color_symlink_as_referent && file->linkok
branch  0 never executed
branch  1 never executed
    #####:  366:          ? file->linkmode : file->stat.st_mode);
branch  0 never executed
branch  1 never executed
        -:  367:}
        -:  368:
        -:  369:
        -:  370:/* Record of one pending directory waiting to be listed.  */
        -:  371:
        -:  372:struct pending
        -:  373:  {
        -:  374:    char *name;
        -:  375:    /* If the directory is actually the file pointed to by a symbolic link we
        -:  376:       were told to list, 'realname' will contain the name of the symbolic
        -:  377:       link, otherwise zero.  */
        -:  378:    char *realname;
        -:  379:    bool command_line_arg;
        -:  380:    struct pending *next;
        -:  381:  };
        -:  382:
        -:  383:static struct pending *pending_dirs;
        -:  384:
        -:  385:/* Current time in seconds and nanoseconds since 1970, updated as
        -:  386:   needed when deciding whether a file is recent.  */
        -:  387:
        -:  388:static struct timespec current_time;
        -:  389:
        -:  390:static bool print_scontext;
        -:  391:static char UNKNOWN_SECURITY_CONTEXT[] = "?";
        -:  392:
        -:  393:/* Whether any of the files has an ACL.  This affects the width of the
        -:  394:   mode column.  */
        -:  395:
        -:  396:static bool any_has_acl;
        -:  397:
        -:  398:/* The number of columns to use for columns containing inode numbers,
        -:  399:   block sizes, link counts, owners, groups, authors, major device
        -:  400:   numbers, minor device numbers, and file sizes, respectively.  */
        -:  401:
        -:  402:static int inode_number_width;
        -:  403:static int block_size_width;
        -:  404:static int nlink_width;
        -:  405:static int scontext_width;
        -:  406:static int owner_width;
        -:  407:static int group_width;
        -:  408:static int author_width;
        -:  409:static int major_device_number_width;
        -:  410:static int minor_device_number_width;
        -:  411:static int file_size_width;
        -:  412:
        -:  413:/* Option flags */
        -:  414:
        -:  415:/* long_format for lots of info, one per line.
        -:  416:   one_per_line for just names, one per line.
        -:  417:   many_per_line for just names, many per line, sorted vertically.
        -:  418:   horizontal for just names, many per line, sorted horizontally.
        -:  419:   with_commas for just names, many per line, separated by commas.
        -:  420:
        -:  421:   -l (and other options that imply -l), -1, -C, -x and -m control
        -:  422:   this parameter.  */
        -:  423:
        -:  424:enum format
        -:  425:  {
        -:  426:    long_format,		/* -l and other options that imply -l */
        -:  427:    one_per_line,		/* -1 */
        -:  428:    many_per_line,		/* -C */
        -:  429:    horizontal,			/* -x */
        -:  430:    with_commas			/* -m */
        -:  431:  };
        -:  432:
        -:  433:static enum format format;
        -:  434:
        -:  435:/* 'full-iso' uses full ISO-style dates and times.  'long-iso' uses longer
        -:  436:   ISO-style timestamps, though shorter than 'full-iso'.  'iso' uses shorter
        -:  437:   ISO-style timestamps.  'locale' uses locale-dependent timestamps.  */
        -:  438:enum time_style
        -:  439:  {
        -:  440:    full_iso_time_style,	/* --time-style=full-iso */
        -:  441:    long_iso_time_style,	/* --time-style=long-iso */
        -:  442:    iso_time_style,		/* --time-style=iso */
        -:  443:    locale_time_style		/* --time-style=locale */
        -:  444:  };
        -:  445:
        -:  446:static char const *const time_style_args[] =
        -:  447:{
        -:  448:  "full-iso", "long-iso", "iso", "locale", nullptr
        -:  449:};
        -:  450:static enum time_style const time_style_types[] =
        -:  451:{
        -:  452:  full_iso_time_style, long_iso_time_style, iso_time_style,
        -:  453:  locale_time_style
        -:  454:};
        -:  455:ARGMATCH_VERIFY (time_style_args, time_style_types);
        -:  456:
        -:  457:/* Type of time to print or sort by.  Controlled by -c and -u.
        -:  458:   The values of each item of this enum are important since they are
        -:  459:   used as indices in the sort functions array (see sort_files()).  */
        -:  460:
        -:  461:enum time_type
        -:  462:  {
        -:  463:    time_mtime = 0,		/* default */
        -:  464:    time_ctime,			/* -c */
        -:  465:    time_atime,			/* -u */
        -:  466:    time_btime,                 /* birth time */
        -:  467:    time_numtypes		/* the number of elements of this enum */
        -:  468:  };
        -:  469:
        -:  470:static enum time_type time_type;
        -:  471:
        -:  472:/* The file characteristic to sort by.  Controlled by -t, -S, -U, -X, -v.
        -:  473:   The values of each item of this enum are important since they are
        -:  474:   used as indices in the sort functions array (see sort_files()).  */
        -:  475:
        -:  476:enum sort_type
        -:  477:  {
        -:  478:    sort_name = 0,		/* default */
        -:  479:    sort_extension,		/* -X */
        -:  480:    sort_width,
        -:  481:    sort_size,			/* -S */
        -:  482:    sort_version,		/* -v */
        -:  483:    sort_time,			/* -t; must be second to last */
        -:  484:    sort_none,			/* -U; must be last */
        -:  485:    sort_numtypes		/* the number of elements of this enum */
        -:  486:  };
        -:  487:
        -:  488:static enum sort_type sort_type;
        -:  489:
        -:  490:/* Direction of sort.
        -:  491:   false means highest first if numeric,
        -:  492:   lowest first if alphabetic;
        -:  493:   these are the defaults.
        -:  494:   true means the opposite order in each case.  -r  */
        -:  495:
        -:  496:static bool sort_reverse;
        -:  497:
        -:  498:/* True means to display owner information.  -g turns this off.  */
        -:  499:
        -:  500:static bool print_owner = true;
        -:  501:
        -:  502:/* True means to display author information.  */
        -:  503:
        -:  504:static bool print_author;
        -:  505:
        -:  506:/* True means to display group information.  -G and -o turn this off.  */
        -:  507:
        -:  508:static bool print_group = true;
        -:  509:
        -:  510:/* True means print the user and group id's as numbers rather
        -:  511:   than as names.  -n  */
        -:  512:
        -:  513:static bool numeric_ids;
        -:  514:
        -:  515:/* True means mention the size in blocks of each file.  -s  */
        -:  516:
        -:  517:static bool print_block_size;
        -:  518:
        -:  519:/* Human-readable options for output, when printing block counts.  */
        -:  520:static int human_output_opts;
        -:  521:
        -:  522:/* The units to use when printing block counts.  */
        -:  523:static uintmax_t output_block_size;
        -:  524:
        -:  525:/* Likewise, but for file sizes.  */
        -:  526:static int file_human_output_opts;
        -:  527:static uintmax_t file_output_block_size = 1;
        -:  528:
        -:  529:/* Follow the output with a special string.  Using this format,
        -:  530:   Emacs' dired mode starts up twice as fast, and can handle all
        -:  531:   strange characters in file names.  */
        -:  532:static bool dired;
        -:  533:
        -:  534:/* 'none' means don't mention the type of files.
        -:  535:   'slash' means mention directories only, with a '/'.
        -:  536:   'file_type' means mention file types.
        -:  537:   'classify' means mention file types and mark executables.
        -:  538:
        -:  539:   Controlled by -F, -p, and --indicator-style.  */
        -:  540:
        -:  541:enum indicator_style
        -:  542:  {
        -:  543:    none = 0,	/*     --indicator-style=none (default) */
        -:  544:    slash,	/* -p, --indicator-style=slash */
        -:  545:    file_type,	/*     --indicator-style=file-type */
        -:  546:    classify	/* -F, --indicator-style=classify */
        -:  547:  };
        -:  548:
        -:  549:static enum indicator_style indicator_style;
        -:  550:
        -:  551:/* Names of indicator styles.  */
        -:  552:static char const *const indicator_style_args[] =
        -:  553:{
        -:  554:  "none", "slash", "file-type", "classify", nullptr
        -:  555:};
        -:  556:static enum indicator_style const indicator_style_types[] =
        -:  557:{
        -:  558:  none, slash, file_type, classify
        -:  559:};
        -:  560:ARGMATCH_VERIFY (indicator_style_args, indicator_style_types);
        -:  561:
        -:  562:/* True means use colors to mark types.  Also define the different
        -:  563:   colors as well as the stuff for the LS_COLORS environment variable.
        -:  564:   The LS_COLORS variable is now in a termcap-like format.  */
        -:  565:
        -:  566:static bool print_with_color;
        -:  567:
        -:  568:static bool print_hyperlink;
        -:  569:
        -:  570:/* Whether we used any colors in the output so far.  If so, we will
        -:  571:   need to restore the default color later.  If not, we will need to
        -:  572:   call prep_non_filename_text before using color for the first time. */
        -:  573:
        -:  574:static bool used_color = false;
        -:  575:
        -:  576:enum when_type
        -:  577:  {
        -:  578:    when_never,		/* 0: default or --color=never */
        -:  579:    when_always,	/* 1: --color=always */
        -:  580:    when_if_tty		/* 2: --color=tty */
        -:  581:  };
        -:  582:
        -:  583:enum Dereference_symlink
        -:  584:  {
        -:  585:    DEREF_UNDEFINED = 0,		/* default */
        -:  586:    DEREF_NEVER,
        -:  587:    DEREF_COMMAND_LINE_ARGUMENTS,	/* -H */
        -:  588:    DEREF_COMMAND_LINE_SYMLINK_TO_DIR,	/* the default, in certain cases */
        -:  589:    DEREF_ALWAYS			/* -L */
        -:  590:  };
        -:  591:
        -:  592:enum indicator_no
        -:  593:  {
        -:  594:    C_LEFT, C_RIGHT, C_END, C_RESET, C_NORM, C_FILE, C_DIR, C_LINK,
        -:  595:    C_FIFO, C_SOCK,
        -:  596:    C_BLK, C_CHR, C_MISSING, C_ORPHAN, C_EXEC, C_DOOR, C_SETUID, C_SETGID,
        -:  597:    C_STICKY, C_OTHER_WRITABLE, C_STICKY_OTHER_WRITABLE, C_CAP, C_MULTIHARDLINK,
        -:  598:    C_CLR_TO_EOL
        -:  599:  };
        -:  600:
        -:  601:static char const *const indicator_name[]=
        -:  602:  {
        -:  603:    "lc", "rc", "ec", "rs", "no", "fi", "di", "ln", "pi", "so",
        -:  604:    "bd", "cd", "mi", "or", "ex", "do", "su", "sg", "st",
        -:  605:    "ow", "tw", "ca", "mh", "cl", nullptr
        -:  606:  };
        -:  607:
        -:  608:struct color_ext_type
        -:  609:  {
        -:  610:    struct bin_str ext;		/* The extension we're looking for */
        -:  611:    struct bin_str seq;		/* The sequence to output when we do */
        -:  612:    bool   exact_match;		/* Whether to compare case insensitively */
        -:  613:    struct color_ext_type *next;	/* Next in list */
        -:  614:  };
        -:  615:
        -:  616:static struct bin_str color_indicator[] =
        -:  617:  {
        -:  618:    { LEN_STR_PAIR ("\033[") },		/* lc: Left of color sequence */
        -:  619:    { LEN_STR_PAIR ("m") },		/* rc: Right of color sequence */
        -:  620:    { 0, nullptr },			/* ec: End color (replaces lc+rs+rc) */
        -:  621:    { LEN_STR_PAIR ("0") },		/* rs: Reset to ordinary colors */
        -:  622:    { 0, nullptr },			/* no: Normal */
        -:  623:    { 0, nullptr },			/* fi: File: default */
        -:  624:    { LEN_STR_PAIR ("01;34") },		/* di: Directory: bright blue */
        -:  625:    { LEN_STR_PAIR ("01;36") },		/* ln: Symlink: bright cyan */
        -:  626:    { LEN_STR_PAIR ("33") },		/* pi: Pipe: yellow/brown */
        -:  627:    { LEN_STR_PAIR ("01;35") },		/* so: Socket: bright magenta */
        -:  628:    { LEN_STR_PAIR ("01;33") },		/* bd: Block device: bright yellow */
        -:  629:    { LEN_STR_PAIR ("01;33") },		/* cd: Char device: bright yellow */
        -:  630:    { 0, nullptr },			/* mi: Missing file: undefined */
        -:  631:    { 0, nullptr },			/* or: Orphaned symlink: undefined */
        -:  632:    { LEN_STR_PAIR ("01;32") },		/* ex: Executable: bright green */
        -:  633:    { LEN_STR_PAIR ("01;35") },		/* do: Door: bright magenta */
        -:  634:    { LEN_STR_PAIR ("37;41") },		/* su: setuid: white on red */
        -:  635:    { LEN_STR_PAIR ("30;43") },		/* sg: setgid: black on yellow */
        -:  636:    { LEN_STR_PAIR ("37;44") },		/* st: sticky: black on blue */
        -:  637:    { LEN_STR_PAIR ("34;42") },		/* ow: other-writable: blue on green */
        -:  638:    { LEN_STR_PAIR ("30;42") },		/* tw: ow w/ sticky: black on green */
        -:  639:    { 0, nullptr },			/* ca: disabled by default */
        -:  640:    { 0, nullptr },			/* mh: disabled by default */
        -:  641:    { LEN_STR_PAIR ("\033[K") },	/* cl: clear to end of line */
        -:  642:  };
        -:  643:
        -:  644:/* A list mapping file extensions to corresponding display sequence.  */
        -:  645:static struct color_ext_type *color_ext_list = nullptr;
        -:  646:
        -:  647:/* Buffer for color sequences */
        -:  648:static char *color_buf;
        -:  649:
        -:  650:/* True means to check for orphaned symbolic link, for displaying
        -:  651:   colors, or to group symlink to directories with other dirs.  */
        -:  652:
        -:  653:static bool check_symlink_mode;
        -:  654:
        -:  655:/* True means mention the inode number of each file.  -i  */
        -:  656:
        -:  657:static bool print_inode;
        -:  658:
        -:  659:/* What to do with symbolic links.  Affected by -d, -F, -H, -l (and
        -:  660:   other options that imply -l), and -L.  */
        -:  661:
        -:  662:static enum Dereference_symlink dereference;
        -:  663:
        -:  664:/* True means when a directory is found, display info on its
        -:  665:   contents.  -R  */
        -:  666:
        -:  667:static bool recursive;
        -:  668:
        -:  669:/* True means when an argument is a directory name, display info
        -:  670:   on it itself.  -d  */
        -:  671:
        -:  672:static bool immediate_dirs;
        -:  673:
        -:  674:/* True means that directories are grouped before files. */
        -:  675:
        -:  676:static bool directories_first;
        -:  677:
        -:  678:/* Which files to ignore.  */
        -:  679:
        -:  680:static enum
        -:  681:{
        -:  682:  /* Ignore files whose names start with '.', and files specified by
        -:  683:     --hide and --ignore.  */
        -:  684:  IGNORE_DEFAULT = 0,
        -:  685:
        -:  686:  /* Ignore '.', '..', and files specified by --ignore.  */
        -:  687:  IGNORE_DOT_AND_DOTDOT,
        -:  688:
        -:  689:  /* Ignore only files specified by --ignore.  */
        -:  690:  IGNORE_MINIMAL
        -:  691:} ignore_mode;
        -:  692:
        -:  693:/* A linked list of shell-style globbing patterns.  If a non-argument
        -:  694:   file name matches any of these patterns, it is ignored.
        -:  695:   Controlled by -I.  Multiple -I options accumulate.
        -:  696:   The -B option adds '*~' and '.*~' to this list.  */
        -:  697:
        -:  698:struct ignore_pattern
        -:  699:  {
        -:  700:    char const *pattern;
        -:  701:    struct ignore_pattern *next;
        -:  702:  };
        -:  703:
        -:  704:static struct ignore_pattern *ignore_patterns;
        -:  705:
        -:  706:/* Similar to IGNORE_PATTERNS, except that -a or -A causes this
        -:  707:   variable itself to be ignored.  */
        -:  708:static struct ignore_pattern *hide_patterns;
        -:  709:
        -:  710:/* True means output nongraphic chars in file names as '?'.
        -:  711:   (-q, --hide-control-chars)
        -:  712:   qmark_funny_chars and the quoting style (-Q, --quoting-style=WORD) are
        -:  713:   independent.  The algorithm is: first, obey the quoting style to get a
        -:  714:   string representing the file name;  then, if qmark_funny_chars is set,
        -:  715:   replace all nonprintable chars in that string with '?'.  It's necessary
        -:  716:   to replace nonprintable chars even in quoted strings, because we don't
        -:  717:   want to mess up the terminal if control chars get sent to it, and some
        -:  718:   quoting methods pass through control chars as-is.  */
        -:  719:static bool qmark_funny_chars;
        -:  720:
        -:  721:/* Quoting options for file and dir name output.  */
        -:  722:
        -:  723:static struct quoting_options *filename_quoting_options;
        -:  724:static struct quoting_options *dirname_quoting_options;
        -:  725:
        -:  726:/* The number of chars per hardware tab stop.  Setting this to zero
        -:  727:   inhibits the use of TAB characters for separating columns.  -T */
        -:  728:static size_t tabsize;
        -:  729:
        -:  730:/* True means print each directory name before listing it.  */
        -:  731:
        -:  732:static bool print_dir_name;
        -:  733:
        -:  734:/* The line length to use for breaking lines in many-per-line format.
        -:  735:   Can be set with -w.  If zero, there is no limit.  */
        -:  736:
        -:  737:static size_t line_length;
        -:  738:
        -:  739:/* The local time zone rules, as per the TZ environment variable.  */
        -:  740:
        -:  741:static timezone_t localtz;
        -:  742:
        -:  743:/* If true, the file listing format requires that stat be called on
        -:  744:   each file.  */
        -:  745:
        -:  746:static bool format_needs_stat;
        -:  747:
        -:  748:/* Similar to 'format_needs_stat', but set if only the file type is
        -:  749:   needed.  */
        -:  750:
        -:  751:static bool format_needs_type;
        -:  752:
        -:  753:/* An arbitrary limit on the number of bytes in a printed timestamp.
        -:  754:   This is set to a relatively small value to avoid the need to worry
        -:  755:   about denial-of-service attacks on servers that run "ls" on behalf
        -:  756:   of remote clients.  1000 bytes should be enough for any practical
        -:  757:   timestamp format.  */
        -:  758:
        -:  759:enum { TIME_STAMP_LEN_MAXIMUM = MAX (1000, INT_STRLEN_BOUND (time_t)) };
        -:  760:
        -:  761:/* strftime formats for non-recent and recent files, respectively, in
        -:  762:   -l output.  */
        -:  763:
        -:  764:static char const *long_time_format[2] =
        -:  765:  {
        -:  766:    /* strftime format for non-recent files (older than 6 months), in
        -:  767:       -l output.  This should contain the year, month and day (at
        -:  768:       least), in an order that is understood by people in your
        -:  769:       locale's territory.  Please try to keep the number of used
        -:  770:       screen columns small, because many people work in windows with
        -:  771:       only 80 columns.  But make this as wide as the other string
        -:  772:       below, for recent files.  */
        -:  773:    /* TRANSLATORS: ls output needs to be aligned for ease of reading,
        -:  774:       so be wary of using variable width fields from the locale.
        -:  775:       Note %b is handled specially by ls and aligned correctly.
        -:  776:       Note also that specifying a width as in %5b is erroneous as strftime
        -:  777:       will count bytes rather than characters in multibyte locales.  */
        -:  778:    N_("%b %e  %Y"),
        -:  779:    /* strftime format for recent files (younger than 6 months), in -l
        -:  780:       output.  This should contain the month, day and time (at
        -:  781:       least), in an order that is understood by people in your
        -:  782:       locale's territory.  Please try to keep the number of used
        -:  783:       screen columns small, because many people work in windows with
        -:  784:       only 80 columns.  But make this as wide as the other string
        -:  785:       above, for non-recent files.  */
        -:  786:    /* TRANSLATORS: ls output needs to be aligned for ease of reading,
        -:  787:       so be wary of using variable width fields from the locale.
        -:  788:       Note %b is handled specially by ls and aligned correctly.
        -:  789:       Note also that specifying a width as in %5b is erroneous as strftime
        -:  790:       will count bytes rather than characters in multibyte locales.  */
        -:  791:    N_("%b %e %H:%M")
        -:  792:  };
        -:  793:
        -:  794:/* The set of signals that are caught.  */
        -:  795:
        -:  796:static sigset_t caught_signals;
        -:  797:
        -:  798:/* If nonzero, the value of the pending fatal signal.  */
        -:  799:
        -:  800:static sig_atomic_t volatile interrupt_signal;
        -:  801:
        -:  802:/* A count of the number of pending stop signals that have been received.  */
        -:  803:
        -:  804:static sig_atomic_t volatile stop_signal_count;
        -:  805:
        -:  806:/* Desired exit status.  */
        -:  807:
        -:  808:static int exit_status;
        -:  809:
        -:  810:/* Exit statuses.  */
        -:  811:enum
        -:  812:  {
        -:  813:    /* "ls" had a minor problem.  E.g., while processing a directory,
        -:  814:       ls obtained the name of an entry via readdir, yet was later
        -:  815:       unable to stat that name.  This happens when listing a directory
        -:  816:       in which entries are actively being removed or renamed.  */
        -:  817:    LS_MINOR_PROBLEM = 1,
        -:  818:
        -:  819:    /* "ls" had more serious trouble (e.g., memory exhausted, invalid
        -:  820:       option or failure to stat a command line argument.  */
        -:  821:    LS_FAILURE = 2
        -:  822:  };
        -:  823:
        -:  824:/* For long options that have no equivalent short option, use a
        -:  825:   non-character as a pseudo short option, starting with CHAR_MAX + 1.  */
        -:  826:enum
        -:  827:{
        -:  828:  AUTHOR_OPTION = CHAR_MAX + 1,
        -:  829:  BLOCK_SIZE_OPTION,
        -:  830:  COLOR_OPTION,
        -:  831:  DEREFERENCE_COMMAND_LINE_SYMLINK_TO_DIR_OPTION,
        -:  832:  FILE_TYPE_INDICATOR_OPTION,
        -:  833:  FORMAT_OPTION,
        -:  834:  FULL_TIME_OPTION,
        -:  835:  GROUP_DIRECTORIES_FIRST_OPTION,
        -:  836:  HIDE_OPTION,
        -:  837:  HYPERLINK_OPTION,
        -:  838:  INDICATOR_STYLE_OPTION,
        -:  839:  QUOTING_STYLE_OPTION,
        -:  840:  SHOW_CONTROL_CHARS_OPTION,
        -:  841:  SI_OPTION,
        -:  842:  SORT_OPTION,
        -:  843:  TIME_OPTION,
        -:  844:  TIME_STYLE_OPTION,
        -:  845:  ZERO_OPTION,
        -:  846:};
        -:  847:
        -:  848:static struct option const long_options[] =
        -:  849:{
        -:  850:  {"all", no_argument, nullptr, 'a'},
        -:  851:  {"escape", no_argument, nullptr, 'b'},
        -:  852:  {"directory", no_argument, nullptr, 'd'},
        -:  853:  {"dired", no_argument, nullptr, 'D'},
        -:  854:  {"full-time", no_argument, nullptr, FULL_TIME_OPTION},
        -:  855:  {"group-directories-first", no_argument, nullptr,
        -:  856:   GROUP_DIRECTORIES_FIRST_OPTION},
        -:  857:  {"human-readable", no_argument, nullptr, 'h'},
        -:  858:  {"inode", no_argument, nullptr, 'i'},
        -:  859:  {"kibibytes", no_argument, nullptr, 'k'},
        -:  860:  {"numeric-uid-gid", no_argument, nullptr, 'n'},
        -:  861:  {"no-group", no_argument, nullptr, 'G'},
        -:  862:  {"hide-control-chars", no_argument, nullptr, 'q'},
        -:  863:  {"reverse", no_argument, nullptr, 'r'},
        -:  864:  {"size", no_argument, nullptr, 's'},
        -:  865:  {"width", required_argument, nullptr, 'w'},
        -:  866:  {"almost-all", no_argument, nullptr, 'A'},
        -:  867:  {"ignore-backups", no_argument, nullptr, 'B'},
        -:  868:  {"classify", optional_argument, nullptr, 'F'},
        -:  869:  {"file-type", no_argument, nullptr, FILE_TYPE_INDICATOR_OPTION},
        -:  870:  {"si", no_argument, nullptr, SI_OPTION},
        -:  871:  {"dereference-command-line", no_argument, nullptr, 'H'},
        -:  872:  {"dereference-command-line-symlink-to-dir", no_argument, nullptr,
        -:  873:   DEREFERENCE_COMMAND_LINE_SYMLINK_TO_DIR_OPTION},
        -:  874:  {"hide", required_argument, nullptr, HIDE_OPTION},
        -:  875:  {"ignore", required_argument, nullptr, 'I'},
        -:  876:  {"indicator-style", required_argument, nullptr, INDICATOR_STYLE_OPTION},
        -:  877:  {"dereference", no_argument, nullptr, 'L'},
        -:  878:  {"literal", no_argument, nullptr, 'N'},
        -:  879:  {"quote-name", no_argument, nullptr, 'Q'},
        -:  880:  {"quoting-style", required_argument, nullptr, QUOTING_STYLE_OPTION},
        -:  881:  {"recursive", no_argument, nullptr, 'R'},
        -:  882:  {"format", required_argument, nullptr, FORMAT_OPTION},
        -:  883:  {"show-control-chars", no_argument, nullptr, SHOW_CONTROL_CHARS_OPTION},
        -:  884:  {"sort", required_argument, nullptr, SORT_OPTION},
        -:  885:  {"tabsize", required_argument, nullptr, 'T'},
        -:  886:  {"time", required_argument, nullptr, TIME_OPTION},
        -:  887:  {"time-style", required_argument, nullptr, TIME_STYLE_OPTION},
        -:  888:  {"zero", no_argument, nullptr, ZERO_OPTION},
        -:  889:  {"color", optional_argument, nullptr, COLOR_OPTION},
        -:  890:  {"hyperlink", optional_argument, nullptr, HYPERLINK_OPTION},
        -:  891:  {"block-size", required_argument, nullptr, BLOCK_SIZE_OPTION},
        -:  892:  {"context", no_argument, 0, 'Z'},
        -:  893:  {"author", no_argument, nullptr, AUTHOR_OPTION},
        -:  894:  {GETOPT_HELP_OPTION_DECL},
        -:  895:  {GETOPT_VERSION_OPTION_DECL},
        -:  896:  {nullptr, 0, nullptr, 0}
        -:  897:};
        -:  898:
        -:  899:static char const *const format_args[] =
        -:  900:{
        -:  901:  "verbose", "long", "commas", "horizontal", "across",
        -:  902:  "vertical", "single-column", nullptr
        -:  903:};
        -:  904:static enum format const format_types[] =
        -:  905:{
        -:  906:  long_format, long_format, with_commas, horizontal, horizontal,
        -:  907:  many_per_line, one_per_line
        -:  908:};
        -:  909:ARGMATCH_VERIFY (format_args, format_types);
        -:  910:
        -:  911:static char const *const sort_args[] =
        -:  912:{
        -:  913:  "none", "time", "size", "extension", "version", "width", nullptr
        -:  914:};
        -:  915:static enum sort_type const sort_types[] =
        -:  916:{
        -:  917:  sort_none, sort_time, sort_size, sort_extension, sort_version, sort_width
        -:  918:};
        -:  919:ARGMATCH_VERIFY (sort_args, sort_types);
        -:  920:
        -:  921:static char const *const time_args[] =
        -:  922:{
        -:  923:  "atime", "access", "use",
        -:  924:  "ctime", "status",
        -:  925:  "mtime", "modification",
        -:  926:  "birth", "creation",
        -:  927:  nullptr
        -:  928:};
        -:  929:static enum time_type const time_types[] =
        -:  930:{
        -:  931:  time_atime, time_atime, time_atime,
        -:  932:  time_ctime, time_ctime,
        -:  933:  time_mtime, time_mtime,
        -:  934:  time_btime, time_btime,
        -:  935:};
        -:  936:ARGMATCH_VERIFY (time_args, time_types);
        -:  937:
        -:  938:static char const *const when_args[] =
        -:  939:{
        -:  940:  /* force and none are for compatibility with another color-ls version */
        -:  941:  "always", "yes", "force",
        -:  942:  "never", "no", "none",
        -:  943:  "auto", "tty", "if-tty", nullptr
        -:  944:};
        -:  945:static enum when_type const when_types[] =
        -:  946:{
        -:  947:  when_always, when_always, when_always,
        -:  948:  when_never, when_never, when_never,
        -:  949:  when_if_tty, when_if_tty, when_if_tty
        -:  950:};
        -:  951:ARGMATCH_VERIFY (when_args, when_types);
        -:  952:
        -:  953:/* Information about filling a column.  */
        -:  954:struct column_info
        -:  955:{
        -:  956:  bool valid_len;
        -:  957:  size_t line_len;
        -:  958:  size_t *col_arr;
        -:  959:};
        -:  960:
        -:  961:/* Array with information about column fullness.  */
        -:  962:static struct column_info *column_info;
        -:  963:
        -:  964:/* Maximum number of columns ever possible for this display.  */
        -:  965:static size_t max_idx;
        -:  966:
        -:  967:/* The minimum width of a column is 3: 1 character for the name and 2
        -:  968:   for the separating white space.  */
        -:  969:enum { MIN_COLUMN_WIDTH = 3 };
        -:  970:
        -:  971:
        -:  972:/* This zero-based index is for the --dired option.  It is incremented
        -:  973:   for each byte of output generated by this program so that the beginning
        -:  974:   and ending indices (in that output) of every file name can be recorded
        -:  975:   and later output themselves.  */
        -:  976:static off_t dired_pos;
        -:  977:
        -:  978:static void
function dired_outbyte called 0 returned 0% blocks executed 0%
    #####:  979:dired_outbyte (char c)
        -:  980:{
    #####:  981:  dired_pos++;
    #####:  982:  putchar (c);
call    0 never executed
    #####:  983:}
        -:  984:
        -:  985:/* Output the buffer S, of length S_LEN, and increment DIRED_POS by S_LEN.  */
        -:  986:static void
function dired_outbuf called 0 returned 0% blocks executed 0%
    #####:  987:dired_outbuf (char const *s, size_t s_len)
        -:  988:{
    #####:  989:  dired_pos += s_len;
    #####:  990:  fwrite (s, sizeof *s, s_len, stdout);
call    0 never executed
    #####:  991:}
        -:  992:
        -:  993:/* Output the string S, and increment DIRED_POS by its length.  */
        -:  994:static void
function dired_outstring called 0 returned 0% blocks executed 0%
    #####:  995:dired_outstring (char const *s)
        -:  996:{
    #####:  997:  dired_outbuf (s, strlen (s));
call    0 never executed
    #####:  998:}
        -:  999:
        -: 1000:static void
function dired_indent called 0 returned 0% blocks executed 0%
    #####: 1001:dired_indent (void)
        -: 1002:{
    #####: 1003:  if (dired)
branch  0 never executed
branch  1 never executed
    #####: 1004:    dired_outstring ("  ");
call    0 never executed
    #####: 1005:}
        -: 1006:
        -: 1007:/* With --dired, store pairs of beginning and ending indices of file names.  */
        -: 1008:static struct obstack dired_obstack;
        -: 1009:
        -: 1010:/* With --dired, store pairs of beginning and ending indices of any
        -: 1011:   directory names that appear as headers (just before 'total' line)
        -: 1012:   for lists of directory entries.  Such directory names are seen when
        -: 1013:   listing hierarchies using -R and when a directory is listed with at
        -: 1014:   least one other command line argument.  */
        -: 1015:static struct obstack subdired_obstack;
        -: 1016:
        -: 1017:/* Save the current index on the specified obstack, OBS.  */
        -: 1018:static void
function push_current_dired_pos called 0 returned 0% blocks executed 0%
    #####: 1019:push_current_dired_pos (struct obstack *obs)
        -: 1020:{
    #####: 1021:  if (dired)
branch  0 never executed
branch  1 never executed
    #####: 1022:    obstack_grow (obs, &dired_pos, sizeof dired_pos);
branch  0 never executed
branch  1 never executed
call    2 never executed
    #####: 1023:}
        -: 1024:
        -: 1025:/* With -R, this stack is used to help detect directory cycles.
        -: 1026:   The device/inode pairs on this stack mirror the pairs in the
        -: 1027:   active_dir_set hash table.  */
        -: 1028:static struct obstack dev_ino_obstack;
        -: 1029:
        -: 1030:/* Push a pair onto the device/inode stack.  */
        -: 1031:static void
function dev_ino_push called 0 returned 0% blocks executed 0%
    #####: 1032:dev_ino_push (dev_t dev, ino_t ino)
        -: 1033:{
        -: 1034:  void *vdi;
        -: 1035:  struct dev_ino *di;
    #####: 1036:  int dev_ino_size = sizeof *di;
    #####: 1037:  obstack_blank (&dev_ino_obstack, dev_ino_size);
branch  0 never executed
branch  1 never executed
call    2 never executed
    #####: 1038:  vdi = obstack_next_free (&dev_ino_obstack);
    #####: 1039:  di = vdi;
    #####: 1040:  di--;
    #####: 1041:  di->st_dev = dev;
    #####: 1042:  di->st_ino = ino;
    #####: 1043:}
        -: 1044:
        -: 1045:/* Pop a dev/ino struct off the global dev_ino_obstack
        -: 1046:   and return that struct.  */
        -: 1047:static struct dev_ino
function dev_ino_pop called 0 returned 0% blocks executed 0%
    #####: 1048:dev_ino_pop (void)
        -: 1049:{
        -: 1050:  void *vdi;
        -: 1051:  struct dev_ino *di;
    #####: 1052:  int dev_ino_size = sizeof *di;
    #####: 1053:  affirm (dev_ino_size <= obstack_object_size (&dev_ino_obstack));
branch  0 never executed
branch  1 never executed
call    2 never executed
    #####: 1054:  obstack_blank_fast (&dev_ino_obstack, -dev_ino_size);
    #####: 1055:  vdi = obstack_next_free (&dev_ino_obstack);
    #####: 1056:  di = vdi;
    #####: 1057:  return *di;
        -: 1058:}
        -: 1059:
        -: 1060:static void
function assert_matching_dev_ino called 0 returned 0% blocks executed 0%
    #####: 1061:assert_matching_dev_ino (char const *name, struct dev_ino di)
        -: 1062:{
        -: 1063:  MAYBE_UNUSED struct stat sb;
    #####: 1064:  assure (0 <= stat (name, &sb));
call    0 never executed
branch  1 never executed
branch  2 never executed
call    3 never executed
    #####: 1065:  assure (sb.st_dev == di.st_dev);
branch  0 never executed
branch  1 never executed
call    2 never executed
    #####: 1066:  assure (sb.st_ino == di.st_ino);
branch  0 never executed
branch  1 never executed
call    2 never executed
    #####: 1067:}
        -: 1068:
        -: 1069:static char eolbyte = '\n';
        -: 1070:
        -: 1071:/* Write to standard output PREFIX, followed by the quoting style and
        -: 1072:   a space-separated list of the integers stored in OS all on one line.  */
        -: 1073:
        -: 1074:static void
function dired_dump_obstack called 0 returned 0% blocks executed 0%
    #####: 1075:dired_dump_obstack (char const *prefix, struct obstack *os)
        -: 1076:{
        -: 1077:  size_t n_pos;
        -: 1078:
    #####: 1079:  n_pos = obstack_object_size (os) / sizeof (dired_pos);
    #####: 1080:  if (n_pos > 0)
branch  0 never executed
branch  1 never executed
        -: 1081:    {
    #####: 1082:      off_t *pos = obstack_finish (os);
branch  0 never executed
branch  1 never executed
branch  2 never executed
branch  3 never executed
    #####: 1083:      fputs (prefix, stdout);
call    0 never executed
    #####: 1084:      for (size_t i = 0; i < n_pos; i++)
branch  0 never executed
branch  1 never executed
        -: 1085:        {
    #####: 1086:          intmax_t p = pos[i];
    #####: 1087:          printf (" %"PRIdMAX, p);
call    0 never executed
        -: 1088:        }
    #####: 1089:      putchar ('\n');
call    0 never executed
        -: 1090:    }
    #####: 1091:}
        -: 1092:
        -: 1093:/* Return the platform birthtime member of the stat structure,
        -: 1094:   or fallback to the mtime member, which we have populated
        -: 1095:   from the statx structure or reset to an invalid timestamp
        -: 1096:   where birth time is not supported.  */
        -: 1097:static struct timespec
function get_stat_btime called 0 returned 0% blocks executed 0%
    #####: 1098:get_stat_btime (struct stat const *st)
        -: 1099:{
        -: 1100:  struct timespec btimespec;
        -: 1101:
        -: 1102:#if HAVE_STATX && defined STATX_INO
    #####: 1103:  btimespec = get_stat_mtime (st);
        -: 1104:#else
        -: 1105:  btimespec = get_stat_birthtime (st);
        -: 1106:#endif
        -: 1107:
    #####: 1108:  return btimespec;
        -: 1109:}
        -: 1110:
        -: 1111:#if HAVE_STATX && defined STATX_INO
        -: 1112:ATTRIBUTE_PURE
        -: 1113:static unsigned int
function time_type_to_statx called 0 returned 0% blocks executed 0%
    #####: 1114:time_type_to_statx (void)
        -: 1115:{
    #####: 1116:  switch (time_type)
branch  0 never executed
branch  1 never executed
branch  2 never executed
branch  3 never executed
branch  4 never executed
        -: 1117:    {
    #####: 1118:    case time_ctime:
    #####: 1119:      return STATX_CTIME;
    #####: 1120:    case time_mtime:
    #####: 1121:      return STATX_MTIME;
    #####: 1122:    case time_atime:
    #####: 1123:      return STATX_ATIME;
    #####: 1124:    case time_btime:
    #####: 1125:      return STATX_BTIME;
    #####: 1126:    default:
    #####: 1127:      unreachable ();
call    0 never executed
        -: 1128:    }
        -: 1129:    return 0;
        -: 1130:}
        -: 1131:
        -: 1132:ATTRIBUTE_PURE
        -: 1133:static unsigned int
function calc_req_mask called 2 returned 100% blocks executed 41%
        2: 1134:calc_req_mask (void)
        -: 1135:{
        2: 1136:  unsigned int mask = STATX_MODE;
        -: 1137:
        2: 1138:  if (print_inode)
branch  0 taken 0% (fallthrough)
branch  1 taken 100%
    #####: 1139:    mask |= STATX_INO;
        -: 1140:
        2: 1141:  if (print_block_size)
branch  0 taken 0% (fallthrough)
branch  1 taken 100%
    #####: 1142:    mask |= STATX_BLOCKS;
        -: 1143:
        2: 1144:  if (format == long_format) {
branch  0 taken 0% (fallthrough)
branch  1 taken 100%
    #####: 1145:    mask |= STATX_NLINK | STATX_SIZE | time_type_to_statx ();
    #####: 1146:    if (print_owner || print_author)
branch  0 never executed
branch  1 never executed
branch  2 never executed
branch  3 never executed
    #####: 1147:      mask |= STATX_UID;
    #####: 1148:    if (print_group)
branch  0 never executed
branch  1 never executed
    #####: 1149:      mask |= STATX_GID;
        -: 1150:  }
        -: 1151:
        2: 1152:  switch (sort_type)
branch  0 taken 100%
branch  1 taken 0%
branch  2 taken 0%
branch  3 taken 0%
        -: 1153:    {
        2: 1154:    case sort_none:
        -: 1155:    case sort_name:
        -: 1156:    case sort_version:
        -: 1157:    case sort_extension:
        -: 1158:    case sort_width:
        2: 1159:      break;
    #####: 1160:    case sort_time:
    #####: 1161:      mask |= time_type_to_statx ();
    #####: 1162:      break;
    #####: 1163:    case sort_size:
    #####: 1164:      mask |= STATX_SIZE;
    #####: 1165:      break;
    #####: 1166:    default:
    #####: 1167:      unreachable ();
call    0 never executed
        -: 1168:    }
        -: 1169:
        2: 1170:  return mask;
        -: 1171:}
        -: 1172:
        -: 1173:static int
function do_statx called 2 returned 100% blocks executed 44%
        2: 1174:do_statx (int fd, char const *name, struct stat *st, int flags,
        -: 1175:          unsigned int mask)
        -: 1176:{
        -: 1177:  struct statx stx;
        2: 1178:  bool want_btime = mask & STATX_BTIME;
        2: 1179:  int ret = statx (fd, name, flags | AT_NO_AUTOMOUNT, mask, &stx);
call    0 returned 100%
        2: 1180:  if (ret >= 0)
branch  0 taken 0% (fallthrough)
branch  1 taken 100%
        -: 1181:    {
    #####: 1182:      statx_to_stat (&stx, st);
call    0 never executed
        -: 1183:      /* Since we only need one timestamp type,
        -: 1184:         store birth time in st_mtim.  */
    #####: 1185:      if (want_btime)
branch  0 never executed
branch  1 never executed
        -: 1186:        {
    #####: 1187:          if (stx.stx_mask & STATX_BTIME)
branch  0 never executed
branch  1 never executed
    #####: 1188:            st->st_mtim = statx_timestamp_to_timespec (stx.stx_btime);
call    0 never executed
        -: 1189:          else
    #####: 1190:            st->st_mtim.tv_sec = st->st_mtim.tv_nsec = -1;
        -: 1191:        }
        -: 1192:    }
        -: 1193:
        2: 1194:  return ret;
        -: 1195:}
        -: 1196:
        -: 1197:static int
function do_stat called 1 returned 100% blocks executed 100%
        1: 1198:do_stat (char const *name, struct stat *st)
        -: 1199:{
        1: 1200:  return do_statx (AT_FDCWD, name, st, 0, calc_req_mask ());
call    0 returned 100%
        -: 1201:}
        -: 1202:
        -: 1203:static int
function do_lstat called 1 returned 100% blocks executed 100%
        1: 1204:do_lstat (char const *name, struct stat *st)
        -: 1205:{
        1: 1206:  return do_statx (AT_FDCWD, name, st, AT_SYMLINK_NOFOLLOW, calc_req_mask ());
call    0 returned 100%
        -: 1207:}
        -: 1208:
        -: 1209:static int
function stat_for_mode called 0 returned 0% blocks executed 0%
    #####: 1210:stat_for_mode (char const *name, struct stat *st)
        -: 1211:{
    #####: 1212:  return do_statx (AT_FDCWD, name, st, 0, STATX_MODE);
call    0 never executed
        -: 1213:}
        -: 1214:
        -: 1215:/* dev+ino should be static, so no need to sync with backing store */
        -: 1216:static int
function stat_for_ino called 0 returned 0% blocks executed 0%
    #####: 1217:stat_for_ino (char const *name, struct stat *st)
        -: 1218:{
    #####: 1219:  return do_statx (AT_FDCWD, name, st, 0, STATX_INO);
call    0 never executed
        -: 1220:}
        -: 1221:
        -: 1222:static int
function fstat_for_ino called 0 returned 0% blocks executed 0%
    #####: 1223:fstat_for_ino (int fd, struct stat *st)
        -: 1224:{
    #####: 1225:  return do_statx (fd, "", st, AT_EMPTY_PATH, STATX_INO);
call    0 never executed
        -: 1226:}
        -: 1227:#else
        -: 1228:static int
        -: 1229:do_stat (char const *name, struct stat *st)
        -: 1230:{
        -: 1231:  return stat (name, st);
        -: 1232:}
        -: 1233:
        -: 1234:static int
        -: 1235:do_lstat (char const *name, struct stat *st)
        -: 1236:{
        -: 1237:  return lstat (name, st);
        -: 1238:}
        -: 1239:
        -: 1240:static int
        -: 1241:stat_for_mode (char const *name, struct stat *st)
        -: 1242:{
        -: 1243:  return stat (name, st);
        -: 1244:}
        -: 1245:
        -: 1246:static int
        -: 1247:stat_for_ino (char const *name, struct stat *st)
        -: 1248:{
        -: 1249:  return stat (name, st);
        -: 1250:}
        -: 1251:
        -: 1252:static int
        -: 1253:fstat_for_ino (int fd, struct stat *st)
        -: 1254:{
        -: 1255:  return fstat (fd, st);
        -: 1256:}
        -: 1257:#endif
        -: 1258:
        -: 1259:/* Return the address of the first plain %b spec in FMT, or nullptr if
        -: 1260:   there is no such spec.  %5b etc. do not match, so that user
        -: 1261:   widths/flags are honored.  */
        -: 1262:
        -: 1263:ATTRIBUTE_PURE
        -: 1264:static char const *
function first_percent_b called 0 returned 0% blocks executed 0%
    #####: 1265:first_percent_b (char const *fmt)
        -: 1266:{
    #####: 1267:  for (; *fmt; fmt++)
branch  0 never executed
branch  1 never executed
    #####: 1268:    if (fmt[0] == '%')
branch  0 never executed
branch  1 never executed
    #####: 1269:      switch (fmt[1])
branch  0 never executed
branch  1 never executed
branch  2 never executed
        -: 1270:        {
    #####: 1271:        case 'b': return fmt;
    #####: 1272:        case '%': fmt++; break;
        -: 1273:        }
    #####: 1274:  return nullptr;
        -: 1275:}
        -: 1276:
        -: 1277:static char RFC3986[256];
        -: 1278:static void
function file_escape_init called 0 returned 0% blocks executed 0%
    #####: 1279:file_escape_init (void)
        -: 1280:{
    #####: 1281:  for (int i = 0; i < 256; i++)
branch  0 never executed
branch  1 never executed
    #####: 1282:    RFC3986[i] |= c_isalnum (i) || i == '~' || i == '-' || i == '.' || i == '_';
call    0 never executed
branch  1 never executed
branch  2 never executed
branch  3 never executed
branch  4 never executed
branch  5 never executed
branch  6 never executed
branch  7 never executed
branch  8 never executed
branch  9 never executed
branch 10 never executed
    #####: 1283:}
        -: 1284:
        -: 1285:/* Read the abbreviated month names from the locale, to align them
        -: 1286:   and to determine the max width of the field and to truncate names
        -: 1287:   greater than our max allowed.
        -: 1288:   Note even though this handles multibyte locales correctly
        -: 1289:   it's not restricted to them as single byte locales can have
        -: 1290:   variable width abbreviated months and also precomputing/caching
        -: 1291:   the names was seen to increase the performance of ls significantly.  */
        -: 1292:
        -: 1293:/* max number of display cells to use.
        -: 1294:   As of 2018 the abmon for Arabic has entries with width 12.
        -: 1295:   It doesn't make much sense to support wider than this
        -: 1296:   and locales should aim for abmon entries of width <= 5.  */
        -: 1297:enum { MAX_MON_WIDTH = 12 };
        -: 1298:/* abformat[RECENT][MON] is the format to use for timestamps with
        -: 1299:   recentness RECENT and month MON.  */
        -: 1300:enum { ABFORMAT_SIZE = 128 };
        -: 1301:static char abformat[2][12][ABFORMAT_SIZE];
        -: 1302:/* True if precomputed formats should be used.  This can be false if
        -: 1303:   nl_langinfo fails, if a format or month abbreviation is unusually
        -: 1304:   long, or if a month abbreviation contains '%'.  */
        -: 1305:static bool use_abformat;
        -: 1306:
        -: 1307:/* Store into ABMON the abbreviated month names, suitably aligned.
        -: 1308:   Return true if successful.  */
        -: 1309:
        -: 1310:static bool
function abmon_init called 0 returned 0% blocks executed 0%
    #####: 1311:abmon_init (char abmon[12][ABFORMAT_SIZE])
        -: 1312:{
        -: 1313:#ifndef HAVE_NL_LANGINFO
        -: 1314:  return false;
        -: 1315:#else
    #####: 1316:  size_t required_mon_width = MAX_MON_WIDTH;
        -: 1317:  size_t curr_max_width;
        -: 1318:  do
        -: 1319:    {
    #####: 1320:      curr_max_width = required_mon_width;
    #####: 1321:      required_mon_width = 0;
    #####: 1322:      for (int i = 0; i < 12; i++)
branch  0 never executed
branch  1 never executed
        -: 1323:        {
    #####: 1324:          size_t width = curr_max_width;
    #####: 1325:          char const *abbr = nl_langinfo (ABMON_1 + i);
call    0 never executed
    #####: 1326:          if (strchr (abbr, '%'))
branch  0 never executed
branch  1 never executed
    #####: 1327:            return false;
    #####: 1328:          mbs_align_t alignment = isdigit (to_uchar (*abbr))
call    0 never executed
    #####: 1329:                                  ? MBS_ALIGN_RIGHT : MBS_ALIGN_LEFT;
    #####: 1330:          size_t req = mbsalign (abbr, abmon[i], ABFORMAT_SIZE,
call    0 never executed
        -: 1331:                                 &width, alignment, 0);
    #####: 1332:          if (! (req < ABFORMAT_SIZE))
branch  0 never executed
branch  1 never executed
    #####: 1333:            return false;
    #####: 1334:          required_mon_width = MAX (required_mon_width, width);
        -: 1335:        }
        -: 1336:    }
    #####: 1337:  while (curr_max_width > required_mon_width);
branch  0 never executed
branch  1 never executed
        -: 1338:
    #####: 1339:  return true;
        -: 1340:#endif
        -: 1341:}
        -: 1342:
        -: 1343:/* Initialize ABFORMAT and USE_ABFORMAT.  */
        -: 1344:
        -: 1345:static void
function abformat_init called 0 returned 0% blocks executed 0%
    #####: 1346:abformat_init (void)
        -: 1347:{
        -: 1348:  char const *pb[2];
    #####: 1349:  for (int recent = 0; recent < 2; recent++)
branch  0 never executed
branch  1 never executed
    #####: 1350:    pb[recent] = first_percent_b (long_time_format[recent]);
    #####: 1351:  if (! (pb[0] || pb[1]))
branch  0 never executed
branch  1 never executed
branch  2 never executed
branch  3 never executed
    #####: 1352:    return;
        -: 1353:
        -: 1354:  char abmon[12][ABFORMAT_SIZE];
    #####: 1355:  if (! abmon_init (abmon))
call    0 never executed
branch  1 never executed
branch  2 never executed
    #####: 1356:    return;
        -: 1357:
    #####: 1358:  for (int recent = 0; recent < 2; recent++)
branch  0 never executed
branch  1 never executed
        -: 1359:    {
    #####: 1360:      char const *fmt = long_time_format[recent];
    #####: 1361:      for (int i = 0; i < 12; i++)
branch  0 never executed
branch  1 never executed
        -: 1362:        {
    #####: 1363:          char *nfmt = abformat[recent][i];
        -: 1364:          int nbytes;
        -: 1365:
    #####: 1366:          if (! pb[recent])
branch  0 never executed
branch  1 never executed
    #####: 1367:            nbytes = snprintf (nfmt, ABFORMAT_SIZE, "%s", fmt);
        -: 1368:          else
        -: 1369:            {
    #####: 1370:              if (! (pb[recent] - fmt <= MIN (ABFORMAT_SIZE, INT_MAX)))
branch  0 never executed
branch  1 never executed
    #####: 1371:                return;
    #####: 1372:              int prefix_len = pb[recent] - fmt;
    #####: 1373:              nbytes = snprintf (nfmt, ABFORMAT_SIZE, "%.*s%s%s",
    #####: 1374:                                 prefix_len, fmt, abmon[i], pb[recent] + 2);
        -: 1375:            }
        -: 1376:
    #####: 1377:          if (! (0 <= nbytes && nbytes < ABFORMAT_SIZE))
branch  0 never executed
branch  1 never executed
branch  2 never executed
branch  3 never executed
    #####: 1378:            return;
        -: 1379:        }
        -: 1380:    }
        -: 1381:
    #####: 1382:  use_abformat = true;
        -: 1383:}
        -: 1384:
        -: 1385:static size_t
function dev_ino_hash called 0 returned 0% blocks executed 0%
    #####: 1386:dev_ino_hash (void const *x, size_t table_size)
        -: 1387:{
    #####: 1388:  struct dev_ino const *p = x;
    #####: 1389:  return (uintmax_t) p->st_ino % table_size;
        -: 1390:}
        -: 1391:
        -: 1392:static bool
function dev_ino_compare called 0 returned 0% blocks executed 0%
    #####: 1393:dev_ino_compare (void const *x, void const *y)
        -: 1394:{
    #####: 1395:  struct dev_ino const *a = x;
    #####: 1396:  struct dev_ino const *b = y;
    #####: 1397:  return SAME_INODE (*a, *b) ? true : false;
branch  0 never executed
branch  1 never executed
branch  2 never executed
branch  3 never executed
        -: 1398:}
        -: 1399:
        -: 1400:static void
function dev_ino_free called 0 returned 0% blocks executed 0%
    #####: 1401:dev_ino_free (void *x)
        -: 1402:{
    #####: 1403:  free (x);
    #####: 1404:}
        -: 1405:
        -: 1406:/* Add the device/inode pair (P->st_dev/P->st_ino) to the set of
        -: 1407:   active directories.  Return true if there is already a matching
        -: 1408:   entry in the table.  */
        -: 1409:
        -: 1410:static bool
function visit_dir called 0 returned 0% blocks executed 0%
    #####: 1411:visit_dir (dev_t dev, ino_t ino)
        -: 1412:{
        -: 1413:  struct dev_ino *ent;
        -: 1414:  struct dev_ino *ent_from_table;
        -: 1415:  bool found_match;
        -: 1416:
    #####: 1417:  ent = xmalloc (sizeof *ent);
call    0 never executed
    #####: 1418:  ent->st_ino = ino;
    #####: 1419:  ent->st_dev = dev;
        -: 1420:
        -: 1421:  /* Attempt to insert this entry into the table.  */
    #####: 1422:  ent_from_table = hash_insert (active_dir_set, ent);
call    0 never executed
        -: 1423:
    #####: 1424:  if (ent_from_table == nullptr)
branch  0 never executed
branch  1 never executed
        -: 1425:    {
        -: 1426:      /* Insertion failed due to lack of memory.  */
    #####: 1427:      xalloc_die ();
call    0 never executed
        -: 1428:    }
        -: 1429:
    #####: 1430:  found_match = (ent_from_table != ent);
        -: 1431:
    #####: 1432:  if (found_match)
branch  0 never executed
branch  1 never executed
        -: 1433:    {
        -: 1434:      /* ent was not inserted, so free it.  */
    #####: 1435:      free (ent);
        -: 1436:    }
        -: 1437:
    #####: 1438:  return found_match;
        -: 1439:}
        -: 1440:
        -: 1441:static void
function free_pending_ent called 0 returned 0% blocks executed 0%
    #####: 1442:free_pending_ent (struct pending *p)
        -: 1443:{
    #####: 1444:  free (p->name);
    #####: 1445:  free (p->realname);
    #####: 1446:  free (p);
    #####: 1447:}
        -: 1448:
        -: 1449:static bool
function is_colored called 0 returned 0% blocks executed 0%
    #####: 1450:is_colored (enum indicator_no type)
        -: 1451:{
    #####: 1452:  size_t len = color_indicator[type].len;
    #####: 1453:  char const *s = color_indicator[type].string;
    #####: 1454:  return ! (len == 0
branch  0 never executed
branch  1 never executed
branch  2 never executed
branch  3 never executed
    #####: 1455:            || (len == 1 && STRNCMP_LIT (s, "0") == 0)
branch  0 never executed
branch  1 never executed
branch  2 never executed
branch  3 never executed
    #####: 1456:            || (len == 2 && STRNCMP_LIT (s, "00") == 0));
branch  0 never executed
branch  1 never executed
        -: 1457:}
        -: 1458:
        -: 1459:static void
function restore_default_color called 0 returned 0% blocks executed 0%
    #####: 1460:restore_default_color (void)
        -: 1461:{
    #####: 1462:  put_indicator (&color_indicator[C_LEFT]);
call    0 never executed
    #####: 1463:  put_indicator (&color_indicator[C_RIGHT]);
call    0 never executed
    #####: 1464:}
        -: 1465:
        -: 1466:static void
function set_normal_color called 0 returned 0% blocks executed 0%
    #####: 1467:set_normal_color (void)
        -: 1468:{
    #####: 1469:  if (print_with_color && is_colored (C_NORM))
branch  0 never executed
branch  1 never executed
call    2 never executed
branch  3 never executed
branch  4 never executed
        -: 1470:    {
    #####: 1471:      put_indicator (&color_indicator[C_LEFT]);
call    0 never executed
    #####: 1472:      put_indicator (&color_indicator[C_NORM]);
call    0 never executed
    #####: 1473:      put_indicator (&color_indicator[C_RIGHT]);
call    0 never executed
        -: 1474:    }
    #####: 1475:}
        -: 1476:
        -: 1477:/* An ordinary signal was received; arrange for the program to exit.  */
        -: 1478:
        -: 1479:static void
function sighandler called 0 returned 0% blocks executed 0%
    #####: 1480:sighandler (int sig)
        -: 1481:{
        -: 1482:  if (! SA_NOCLDSTOP)
        -: 1483:    signal (sig, SIG_IGN);
    #####: 1484:  if (! interrupt_signal)
branch  0 never executed
branch  1 never executed
    #####: 1485:    interrupt_signal = sig;
    #####: 1486:}
        -: 1487:
        -: 1488:/* A SIGTSTP was received; arrange for the program to suspend itself.  */
        -: 1489:
        -: 1490:static void
function stophandler called 0 returned 0% blocks executed 0%
    #####: 1491:stophandler (int sig)
        -: 1492:{
        -: 1493:  if (! SA_NOCLDSTOP)
        -: 1494:    signal (sig, stophandler);
    #####: 1495:  if (! interrupt_signal)
branch  0 never executed
branch  1 never executed
    #####: 1496:    stop_signal_count++;
    #####: 1497:}
        -: 1498:
        -: 1499:/* Process any pending signals.  If signals are caught, this function
        -: 1500:   should be called periodically.  Ideally there should never be an
        -: 1501:   unbounded amount of time when signals are not being processed.
        -: 1502:   Signal handling can restore the default colors, so callers must
        -: 1503:   immediately change colors after invoking this function.  */
        -: 1504:
        -: 1505:static void
function process_signals called 0 returned 0% blocks executed 0%
    #####: 1506:process_signals (void)
        -: 1507:{
    #####: 1508:  while (interrupt_signal || stop_signal_count)
branch  0 never executed
branch  1 never executed
branch  2 never executed
branch  3 never executed
        -: 1509:    {
        -: 1510:      int sig;
        -: 1511:      int stops;
        -: 1512:      sigset_t oldset;
        -: 1513:
    #####: 1514:      if (used_color)
branch  0 never executed
branch  1 never executed
    #####: 1515:        restore_default_color ();
call    0 never executed
    #####: 1516:      fflush (stdout);
call    0 never executed
        -: 1517:
    #####: 1518:      sigprocmask (SIG_BLOCK, &caught_signals, &oldset);
call    0 never executed
        -: 1519:
        -: 1520:      /* Reload interrupt_signal and stop_signal_count, in case a new
        -: 1521:         signal was handled before sigprocmask took effect.  */
    #####: 1522:      sig = interrupt_signal;
    #####: 1523:      stops = stop_signal_count;
        -: 1524:
        -: 1525:      /* SIGTSTP is special, since the application can receive that signal
        -: 1526:         more than once.  In this case, don't set the signal handler to the
        -: 1527:         default.  Instead, just raise the uncatchable SIGSTOP.  */
    #####: 1528:      if (stops)
branch  0 never executed
branch  1 never executed
        -: 1529:        {
    #####: 1530:          stop_signal_count = stops - 1;
    #####: 1531:          sig = SIGSTOP;
        -: 1532:        }
        -: 1533:      else
    #####: 1534:        signal (sig, SIG_DFL);
call    0 never executed
        -: 1535:
        -: 1536:      /* Exit or suspend the program.  */
    #####: 1537:      raise (sig);
call    0 never executed
    #####: 1538:      sigprocmask (SIG_SETMASK, &oldset, nullptr);
call    0 never executed
        -: 1539:
        -: 1540:      /* If execution reaches here, then the program has been
        -: 1541:         continued (after being suspended).  */
        -: 1542:    }
    #####: 1543:}
        -: 1544:
        -: 1545:/* Setup signal handlers if INIT is true,
        -: 1546:   otherwise restore to the default.  */
        -: 1547:
        -: 1548:static void
function signal_setup called 0 returned 0% blocks executed 0%
    #####: 1549:signal_setup (bool init)
        -: 1550:{
        -: 1551:  /* The signals that are trapped, and the number of such signals.  */
        -: 1552:  static int const sig[] =
        -: 1553:    {
        -: 1554:      /* This one is handled specially.  */
        -: 1555:      SIGTSTP,
        -: 1556:
        -: 1557:      /* The usual suspects.  */
        -: 1558:      SIGALRM, SIGHUP, SIGINT, SIGPIPE, SIGQUIT, SIGTERM,
        -: 1559:#ifdef SIGPOLL
        -: 1560:      SIGPOLL,
        -: 1561:#endif
        -: 1562:#ifdef SIGPROF
        -: 1563:      SIGPROF,
        -: 1564:#endif
        -: 1565:#ifdef SIGVTALRM
        -: 1566:      SIGVTALRM,
        -: 1567:#endif
        -: 1568:#ifdef SIGXCPU
        -: 1569:      SIGXCPU,
        -: 1570:#endif
        -: 1571:#ifdef SIGXFSZ
        -: 1572:      SIGXFSZ,
        -: 1573:#endif
        -: 1574:    };
        -: 1575:  enum { nsigs = ARRAY_CARDINALITY (sig) };
        -: 1576:
        -: 1577:#if ! SA_NOCLDSTOP
        -: 1578:  static bool caught_sig[nsigs];
        -: 1579:#endif
        -: 1580:
        -: 1581:  int j;
        -: 1582:
    #####: 1583:  if (init)
branch  0 never executed
branch  1 never executed
        -: 1584:    {
        -: 1585:#if SA_NOCLDSTOP
        -: 1586:      struct sigaction act;
        -: 1587:
    #####: 1588:      sigemptyset (&caught_signals);
call    0 never executed
    #####: 1589:      for (j = 0; j < nsigs; j++)
branch  0 never executed
branch  1 never executed
        -: 1590:        {
    #####: 1591:          sigaction (sig[j], nullptr, &act);
call    0 never executed
    #####: 1592:          if (act.sa_handler != SIG_IGN)
branch  0 never executed
branch  1 never executed
    #####: 1593:            sigaddset (&caught_signals, sig[j]);
call    0 never executed
        -: 1594:        }
        -: 1595:
    #####: 1596:      act.sa_mask = caught_signals;
    #####: 1597:      act.sa_flags = SA_RESTART;
        -: 1598:
    #####: 1599:      for (j = 0; j < nsigs; j++)
branch  0 never executed
branch  1 never executed
    #####: 1600:        if (sigismember (&caught_signals, sig[j]))
call    0 never executed
branch  1 never executed
branch  2 never executed
        -: 1601:          {
    #####: 1602:            act.sa_handler = sig[j] == SIGTSTP ? stophandler : sighandler;
branch  0 never executed
[...]
    #####: 5320:          new_column_info_alloc = 2 * max_cols;
        -: 5321:        }
        -: 5322:      else
        -: 5323:        {
    #####: 5324:          column_info = xnrealloc (column_info, max_idx, sizeof *column_info);
call    0 never executed
    #####: 5325:          new_column_info_alloc = max_idx;
        -: 5326:        }
        -: 5327:
        -: 5328:      /* Allocate the new size_t objects by computing the triangle
        -: 5329:         formula n * (n + 1) / 2, except that we don't need to
        -: 5330:         allocate the part of the triangle that we've already
        -: 5331:         allocated.  Check for address arithmetic overflow.  */
        -: 5332:      {
    #####: 5333:        size_t column_info_growth = new_column_info_alloc - column_info_alloc;
    #####: 5334:        size_t s = column_info_alloc + 1 + new_column_info_alloc;
    #####: 5335:        size_t t = s * column_info_growth;
    #####: 5336:        if (s < new_column_info_alloc || t / column_info_growth != s)
branch  0 never executed
branch  1 never executed
branch  2 never executed
branch  3 never executed
    #####: 5337:          xalloc_die ();
call    0 never executed
    #####: 5338:        p = xnmalloc (t / 2, sizeof *p);
call    0 never executed
        -: 5339:      }
        -: 5340:
        -: 5341:      /* Grow the triangle by parceling out the cells just allocated.  */
    #####: 5342:      for (i = column_info_alloc; i < new_column_info_alloc; i++)
branch  0 never executed
branch  1 never executed
        -: 5343:        {
    #####: 5344:          column_info[i].col_arr = p;
    #####: 5345:          p += i + 1;
        -: 5346:        }
        -: 5347:
    #####: 5348:      column_info_alloc = new_column_info_alloc;
        -: 5349:    }
        -: 5350:
    #####: 5351:  for (i = 0; i < max_cols; ++i)
branch  0 never executed
branch  1 never executed
        -: 5352:    {
        -: 5353:      size_t j;
        -: 5354:
    #####: 5355:      column_info[i].valid_len = true;
    #####: 5356:      column_info[i].line_len = (i + 1) * MIN_COLUMN_WIDTH;
    #####: 5357:      for (j = 0; j <= i; ++j)
branch  0 never executed
branch  1 never executed
    #####: 5358:        column_info[i].col_arr[j] = MIN_COLUMN_WIDTH;
        -: 5359:    }
    #####: 5360:}
        -: 5361:
        -: 5362:/* Calculate the number of columns needed to represent the current set
        -: 5363:   of files in the current display width.  */
        -: 5364:
        -: 5365:static size_t
function calculate_columns called 0 returned 0% blocks executed 0%
    #####: 5366:calculate_columns (bool by_columns)
        -: 5367:{
        -: 5368:  size_t filesno;		/* Index into cwd_file.  */
        -: 5369:  size_t cols;			/* Number of files across.  */
        -: 5370:
        -: 5371:  /* Normally the maximum number of columns is determined by the
        -: 5372:     screen width.  But if few files are available this might limit it
        -: 5373:     as well.  */
    #####: 5374:  size_t max_cols = 0 < max_idx && max_idx < cwd_n_used ? max_idx : cwd_n_used;
branch  0 never executed
branch  1 never executed
branch  2 never executed
branch  3 never executed
        -: 5375:
    #####: 5376:  init_column_info (max_cols);
call    0 never executed
        -: 5377:
        -: 5378:  /* Compute the maximum number of possible columns.  */
    #####: 5379:  for (filesno = 0; filesno < cwd_n_used; ++filesno)
branch  0 never executed
branch  1 never executed
        -: 5380:    {
    #####: 5381:      struct fileinfo const *f = sorted_file[filesno];
    #####: 5382:      size_t name_length = length_of_file_name_and_frills (f);
call    0 never executed
        -: 5383:
    #####: 5384:      for (size_t i = 0; i < max_cols; ++i)
branch  0 never executed
branch  1 never executed
        -: 5385:        {
    #####: 5386:          if (column_info[i].valid_len)
branch  0 never executed
branch  1 never executed
        -: 5387:            {
    #####: 5388:              size_t idx = (by_columns
    #####: 5389:                            ? filesno / ((cwd_n_used + i) / (i + 1))
    #####: 5390:                            : filesno % (i + 1));
branch  0 never executed
branch  1 never executed
    #####: 5391:              size_t real_length = name_length + (idx == i ? 0 : 2);
branch  0 never executed
branch  1 never executed
        -: 5392:
    #####: 5393:              if (column_info[i].col_arr[idx] < real_length)
branch  0 never executed
branch  1 never executed
        -: 5394:                {
    #####: 5395:                  column_info[i].line_len += (real_length
    #####: 5396:                                              - column_info[i].col_arr[idx]);
    #####: 5397:                  column_info[i].col_arr[idx] = real_length;
    #####: 5398:                  column_info[i].valid_len = (column_info[i].line_len
    #####: 5399:                                              < line_length);
        -: 5400:                }
        -: 5401:            }
        -: 5402:        }
        -: 5403:    }
        -: 5404:
        -: 5405:  /* Find maximum allowed columns.  */
    #####: 5406:  for (cols = max_cols; 1 < cols; --cols)
branch  0 never executed
branch  1 never executed
        -: 5407:    {
    #####: 5408:      if (column_info[cols - 1].valid_len)
branch  0 never executed
branch  1 never executed
    #####: 5409:        break;
        -: 5410:    }
        -: 5411:
    #####: 5412:  return cols;
        -: 5413:}
        -: 5414:
        -: 5415:void
function usage called 1 returned 0% blocks executed 5%
        1: 5416:usage (int status)
        -: 5417:{
        1: 5418:  if (status != EXIT_SUCCESS)
branch  0 taken 100% (fallthrough)
branch  1 taken 0%
        1: 5419:    emit_try_help ();
call    0 returned 100%
        -: 5420:  else
        -: 5421:    {
    #####: 5422:      printf (_("Usage: %s [OPTION]... [FILE]...\n"), program_name);
call    0 never executed
    #####: 5423:      fputs (_("\
call    0 never executed
        -: 5424:List information about the FILEs (the current directory by default).\n\
        -: 5425:Sort entries alphabetically if none of -cftuvSUX nor --sort is specified.\n\
        -: 5426:"), stdout);
        -: 5427:
    #####: 5428:      emit_mandatory_arg_note ();
call    0 never executed
        -: 5429:
    #####: 5430:      fputs (_("\
call    0 never executed
        -: 5431:  -a, --all                  do not ignore entries starting with .\n\
        -: 5432:  -A, --almost-all           do not list implied . and ..\n\
        -: 5433:      --author               with -l, print the author of each file\n\
        -: 5434:  -b, --escape               print C-style escapes for nongraphic characters\n\
        -: 5435:"), stdout);
    #####: 5436:      fputs (_("\
call    0 never executed
        -: 5437:      --block-size=SIZE      with -l, scale sizes by SIZE when printing them;\n\
        -: 5438:                             e.g., '--block-size=M'; see SIZE format below\n\
        -: 5439:\n\
        -: 5440:"), stdout);
    #####: 5441:      fputs (_("\
call    0 never executed
        -: 5442:  -B, --ignore-backups       do not list implied entries ending with ~\n\
        -: 5443:"), stdout);
    #####: 5444:      fputs (_("\
call    0 never executed
        -: 5445:  -c                         with -lt: sort by, and show, ctime (time of last\n\
        -: 5446:                             change of file status information);\n\
        -: 5447:                             with -l: show ctime and sort by name;\n\
        -: 5448:                             otherwise: sort by ctime, newest first\n\
        -: 5449:\n\
        -: 5450:"), stdout);
    #####: 5451:      fputs (_("\
call    0 never executed
        -: 5452:  -C                         list entries by columns\n\
        -: 5453:      --color[=WHEN]         color the output WHEN; more info below\n\
        -: 5454:  -d, --directory            list directories themselves, not their contents\n\
        -: 5455:  -D, --dired                generate output designed for Emacs' dired mode\n\
        -: 5456:"), stdout);
    #####: 5457:      fputs (_("\
call    0 never executed
        -: 5458:  -f                         list all entries in directory order\n\
        -: 5459:  -F, --classify[=WHEN]      append indicator (one of */=>@|) to entries WHEN\n\
        -: 5460:      --file-type            likewise, except do not append '*'\n\
        -: 5461:"), stdout);
    #####: 5462:      fputs (_("\
call    0 never executed
        -: 5463:      --format=WORD          across -x, commas -m, horizontal -x, long -l,\n\
        -: 5464:                             single-column -1, verbose -l, vertical -C\n\
        -: 5465:\n\
        -: 5466:"), stdout);
    #####: 5467:      fputs (_("\
call    0 never executed
        -: 5468:      --full-time            like -l --time-style=full-iso\n\
        -: 5469:"), stdout);
    #####: 5470:      fputs (_("\
call    0 never executed
        -: 5471:  -g                         like -l, but do not list owner\n\
        -: 5472:"), stdout);
    #####: 5473:      fputs (_("\
call    0 never executed
        -: 5474:      --group-directories-first\n\
        -: 5475:                             group directories before files;\n\
        -: 5476:                             can be augmented with a --sort option, but any\n\
        -: 5477:                             use of --sort=none (-U) disables grouping\n\
        -: 5478:\n\
        -: 5479:"), stdout);
    #####: 5480:      fputs (_("\
call    0 never executed
        -: 5481:  -G, --no-group             in a long listing, don't print group names\n\
        -: 5482:"), stdout);
    #####: 5483:      fputs (_("\
call    0 never executed
        -: 5484:  -h, --human-readable       with -l and -s, print sizes like 1K 234M 2G etc.\n\
        -: 5485:      --si                   likewise, but use powers of 1000 not 1024\n\
        -: 5486:"), stdout);
    #####: 5487:      fputs (_("\
call    0 never executed
        -: 5488:  -H, --dereference-command-line\n\
        -: 5489:                             follow symbolic links listed on the command line\n\
        -: 5490:"), stdout);
    #####: 5491:      fputs (_("\
call    0 never executed
        -: 5492:      --dereference-command-line-symlink-to-dir\n\
        -: 5493:                             follow each command line symbolic link\n\
        -: 5494:                             that points to a directory\n\
        -: 5495:\n\
        -: 5496:"), stdout);
    #####: 5497:      fputs (_("\
call    0 never executed
        -: 5498:      --hide=PATTERN         do not list implied entries matching shell PATTERN\
        -: 5499:\n\
        -: 5500:                             (overridden by -a or -A)\n\
        -: 5501:\n\
        -: 5502:"), stdout);
    #####: 5503:      fputs (_("\
call    0 never executed
        -: 5504:      --hyperlink[=WHEN]     hyperlink file names WHEN\n\
        -: 5505:"), stdout);
    #####: 5506:      fputs (_("\
call    0 never executed
        -: 5507:      --indicator-style=WORD\n\
        -: 5508:                             append indicator with style WORD to entry names:\n\
        -: 5509:                             none (default), slash (-p),\n\
        -: 5510:                             file-type (--file-type), classify (-F)\n\
        -: 5511:\n\
        -: 5512:"), stdout);
    #####: 5513:      fputs (_("\
call    0 never executed
        -: 5514:  -i, --inode                print the index number of each file\n\
        -: 5515:  -I, --ignore=PATTERN       do not list implied entries matching shell PATTERN\
        -: 5516:\n\
        -: 5517:"), stdout);
    #####: 5518:      fputs (_("\
call    0 never executed
        -: 5519:  -k, --kibibytes            default to 1024-byte blocks for file system usage;\
        -: 5520:\n\
        -: 5521:                             used only with -s and per directory totals\n\
        -: 5522:\n\
        -: 5523:"), stdout);
    #####: 5524:      fputs (_("\
call    0 never executed
        -: 5525:  -l                         use a long listing format\n\
        -: 5526:"), stdout);
    #####: 5527:      fputs (_("\
call    0 never executed
        -: 5528:  -L, --dereference          when showing file information for a symbolic\n\
        -: 5529:                             link, show information for the file the link\n\
        -: 5530:                             references rather than for the link itself\n\
        -: 5531:\n\
        -: 5532:"), stdout);
    #####: 5533:      fputs (_("\
call    0 never executed
        -: 5534:  -m                         fill width with a comma separated list of entries\
        -: 5535:\n\
        -: 5536:"), stdout);
    #####: 5537:      fputs (_("\
call    0 never executed
        -: 5538:  -n, --numeric-uid-gid      like -l, but list numeric user and group IDs\n\
        -: 5539:  -N, --literal              print entry names without quoting\n\
        -: 5540:  -o                         like -l, but do not list group information\n\
        -: 5541:  -p, --indicator-style=slash\n\
        -: 5542:                             append / indicator to directories\n\
        -: 5543:"), stdout);
    #####: 5544:      fputs (_("\
call    0 never executed
        -: 5545:  -q, --hide-control-chars   print ? instead of nongraphic characters\n\
        -: 5546:"), stdout);
    #####: 5547:      fputs (_("\
call    0 never executed
        -: 5548:      --show-control-chars   show nongraphic characters as-is (the default,\n\
        -: 5549:                             unless program is 'ls' and output is a terminal)\
        -: 5550:\n\
        -: 5551:\n\
        -: 5552:"), stdout);
    #####: 5553:      fputs (_("\
call    0 never executed
        -: 5554:  -Q, --quote-name           enclose entry names in double quotes\n\
        -: 5555:"), stdout);
    #####: 5556:      fputs (_("\
call    0 never executed
        -: 5557:      --quoting-style=WORD   use quoting style WORD for entry names:\n\
        -: 5558:                             literal, locale, shell, shell-always,\n\
        -: 5559:                             shell-escape, shell-escape-always, c, escape\n\
        -: 5560:                             (overrides QUOTING_STYLE environment variable)\n\
        -: 5561:\n\
        -: 5562:"), stdout);
    #####: 5563:      fputs (_("\
call    0 never executed
        -: 5564:  -r, --reverse              reverse order while sorting\n\
        -: 5565:  -R, --recursive            list subdirectories recursively\n\
        -: 5566:  -s, --size                 print the allocated size of each file, in blocks\n\
        -: 5567:"), stdout);
    #####: 5568:      fputs (_("\
call    0 never executed
        -: 5569:  -S                         sort by file size, largest first\n\
        -: 5570:"), stdout);
    #####: 5571:      fputs (_("\
call    0 never executed
        -: 5572:      --sort=WORD            sort by WORD instead of name: none (-U), size (-S)\
        -: 5573:,\n\
        -: 5574:                             time (-t), version (-v), extension (-X), width\n\
        -: 5575:\n\
        -: 5576:"), stdout);
    #####: 5577:      fputs (_("\
call    0 never executed
        -: 5578:      --time=WORD            select which timestamp used to display or sort;\n\
        -: 5579:                               access time (-u): atime, access, use;\n\
        -: 5580:                               metadata change time (-c): ctime, status;\n\
        -: 5581:                               modified time (default): mtime, modification;\n\
        -: 5582:                               birth time: birth, creation;\n\
        -: 5583:                             with -l, WORD determines which time to show;\n\
        -: 5584:                             with --sort=time, sort by WORD (newest first)\n\
        -: 5585:\n\
        -: 5586:"), stdout);
    #####: 5587:      fputs (_("\
call    0 never executed
        -: 5588:      --time-style=TIME_STYLE\n\
        -: 5589:                             time/date format with -l; see TIME_STYLE below\n\
        -: 5590:"), stdout);
    #####: 5591:      fputs (_("\
call    0 never executed
        -: 5592:  -t                         sort by time, newest first; see --time\n\
        -: 5593:  -T, --tabsize=COLS         assume tab stops at each COLS instead of 8\n\
        -: 5594:"), stdout);
    #####: 5595:      fputs (_("\
call    0 never executed
        -: 5596:  -u                         with -lt: sort by, and show, access time;\n\
        -: 5597:                             with -l: show access time and sort by name;\n\
        -: 5598:                             otherwise: sort by access time, newest first\n\
        -: 5599:\n\
        -: 5600:"), stdout);
    #####: 5601:      fputs (_("\
call    0 never executed
        -: 5602:  -U                         do not sort; list entries in directory order\n\
        -: 5603:"), stdout);
    #####: 5604:      fputs (_("\
call    0 never executed
        -: 5605:  -v                         natural sort of (version) numbers within text\n\
        -: 5606:"), stdout);
    #####: 5607:      fputs (_("\
call    0 never executed
        -: 5608:  -w, --width=COLS           set output width to COLS.  0 means no limit\n\
        -: 5609:  -x                         list entries by lines instead of by columns\n\
        -: 5610:  -X                         sort alphabetically by entry extension\n\
        -: 5611:  -Z, --context              print any security context of each file\n\
        -: 5612:      --zero                 end each output line with NUL, not newline\n\
        -: 5613:  -1                         list one file per line\n\
        -: 5614:"), stdout);
    #####: 5615:      fputs (HELP_OPTION_DESCRIPTION, stdout);
call    0 never executed
    #####: 5616:      fputs (VERSION_OPTION_DESCRIPTION, stdout);
call    0 never executed
    #####: 5617:      emit_size_note ();
call    0 never executed
    #####: 5618:      fputs (_("\
call    0 never executed
        -: 5619:\n\
        -: 5620:The TIME_STYLE argument can be full-iso, long-iso, iso, locale, or +FORMAT.\n\
        -: 5621:FORMAT is interpreted like in date(1).  If FORMAT is FORMAT1<newline>FORMAT2,\n\
        -: 5622:then FORMAT1 applies to non-recent files and FORMAT2 to recent files.\n\
        -: 5623:TIME_STYLE prefixed with 'posix-' takes effect only outside the POSIX locale.\n\
        -: 5624:Also the TIME_STYLE environment variable sets the default style to use.\n\
        -: 5625:"), stdout);
    #####: 5626:      fputs (_("\
call    0 never executed
        -: 5627:\n\
        -: 5628:The WHEN argument defaults to 'always' and can also be 'auto' or 'never'.\n\
        -: 5629:"), stdout);
    #####: 5630:      fputs (_("\
call    0 never executed
        -: 5631:\n\
        -: 5632:Using color to distinguish file types is disabled both by default and\n\
        -: 5633:with --color=never.  With --color=auto, ls emits color codes only when\n\
        -: 5634:standard output is connected to a terminal.  The LS_COLORS environment\n\
        -: 5635:variable can change the settings.  Use the dircolors(1) command to set it.\n\
        -: 5636:"), stdout);
    #####: 5637:      fputs (_("\
call    0 never executed
        -: 5638:\n\
        -: 5639:Exit status:\n\
        -: 5640: 0  if OK,\n\
        -: 5641: 1  if minor problems (e.g., cannot access subdirectory),\n\
        -: 5642: 2  if serious trouble (e.g., cannot access command-line argument).\n\
        -: 5643:"), stdout);
    #####: 5644:      emit_ancillary_info (PROGRAM_NAME);
branch  0 never executed
branch  1 never executed
branch  2 never executed
branch  3 never executed
call    4 never executed
        -: 5645:    }
        1: 5646:  exit (status);
        -: 5647:}
