        -:    0:Source:src/pr.c
        -:    0:Graph:pr.gcno
        -:    0:Data:pr.gcda
        -:    0:Runs:2
        -:    1:/* pr -- convert text files for printing.
        -:    2:   Copyright (C) 1988-2023 Free Software Foundation, Inc.
        -:    3:
        -:    4:   This program is free software: you can redistribute it and/or modify
        -:    5:   it under the terms of the GNU General Public License as published by
        -:    6:   the Free Software Foundation, either version 3 of the License, or
        -:    7:   (at your option) any later version.
        -:    8:
        -:    9:   This program is distributed in the hope that it will be useful,
        -:   10:   but WITHOUT ANY WARRANTY; without even the implied warranty of
        -:   11:   MERCHANTABILITY or FITNESS FOR A PARTICULAR PURPOSE.  See the
        -:   12:   GNU General Public License for more details.
        -:   13:
        -:   14:   You should have received a copy of the GNU General Public License
        -:   15:   along with this program.  If not, see <https://www.gnu.org/licenses/>.  */
        -:   16:
        -:   17:/*  By Pete TerMaat, with considerable refinement by Roland Huebner.  */
        -:   18:
        -:   19:/* Things to watch: Sys V screws up on ...
        -:   20:   pr -n -3 -s: /usr/dict/words
        -:   21:   pr -m -o10 -n /usr/dict/words{,,,}
        -:   22:   pr -6 -a -n -o5 /usr/dict/words
        -:   23:
        -:   24:   Ideas:
        -:   25:
        -:   26:   Keep a things_to_do list of functions to call when we know we have
        -:   27:   something to print.  Cleaner than current series of checks.
        -:   28:
        -:   29:   Improve the printing of control prefixes.
        -:   30:
        -:   31:   Expand the file name in the centered header line to a full file name.
        -:   32:
        -:   33:
        -:   34:   Concept:
        -:   35:
        -:   36:   If the input_tab_char differs from the default value TAB
        -:   37:   ('-e[CHAR[...]]' is used), any input text tab is expanded to the
        -:   38:   default width of 8 spaces (compare char_to_clump). - Same as SunOS
        -:   39:   does.
        -:   40:
        -:   41:   The treatment of the number_separator (compare add_line_number):
        -:   42:   The default value TAB of the number_separator ('-n[SEP[...]]') doesn't
        -:   43:   be thought to be an input character. An optional '-e'-input has no
        -:   44:   effect.
        -:   45:   -  With single column output
        -:   46:      only one POSIX requirement has to be met:
        -:   47:   The default n-separator should be a TAB. The consequence is a
        -:   48:   different width between the number and the text if the output position
        -:   49:   of the separator changes, i.e., it depends upon the left margin used.
        -:   50:   That's not nice but easy-to-use together with the defaults of other
        -:   51:   utilities, e.g. sort or cut. - Same as SunOS does.
        -:   52:   -  With multicolumn output
        -:   53:      two conflicting POSIX requirements exist:
        -:   54:   First "default n-separator is TAB", second "output text columns shall
        -:   55:   be of equal width". Moreover POSIX specifies the number+separator a
        -:   56:   part of the column, together with '-COLUMN' and '-a -COLUMN'.
        -:   57:   (With -m output the number shall occupy each line only once. Exactly
        -:   58:   the same situation as single column output exists.)
        -:   59:      GNU pr gives priority to the 2nd requirement and observes POSIX
        -:   60:   column definition. The n-separator TAB is expanded to the same number
        -:   61:   of spaces in each column using the default value 8. Tabification is
        -:   62:   only performed if it is compatible with the output position.
        -:   63:   Consequence: The output text columns are of equal width. The layout
        -:   64:   of a page does not change if the left margin varies. - Looks better
        -:   65:   than the SunOS approach.
        -:   66:      SunOS pr gives priority to the 1st requirement. n-separator TAB
        -:   67:   width varies with each column. Only the width of text part of the
        -:   68:   column is fixed.
        -:   69:   Consequence: The output text columns don't have equal width. The
        -:   70:   widths and the layout of the whole page varies with the left margin.
        -:   71:   An overflow of the line length (without margin) over the input value
        -:   72:   PAGE_WIDTH may occur.
        -:   73:
        -:   74:   The interference of the POSIX-compliant small letter options -w and -s:
        -:   75:   ("interference" means "setting a _separator_ with -s switches off the
        -:   76:   column structure and the default - not generally - page_width,
        -:   77:   acts on -w option")
        -:   78:       options:       text form  / separator:     equivalent new options:
        -:   79:       -w l   -s[x]
        -:   80:    --------------------------------------------------------------------
        -:   81:    1.  --     --     columns    / space          --
        -:   82:                      trunc. to page_width = 72
        -:   83:    2.  --    -s[:]   full lines / TAB[:]         -J  --sep-string[="<TAB>"|:]
        -:   84:                      no truncation
        -:   85:    3.  -w l   --     columns    / space          -W l
        -:   86:                      trunc. to page_width = l
        -:   87:    4.  -w l  -s[:]   columns    / no sep.[:]     -W l  --sep-string[=:]
        -:   88:                      trunc. to page_width = l
        -:   89:    --------------------------------------------------------------------
        -:   90:
        -:   91:
        -:   92:   Options:
        -:   93:
        -:   94:   Including version 1.22i:
        -:   95:   Some SMALL LETTER options have been redefined with the object of a
        -:   96:   better POSIX compliance. The output of some further cases has been
        -:   97:   adapted to other UNIXes. A violation of downward compatibility has to
        -:   98:   be accepted.
        -:   99:   Some NEW CAPITAL LETTER options ( -J, -S, -W) has been introduced to
        -:  100:   turn off unexpected interference of small letter options (-s and -w
        -:  101:   together with the three column options).
        -:  102:   -N option and the second argument LAST_PAGE of +FIRST_PAGE offer more
        -:  103:   flexibility; The detailed handling of form feeds set in the input
        -:  104:   files requires -T option.
        -:  105:
        -:  106:   Capital letter options dominate small letter ones.
        -:  107:
        -:  108:   Some of the option-arguments cannot be specified as separate arguments
        -:  109:   from the preceding option letter (already stated in POSIX specification).
        -:  110:
        -:  111:   Form feeds in the input cause page breaks in the output. Multiple
        -:  112:   form feeds produce empty pages.
        -:  113:
        -:  114:   +FIRST_PAGE[:LAST_PAGE], --pages=FIRST_PAGE[:LAST_PAGE]
        -:  115:                begin [stop] printing with page FIRST_[LAST_]PAGE
        -:  116:
        -:  117:   -COLUMN, --columns=COLUMN
        -:  118:                Produce output that is COLUMN columns wide and
        -:  119:                print columns down, unless -a is used. Balance number of
        -:  120:                lines in the columns on each page.
        -:  121:
        -:  122:   -a, --across		Print columns across rather than down, used
        -:  123:                together with -COLUMN. The input
        -:  124:                one
        -:  125:                two
        -:  126:                three
        -:  127:                four
        -:  128:                will be printed with '-a -3' as
        -:  129:                one	two	three
        -:  130:                four
        -:  131:
        -:  132:   -b		Balance columns on the last page.
        -:  133:                -b is no longer an independent option. It's always used
        -:  134:                together with -COLUMN (unless -a is used) to get a
        -:  135:                consistent formulation with "FF set by hand" in input
        -:  136:                files. Each formfeed found terminates the number of lines
        -:  137:                to be read with the actual page. The situation for
        -:  138:                printing columns down is equivalent to that on the last
        -:  139:                page. So we need a balancing.
        -:  140:
        -:  141:                Keeping -b as an underground option guarantees some
        -:  142:                downward compatibility. Utilities using pr with -b
        -:  143:                (a most frequently used form) still work as usual.
        -:  144:
        -:  145:   -c, --show-control-chars
        -:  146:                Print nonprintable characters as control prefixes.
        -:  147:                Control-g is printed as ^G (use hat notation) and
        -:  148:                octal backslash notation.
        -:  149:
        -:  150:   -d, --double-space	Double space the output.
        -:  151:
        -:  152:   -D FORMAT, --date-format=FORMAT  Use FORMAT for the header date.
        -:  153:
        -:  154:   -e[CHAR[WIDTH]], --expand-tabs[=CHAR[WIDTH]]
        -:  155:                Expand tabs to spaces on input.  Optional argument CHAR
        -:  156:                is the input TAB character. (Default is TAB).  Optional
        -:  157:                argument WIDTH is the input TAB character's width.
        -:  158:                (Default is 8.)
        -:  159:
        -:  160:   -F, -f, --form-feed	Use formfeeds instead of newlines to separate
        -:  161:                pages. A three line HEADER is used, no TRAILER with -F,
        -:  162:                without -F both HEADER and TRAILER are made of five lines.
        -:  163:
        -:  164:   -h HEADER, --header=HEADER
        -:  165:                Replace the filename in the header with the string HEADER.
        -:  166:                A centered header is used.
        -:  167:
        -:  168:   -i[CHAR[WIDTH]], --output-tabs[=CHAR[WIDTH]]
        -:  169:                Replace spaces with tabs on output.  Optional argument
        -:  170:                CHAR is the output TAB character. (Default is TAB).
        -:  171:                Optional argument WIDTH is the output TAB character's
        -:  172:                width. (Default is 8)
        -:  173:
        -:  174:   -J, --join-lines	Merge lines of full length, turns off -W/-w
        -:  175:                line truncation, no column alignment, --sep-string[=STRING]
        -:  176:                sets separators, works with all column options
        -:  177:                (-COLUMN | -a -COLUMN | -m).
        -:  178:                -J has been introduced (together with -W and --sep-string) to
        -:  179:                disentangle the old (POSIX compliant) options -w, -s
        -:  180:                along with the 3 column options.
        -:  181:
        -:  182:   -l PAGE_LENGTH, --length=PAGE_LENGTH
        -:  183:                Set the page length to PAGE_LENGTH lines. Default is 66,
        -:  184:                including 5 lines of HEADER and 5 lines of TRAILER
        -:  185:                without -F, but only 3 lines of HEADER and no TRAILER
        -:  186:                with -F (i.e the number of text lines defaults to 56 or
        -:  187:                63 respectively).
        -:  188:
        -:  189:   -m, --merge		Print files in parallel; pad_across_to align
        -:  190:                columns; truncate lines and print separator strings;
        -:  191:                Do it also with empty columns to get a continuous line
        -:  192:                numbering and column marking by separators throughout
        -:  193:                the whole merged file.
        -:  194:
        -:  195:                Empty pages in some input files produce empty columns
        -:  196:                [marked by separators] in the merged pages. Completely
        -:  197:                empty merged pages show no column separators at all.
        -:  198:
        -:  199:                The layout of a merged page is ruled by the largest form
        -:  200:                feed distance of the single pages at that page. Shorter
        -:  201:                columns will be filled up with empty lines.
        -:  202:
        -:  203:                Together with -J option join lines of full length and
        -:  204:                set separators when -S option is used.
        -:  205:
        -:  206:   -n[SEP[DIGITS]], --number-lines[=SEP[DIGITS]]
        -:  207:                Provide DIGITS digit line numbering (default for DIGITS
        -:  208:                is 5). With multicolumn output the number occupies the
        -:  209:                first DIGITS column positions of each text column or only
        -:  210:                each line of -m output.
        -:  211:                With single column output the number precedes each line
        -:  212:                just as -m output.
        -:  213:                Optional argument SEP is the character appended to the
        -:  214:                line number to separate it from the text followed.
        -:  215:                The default separator is a TAB. In a strict sense a TAB
        -:  216:                is always printed with single column output only. The
        -:  217:                TAB-width varies with the TAB-position, e.g. with the
        -:  218:                left margin specified by -o option.
        -:  219:                With multicolumn output priority is given to "equal width
        -:  220:                of output columns" (a POSIX specification). The TAB-width
        -:  221:                is fixed to the value of the 1st column and does not
        -:  222:                change with different values of left margin. That means a
        -:  223:                fixed number of spaces is always printed in the place of
        -:  224:                a TAB. The tabification depends upon the output
        -:  225:                position.
        -:  226:
        -:  227:                Default counting of the line numbers starts with 1st
        -:  228:                line of the input file (not the 1st line printed,
        -:  229:                compare the --page option and -N option).
        -:  230:
        -:  231:   -N NUMBER, --first-line-number=NUMBER
        -:  232:                Start line counting with the number NUMBER at the 1st
        -:  233:                line of first page printed (mostly not the 1st line of
        -:  234:                the input file).
        -:  235:
        -:  236:   -o MARGIN, --indent=MARGIN
        -:  237:                Offset each line with a margin MARGIN spaces wide.
        -:  238:                Total page width is the size of the margin plus the
        -:  239:                PAGE_WIDTH set with -W/-w option.
        -:  240:
        -:  241:   -r, --no-file-warnings
        -:  242:                Omit warning when a file cannot be opened.
        -:  243:
        -:  244:   -s[CHAR], --separator[=CHAR]
        -:  245:                Separate columns by a single character CHAR, default for
        -:  246:                CHAR is the TAB character without -w and 'no char' with -w.
        -:  247:                Without '-s' default separator 'space' is set.
        -:  248:                -s[CHAR] turns off line truncation of all 3 column options
        -:  249:                (-COLUMN|-a -COLUMN|-m) except -w is set. That is a POSIX
        -:  250:                compliant formulation. The source code translates -s into
        -:  251:                the new options -S and -J, also -W if required.
        -:  252:
        -:  253:   -S[STRING], --sep-string[=STRING]
        -:  254:                Separate columns by any string STRING. The -S option
        -:  255:                doesn't react upon the -W/-w option (unlike -s option
        -:  256:                does). It defines a separator nothing else.
        -:  257:                Without -S: Default separator TAB is used with -J and
        -:  258:                'space' otherwise (same as -S" ").
        -:  259:                With -S "": No separator is used.
        -:  260:                Quotes should be used with blanks and some shell active
        -:  261:                characters.
        -:  262:                -S is problematic because in its obsolete form you
        -:  263:                cannot use -S "STRING", but in its standard form you
        -:  264:                must use -S "STRING" if STRING is empty.  Use
        -:  265:                --sep-string to avoid the ambiguity.
        -:  266:
        -:  267:   -t, --omit-header	Do not print headers or footers but retain form
        -:  268:                feeds set in the input files.
        -:  269:
        -:  270:   -T, --omit-pagination
        -:  271:                Do not print headers or footers, eliminate any pagination
        -:  272:                by form feeds set in the input files.
        -:  273:
        -:  274:   -v, --show-nonprinting
        -:  275:                Print nonprintable characters as escape sequences. Use
        -:  276:                octal backslash notation. Control-G becomes \007.
        -:  277:
        -:  278:   -w PAGE_WIDTH, --width=PAGE_WIDTH
        -:  279:                Set page width to PAGE_WIDTH characters for multiple
        -:  280:                text-column output only (default for PAGE_WIDTH is 72).
        -:  281:                -s[CHAR] turns off the default page width and any line
        -:  282:                truncation. Lines of full length will be merged,
        -:  283:                regardless of the column options set. A POSIX compliant
        -:  284:                formulation.
        -:  285:
        -:  286:   -W PAGE_WIDTH, --page-width=PAGE_WIDTH
        -:  287:                Set the page width to PAGE_WIDTH characters. That's valid
        -:  288:                with and without a column option. Text lines will be
        -:  289:                truncated, unless -J is used. Together with one of the
        -:  290:                column options (-COLUMN| -a -COLUMN| -m) column alignment
        -:  291:                is always used.
        -:  292:                Default is 72 characters.
        -:  293:                Without -W PAGE_WIDTH
        -:  294:                - but with one of the column options default truncation of
        -:  295:                  72 characters is used (to keep downward compatibility
        -:  296:                  and to simplify most frequently met column tasks).
        -:  297:                  Column alignment and column separators are used.
        -:  298:                - and without any of the column options NO line truncation
        -:  299:                  is used (to keep downward compatibility and to meet most
        -:  300:                  frequent tasks). That's equivalent to  -W 72 -J .
        -:  301:
        -:  302:                With/without  -W PAGE_WIDTH  the header line is always
        -:  303:                truncated to avoid line overflow.
        -:  304:
        -:  305:                (In pr versions newer than 1.14 -S option does no longer
        -:  306:                affect -W option.)
        -:  307:
        -:  308:*/
        -:  309:
        -:  310:#include <config.h>
        -:  311:
        -:  312:#include <getopt.h>
        -:  313:#include <stdckdint.h>
        -:  314:#include <sys/types.h>
        -:  315:#include "system.h"
        -:  316:#include "fadvise.h"
        -:  317:#include "hard-locale.h"
        -:  318:#include "mbswidth.h"
        -:  319:#include "quote.h"
        -:  320:#include "stat-time.h"
        -:  321:#include "stdio--.h"
        -:  322:#include "strftime.h"
        -:  323:#include "xstrtol.h"
        -:  324:#include "xstrtol-error.h"
        -:  325:#include "xdectoint.h"
        -:  326:
        -:  327:/* The official name of this program (e.g., no 'g' prefix).  */
        -:  328:#define PROGRAM_NAME "pr"
        -:  329:
        -:  330:#define AUTHORS \
        -:  331:  proper_name ("Pete TerMaat"), \
        -:  332:  proper_name ("Roland Huebner")
        -:  333:
        -:  334:/* Used with start_position in the struct COLUMN described below.
        -:  335:   If start_position == ANYWHERE, we aren't truncating columns and
        -:  336:   can begin printing a column anywhere.  Otherwise we must pad to
        -:  337:   the horizontal position start_position. */
        -:  338:#define ANYWHERE	0
        -:  339:
        -:  340:/* Each column has one of these structures allocated for it.
        -:  341:   If we're only dealing with one file, fp is the same for all
        -:  342:   columns.
        -:  343:
        -:  344:   The general strategy is to spend time setting up these column
        -:  345:   structures (storing columns if necessary), after which printing
        -:  346:   is a matter of flitting from column to column and calling
        -:  347:   print_func.
        -:  348:
        -:  349:   Parallel files, single files printing across in multiple
        -:  350:   columns, and single files printing down in multiple columns all
        -:  351:   fit the same printing loop.
        -:  352:
        -:  353:   print_func		Function used to print lines in this column.
        -:  354:                        If we're storing this column it will be
        -:  355:                        print_stored(), Otherwise it will be read_line().
        -:  356:
        -:  357:   char_func		Function used to process characters in this column.
        -:  358:                        If we're storing this column it will be store_char(),
        -:  359:                        otherwise it will be print_char().
        -:  360:
        -:  361:   current_line		Index of the current entry in line_vector, which
        -:  362:                        contains the index of the first character of the
        -:  363:                        current line in buff[].
        -:  364:
        -:  365:   lines_stored		Number of lines in this column which are stored in
        -:  366:                        buff.
        -:  367:
        -:  368:   lines_to_print	If we're storing this column, lines_to_print is
        -:  369:                        the number of stored_lines which remain to be
        -:  370:                        printed.  Otherwise it is the number of lines
        -:  371:                        we can print without exceeding lines_per_body.
        -:  372:
        -:  373:   start_position	The horizontal position we want to be in before we
        -:  374:                        print the first character in this column.
        -:  375:
        -:  376:   numbered		True means precede this column with a line number. */
        -:  377:
        -:  378:/* FIXME: There are many unchecked integer overflows in this file,
        -:  379:   that will cause this command to misbehave given large inputs or
        -:  380:   options.  Many of the "int" values below should be "size_t" or
        -:  381:   something else like that.  */
        -:  382:
        -:  383:struct COLUMN;
        -:  384:struct COLUMN
        -:  385:  {
        -:  386:    FILE *fp;			/* Input stream for this column. */
        -:  387:    char const *name;		/* File name. */
        -:  388:    enum
        -:  389:      {
        -:  390:        OPEN,
        -:  391:        FF_FOUND,		/* used with -b option, set with \f, changed
        -:  392:                                   to ON_HOLD after print_header */
        -:  393:        ON_HOLD,		/* Hit a form feed. */
        -:  394:        CLOSED
        -:  395:      }
        -:  396:    status;			/* Status of the file pointer. */
        -:  397:
        -:  398:    /* Func to print lines in this col. */
        -:  399:    bool (*print_func) (struct COLUMN *);
        -:  400:
        -:  401:    /* Func to print/store chars in this col. */
        -:  402:    void (*char_func) (char);
        -:  403:
        -:  404:    int current_line;		/* Index of current place in line_vector. */
        -:  405:    int lines_stored;		/* Number of lines stored in buff. */
        -:  406:    int lines_to_print;		/* No. lines stored or space left on page. */
        -:  407:    int start_position;		/* Horizontal position of first char. */
        -:  408:    bool numbered;
        -:  409:    bool full_page_printed;	/* True means printed without a FF found. */
        -:  410:
        -:  411:    /* p->full_page_printed  controls a special case of "FF set by hand":
        -:  412:       True means a full page has been printed without FF found. To avoid an
        -:  413:       additional empty page we have to ignore a FF immediately following in
        -:  414:       the next line. */
        -:  415:  };
        -:  416:
        -:  417:typedef struct COLUMN COLUMN;
        -:  418:
        -:  419:static int char_to_clump (char c);
        -:  420:static bool read_line (COLUMN *p);
        -:  421:static bool print_page (void);
        -:  422:static bool print_stored (COLUMN *p);
        -:  423:static bool open_file (char *name, COLUMN *p);
        -:  424:static bool skip_to_page (uintmax_t page);
        -:  425:static void print_header (void);
        -:  426:static void pad_across_to (int position);
        -:  427:static void add_line_number (COLUMN *p);
        -:  428:static void getoptnum (char const *n_str, int min, int *num,
        -:  429:                       char const *errfmt);
        -:  430:static void getoptarg (char *arg, char switch_char, char *character,
        -:  431:                       int *number);
        -:  432:static void print_files (int number_of_files, char **av);
        -:  433:static void init_parameters (int number_of_files);
        -:  434:static void init_header (char const *filename, int desc);
        -:  435:static bool init_fps (int number_of_files, char **av);
        -:  436:static void init_funcs (void);
        -:  437:static void init_store_cols (void);
        -:  438:static void store_columns (void);
        -:  439:static void balance (int total_stored);
        -:  440:static void store_char (char c);
        -:  441:static void pad_down (unsigned int lines);
        -:  442:static void read_rest_of_line (COLUMN *p);
        -:  443:static void skip_read (COLUMN *p, int column_number);
        -:  444:static void print_char (char c);
        -:  445:static void cleanup (void);
        -:  446:static void print_sep_string (void);
        -:  447:static void separator_string (char const *optarg_S);
        -:  448:
        -:  449:/* All of the columns to print.  */
        -:  450:static COLUMN *column_vector;
        -:  451:
        -:  452:/* When printing a single file in multiple downward columns,
        -:  453:   we store the leftmost columns contiguously in buff.
        -:  454:   To print a line from buff, get the index of the first character
        -:  455:   from line_vector[i], and print up to line_vector[i + 1]. */
        -:  456:static char *buff;
        -:  457:
        -:  458:/* Index of the position in buff where the next character
        -:  459:   will be stored. */
        -:  460:static unsigned int buff_current;
        -:  461:
        -:  462:/* The number of characters in buff.
        -:  463:   Used for allocation of buff and to detect overflow of buff. */
        -:  464:static size_t buff_allocated;
        -:  465:
        -:  466:/* Array of indices into buff.
        -:  467:   Each entry is an index of the first character of a line.
        -:  468:   This is used when storing lines to facilitate shuffling when
        -:  469:   we do column balancing on the last page. */
        -:  470:static int *line_vector;
        -:  471:
        -:  472:/* Array of horizontal positions.
        -:  473:   For each line in line_vector, end_vector[line] is the horizontal
        -:  474:   position we are in after printing that line.  We keep track of this
        -:  475:   so that we know how much we need to pad to prepare for the next
        -:  476:   column. */
        -:  477:static int *end_vector;
        -:  478:
        -:  479:/* (-m) True means we're printing multiple files in parallel. */
        -:  480:static bool parallel_files = false;
        -:  481:
        -:  482:/* (-m) True means a line starts with some empty columns (some files
        -:  483:   already CLOSED or ON_HOLD) which we have to align. */
        -:  484:static bool align_empty_cols;
        -:  485:
        -:  486:/* (-m) True means we have not yet found any printable column in a line.
        -:  487:   align_empty_cols = true  has to be maintained. */
        -:  488:static bool empty_line;
        -:  489:
        -:  490:/* (-m) False means printable column output precedes a form feed found.
        -:  491:   Column alignment is done only once. No additional action with that form
        -:  492:   feed.
        -:  493:   True means we found only a form feed in a column. Maybe we have to do
        -:  494:   some column alignment with that form feed. */
        -:  495:static bool FF_only;
        -:  496:
        -:  497:/* (-[0-9]+) True means we're given an option explicitly specifying
        -:  498:   number of columns.  Used to detect when this option is used with -m
        -:  499:   and when translating old options to new/long options. */
        -:  500:static bool explicit_columns = false;
        -:  501:
        -:  502:/* (-t|-T) False means we aren't printing headers and footers. */
        -:  503:static bool extremities = true;
        -:  504:
        -:  505:/* (-t) True means we retain all FF set by hand in input files.
        -:  506:   False is set with -T option. */
        -:  507:static bool keep_FF = false;
        -:  508:static bool print_a_FF = false;
        -:  509:
        -:  510:/* True means we need to print a header as soon as we know we've got input
        -:  511:   to print after it. */
        -:  512:static bool print_a_header;
        -:  513:
        -:  514:/* (-f) True means use formfeeds instead of newlines to separate pages. */
        -:  515:static bool use_form_feed = false;
        -:  516:
        -:  517:/* True means we have read the standard input. */
        -:  518:static bool have_read_stdin = false;
        -:  519:
        -:  520:/* True means the -a flag has been given. */
        -:  521:static bool print_across_flag = false;
        -:  522:
        -:  523:/* True means we're printing one file in multiple (>1) downward columns. */
        -:  524:static bool storing_columns = true;
        -:  525:
        -:  526:/* (-b) True means balance columns on the last page as Sys V does. */
        -:  527:/* That's no longer an independent option. With storing_columns = true
        -:  528:   balance_columns = true is used too (s. function init_parameters).
        -:  529:   We get a consistent formulation with "FF set by hand" in input files. */
        -:  530:static bool balance_columns = false;
        -:  531:
        -:  532:/* (-l) Number of lines on a page, including header and footer lines. */
        -:  533:static int lines_per_page = 66;
        -:  534:
        -:  535:/* Number of lines in the header and footer can be reset to 0 using
        -:  536:   the -t flag. */
        -:  537:enum { lines_per_header = 5 };
        -:  538:static int lines_per_body;
        -:  539:enum { lines_per_footer = 5 };
        -:  540:
        -:  541:/* (-w|-W) Width in characters of the page.  Does not include the width of
        -:  542:   the margin. */
        -:  543:static int chars_per_line = 72;
        -:  544:
        -:  545:/* (-w|W) True means we truncate lines longer than chars_per_column. */
        -:  546:static bool truncate_lines = false;
        -:  547:
        -:  548:/* (-J) True means we join lines without any line truncation. -J
        -:  549:   dominates -w option. */
        -:  550:static bool join_lines = false;
        -:  551:
        -:  552:/* Number of characters in a column.  Based on col_sep_length and
        -:  553:   page width. */
        -:  554:static int chars_per_column;
        -:  555:
        -:  556:/* (-e) True means convert tabs to spaces on input. */
        -:  557:static bool untabify_input = false;
        -:  558:
        -:  559:/* (-e) The input tab character. */
        -:  560:static char input_tab_char = '\t';
        -:  561:
        -:  562:/* (-e) Tabstops are at chars_per_tab, 2*chars_per_tab, 3*chars_per_tab, ...
        -:  563:   where the leftmost column is 1. */
        -:  564:static int chars_per_input_tab = 8;
        -:  565:
        -:  566:/* (-i) True means convert spaces to tabs on output. */
        -:  567:static bool tabify_output = false;
        -:  568:
        -:  569:/* (-i) The output tab character. */
        -:  570:static char output_tab_char = '\t';
        -:  571:
        -:  572:/* (-i) The width of the output tab. */
        -:  573:static int chars_per_output_tab = 8;
        -:  574:
        -:  575:/* Keeps track of pending white space.  When we hit a nonspace
        -:  576:   character after some whitespace, we print whitespace, tabbing
        -:  577:   if necessary to get to output_position + spaces_not_printed. */
        -:  578:static int spaces_not_printed;
        -:  579:
        -:  580:/* (-o) Number of spaces in the left margin (tabs used when possible). */
        -:  581:static int chars_per_margin = 0;
        -:  582:
        -:  583:/* Position where the next character will fall.
        -:  584:   Leftmost position is 0 + chars_per_margin.
        -:  585:   Rightmost position is chars_per_margin + chars_per_line - 1.
        -:  586:   This is important for converting spaces to tabs on output. */
        -:  587:static int output_position;
        -:  588:
        -:  589:/* Horizontal position relative to the current file.
        -:  590:   (output_position depends on where we are on the page;
        -:  591:   input_position depends on where we are in the file.)
        -:  592:   Important for converting tabs to spaces on input. */
        -:  593:static int input_position;
        -:  594:
        -:  595:/* True if there were any failed opens so we can exit with nonzero
        -:  596:   status.  */
        -:  597:static bool failed_opens = false;
        -:  598:
        -:  599:/* The number of spaces taken up if we print a tab character with width
        -:  600:   c_ from position h_. */
        -:  601:#define TAB_WIDTH(c_, h_) ((c_) - ((h_) % (c_)))
        -:  602:
        -:  603:/* The horizontal position we'll be at after printing a tab character
        -:  604:   of width c_ from the position h_. */
        -:  605:#define POS_AFTER_TAB(c_, h_) ((h_) + TAB_WIDTH (c_, h_))
        -:  606:
        -:  607:/* (-NNN) Number of columns of text to print. */
        -:  608:static int columns = 1;
        -:  609:
        -:  610:/* (+NNN:MMM) Page numbers on which to begin and stop printing.
        -:  611:   first_page_number = 0  will be used to check input only. */
        -:  612:static uintmax_t first_page_number = 0;
        -:  613:static uintmax_t last_page_number = UINTMAX_MAX;
        -:  614:
        -:  615:/* Number of files open (not closed, not on hold). */
        -:  616:static int files_ready_to_read = 0;
        -:  617:
        -:  618:/* Current page number.  Displayed in header. */
        -:  619:static uintmax_t page_number;
        -:  620:
        -:  621:/* Current line number.  Displayed when -n flag is specified.
        -:  622:
        -:  623:   When printing files in parallel (-m flag), line numbering is as follows:
        -:  624:   1    foo     goo     moo
        -:  625:   2    hoo     too     zoo
        -:  626:
        -:  627:   When printing files across (-a flag), ...
        -:  628:   1    foo     2       moo     3       goo
        -:  629:   4    hoo     5       too     6       zoo
        -:  630:
        -:  631:   Otherwise, line numbering is as follows:
        -:  632:   1    foo     3       goo     5       too
        -:  633:   2    moo     4       hoo     6       zoo */
        -:  634:static int line_number;
        -:  635:
        -:  636:/* (-n) True means lines should be preceded by numbers. */
        -:  637:static bool numbered_lines = false;
        -:  638:
        -:  639:/* (-n) Character which follows each line number. */
        -:  640:static char number_separator = '\t';
        -:  641:
        -:  642:/* (-n) line counting starts with 1st line of input file (not with 1st
        -:  643:   line of 1st page printed). */
        -:  644:static int line_count = 1;
        -:  645:
        -:  646:/* (-n) True means counting of skipped lines starts with 1st line of
        -:  647:   input file. False means -N option is used in addition, counting of
        -:  648:   skipped lines not required. */
        -:  649:static bool skip_count = true;
        -:  650:
        -:  651:/* (-N) Counting starts with start_line_number = NUMBER at 1st line of
        -:  652:   first page printed, usually not 1st page of input file. */
        -:  653:static int start_line_num = 1;
        -:  654:
        -:  655:/* (-n) Width in characters of a line number. */
        -:  656:static int chars_per_number = 5;
        -:  657:
        -:  658:/* Used when widening the first column to accommodate numbers -- only
        -:  659:   needed when printing files in parallel.  Includes width of both the
        -:  660:   number and the number_separator. */
        -:  661:static int number_width;
        -:  662:
        -:  663:/* Buffer sprintf uses to format a line number. */
        -:  664:static char *number_buff;
        -:  665:
        -:  666:/* (-v) True means nonprintable characters are printed as escape sequences.
        -:  667:   control-g becomes \007. */
        -:  668:static bool use_esc_sequence = false;
        -:  669:
        -:  670:/* (-c) True means nonprintable characters are printed as control prefixes.
        -:  671:   control-g becomes ^G. */
        -:  672:static bool use_cntrl_prefix = false;
        -:  673:
        -:  674:/* (-d) True means output is double spaced. */
        -:  675:static bool double_space = false;
        -:  676:
        -:  677:/* Number of files opened initially in init_files.  Should be 1
        -:  678:   unless we're printing multiple files in parallel. */
        -:  679:static int total_files = 0;
        -:  680:
        -:  681:/* (-r) True means don't complain if we can't open a file. */
        -:  682:static bool ignore_failed_opens = false;
        -:  683:
        -:  684:/* (-S) True means we separate columns with a specified string.
        -:  685:   -S option does not affect line truncation nor column alignment. */
        -:  686:static bool use_col_separator = false;
        -:  687:
        -:  688:/* String used to separate columns if the -S option has been specified.
        -:  689:   Default without -S but together with one of the column options
        -:  690:   -a|COLUMN|-m is a 'space' and with the -J option a 'tab'. */
        -:  691:static char const *col_sep_string = "";
        -:  692:static int col_sep_length = 0;
        -:  693:static char *column_separator = (char *) " ";
        -:  694:static char *line_separator = (char *) "\t";
        -:  695:
        -:  696:/* Number of separator characters waiting to be printed as soon as we
        -:  697:   know that we have any input remaining to be printed. */
        -:  698:static int separators_not_printed;
        -:  699:
        -:  700:/* Position we need to pad to, as soon as we know that we have input
        -:  701:   remaining to be printed. */
        -:  702:static int padding_not_printed;
        -:  703:
        -:  704:/* True means we should pad the end of the page.  Remains false until we
        -:  705:   know we have a page to print. */
        -:  706:static bool pad_vertically;
        -:  707:
        -:  708:/* (-h) String of characters used in place of the filename in the header. */
        -:  709:static char *custom_header;
        -:  710:
        -:  711:/* (-D) Date format for the header.  */
        -:  712:static char const *date_format;
        -:  713:
        -:  714:/* The local time zone rules, as per the TZ environment variable.  */
        -:  715:static timezone_t localtz;
        -:  716:
        -:  717:/* Date and file name for the header.  */
        -:  718:static char *date_text;
        -:  719:static char const *file_text;
        -:  720:
        -:  721:/* Output columns available, not counting the date and file name.  */
        -:  722:static int header_width_available;
        -:  723:
        -:  724:static char *clump_buff;
        -:  725:
        -:  726:/* True means we read the line no. lines_per_body in skip_read
        -:  727:   called by skip_to_page. That variable controls the coincidence of a
        -:  728:   "FF set by hand" and "full_page_printed", see above the definition of
        -:  729:   structure COLUMN. */
        -:  730:static bool last_line = false;
        -:  731:
        -:  732:/* For long options that have no equivalent short option, use a
        -:  733:   non-character as a pseudo short option, starting with CHAR_MAX + 1.  */
        -:  734:enum
        -:  735:{
        -:  736:  COLUMNS_OPTION = CHAR_MAX + 1,
        -:  737:  PAGES_OPTION
        -:  738:};
        -:  739:
        -:  740:static char const short_options[] =
        -:  741:  "-0123456789D:FJN:S::TW:abcde::fh:i::l:mn::o:rs::tvw:";
        -:  742:
        -:  743:static struct option const long_options[] =
        -:  744:{
        -:  745:  {"pages", required_argument, nullptr, PAGES_OPTION},
        -:  746:  {"columns", required_argument, nullptr, COLUMNS_OPTION},
        -:  747:  {"across", no_argument, nullptr, 'a'},
        -:  748:  {"show-control-chars", no_argument, nullptr, 'c'},
        -:  749:  {"double-space", no_argument, nullptr, 'd'},
        -:  750:  {"date-format", required_argument, nullptr, 'D'},
        -:  751:  {"expand-tabs", optional_argument, nullptr, 'e'},
        -:  752:  {"form-feed", no_argument, nullptr, 'f'},
        -:  753:  {"header", required_argument, nullptr, 'h'},
        -:  754:  {"output-tabs", optional_argument, nullptr, 'i'},
        -:  755:  {"join-lines", no_argument, nullptr, 'J'},
        -:  756:  {"length", required_argument, nullptr, 'l'},
        -:  757:  {"merge", no_argument, nullptr, 'm'},
        -:  758:  {"number-lines", optional_argument, nullptr, 'n'},
        -:  759:  {"first-line-number", required_argument, nullptr, 'N'},
        -:  760:  {"indent", required_argument, nullptr, 'o'},
        -:  761:  {"no-file-warnings", no_argument, nullptr, 'r'},
        -:  762:  {"separator", optional_argument, nullptr, 's'},
        -:  763:  {"sep-string", optional_argument, nullptr, 'S'},
        -:  764:  {"omit-header", no_argument, nullptr, 't'},
        -:  765:  {"omit-pagination", no_argument, nullptr, 'T'},
        -:  766:  {"show-nonprinting", no_argument, nullptr, 'v'},
        -:  767:  {"width", required_argument, nullptr, 'w'},
        -:  768:  {"page-width", required_argument, nullptr, 'W'},
        -:  769:  {GETOPT_HELP_OPTION_DECL},
        -:  770:  {GETOPT_VERSION_OPTION_DECL},
        -:  771:  {nullptr, 0, nullptr, 0}
        -:  772:};
        -:  773:
        -:  774:static _Noreturn void
function integer_overflow called 0 returned 0% blocks executed 0%
    #####:  775:integer_overflow (void)
        -:  776:{
    #####:  777:  error (EXIT_FAILURE, 0, _("integer overflow"));
        -:  778:}
        -:  779:
        -:  780:/* Return the number of columns that have either an open file or
        -:  781:   stored lines. */
        -:  782:
        -:  783:ATTRIBUTE_PURE
        -:  784:static unsigned int
function cols_ready_to_print called 6 returned 100% blocks executed 82%
        6:  785:cols_ready_to_print (void)
        -:  786:{
        -:  787:  COLUMN *q;
        -:  788:  unsigned int i;
        -:  789:  unsigned int n;
        -:  790:
        6:  791:  n = 0;
       12:  792:  for (q = column_vector, i = 0; i < columns; ++q, ++i)
branch  0 taken 50%
branch  1 taken 50% (fallthrough)
        6:  793:    if (q->status == OPEN
branch  0 taken 67% (fallthrough)
branch  1 taken 33%
        4:  794:        || q->status == FF_FOUND	/* With -b: To print a header only */
branch  0 taken 100% (fallthrough)
branch  1 taken 0%
       4*:  795:        || (storing_columns && q->lines_stored > 0 && q->lines_to_print > 0))
branch  0 taken 0% (fallthrough)
branch  1 taken 100%
branch  2 never executed
branch  3 never executed
branch  4 never executed
branch  5 never executed
        2:  796:      ++n;
        6:  797:  return n;
        -:  798:}
        -:  799:
        -:  800:/* Estimate first_ / last_page_number
        -:  801:   using option +FIRST_PAGE:LAST_PAGE */
        -:  802:
        -:  803:static bool
function first_last_page called 0 returned 0% blocks executed 0%
    #####:  804:first_last_page (int oi, char c, char const *pages)
        -:  805:{
        -:  806:  char *p;
        -:  807:  uintmax_t first;
    #####:  808:  uintmax_t last = UINTMAX_MAX;
    #####:  809:  strtol_error err = xstrtoumax (pages, &p, 10, &first, "");
call    0 never executed
    #####:  810:  if (err != LONGINT_OK && err != LONGINT_INVALID_SUFFIX_CHAR)
branch  0 never executed
branch  1 never executed
branch  2 never executed
branch  3 never executed
    #####:  811:    xstrtol_fatal (err, oi, c, long_options, pages);
call    0 never executed
        -:  812:
    #####:  813:  if (p == pages || !first)
branch  0 never executed
branch  1 never executed
branch  2 never executed
branch  3 never executed
    #####:  814:    return false;
        -:  815:
    #####:  816:  if (*p == ':')
branch  0 never executed
branch  1 never executed
        -:  817:    {
    #####:  818:      char const *p1 = p + 1;
    #####:  819:      err = xstrtoumax (p1, &p, 10, &last, "");
call    0 never executed
    #####:  820:      if (err != LONGINT_OK)
branch  0 never executed
branch  1 never executed
    #####:  821:        xstrtol_fatal (err, oi, c, long_options, pages);
call    0 never executed
    #####:  822:      if (p1 == p || last < first)
branch  0 never executed
branch  1 never executed
branch  2 never executed
branch  3 never executed
    #####:  823:        return false;
        -:  824:    }
        -:  825:
    #####:  826:  if (*p)
branch  0 never executed
branch  1 never executed
    #####:  827:    return false;
        -:  828:
    #####:  829:  first_page_number = first;
    #####:  830:  last_page_number = last;
    #####:  831:  return true;
        -:  832:}
        -:  833:
        -:  834:/* Parse column count string S, and if it's valid (1 or larger and
        -:  835:   within range of the type of 'columns') set the global variables
        -:  836:   columns and explicit_columns.  Otherwise, exit with a diagnostic.  */
        -:  837:
        -:  838:static void
function parse_column_count called 0 returned 0% blocks executed 0%
    #####:  839:parse_column_count (char const *s)
        -:  840:{
    #####:  841:  getoptnum (s, 1, &columns, _("invalid number of columns"));
call    0 never executed
    #####:  842:  explicit_columns = true;
    #####:  843:}
        -:  844:
        -:  845:/* Estimate length of col_sep_string with option -S.  */
        -:  846:
        -:  847:static void
function separator_string called 0 returned 0% blocks executed 0%
    #####:  848:separator_string (char const *optarg_S)
        -:  849:{
    #####:  850:  size_t len = strlen (optarg_S);
    #####:  851:  if (INT_MAX < len)
branch  0 never executed
branch  1 never executed
    #####:  852:    integer_overflow ();
call    0 never executed
    #####:  853:  col_sep_length = len;
    #####:  854:  col_sep_string = optarg_S;
    #####:  855:}
        -:  856:
        -:  857:int
function main called 2 returned 100% blocks executed 30%
        2:  858:main (int argc, char **argv)
        -:  859:{
        -:  860:  unsigned int n_files;
        2:  861:  bool old_options = false;
        2:  862:  bool old_w = false;
        2:  863:  bool old_s = false;
        -:  864:  char **file_names;
        -:  865:
        -:  866:  /* Accumulate the digits of old-style options like -99.  */
        2:  867:  char *column_count_string = nullptr;
        2:  868:  size_t n_digits = 0;
        2:  869:  size_t n_alloc = 0;
        -:  870:
        -:  871:  initialize_main (&argc, &argv);
        2:  872:  set_program_name (argv[0]);
call    0 returned 100%
        2:  873:  setlocale (LC_ALL, "");
call    0 returned 100%
        -:  874:  bindtextdomain (PACKAGE, LOCALEDIR);
        -:  875:  textdomain (PACKAGE);
        -:  876:
        2:  877:  atexit (close_stdout);
call    0 returned 100%
        -:  878:
        2:  879:  n_files = 0;
        2:  880:  file_names = (argc > 1
        1:  881:                ? xnmalloc (argc - 1, sizeof (char *))
call    0 returned 100%
        2:  882:                : nullptr);
branch  0 taken 50% (fallthrough)
branch  1 taken 50%
        -:  883:
        -:  884:  while (true)
        1:  885:    {
        3:  886:      int oi = -1;
        3:  887:      int c = getopt_long (argc, argv, short_options, long_options, &oi);
call    0 returned 100%
        3:  888:      if (c == -1)
branch  0 taken 67% (fallthrough)
branch  1 taken 33%
        2:  889:        break;
        -:  890:
       1*:  891:      if (ISDIGIT (c))
branch  0 taken 0% (fallthrough)
branch  1 taken 100%
        -:  892:        {
        -:  893:          /* Accumulate column-count digits specified via old-style options. */
    #####:  894:          if (n_digits + 1 >= n_alloc)
branch  0 never executed
branch  1 never executed
        -:  895:            column_count_string
    #####:  896:              = X2REALLOC (column_count_string, &n_alloc);
call    0 never executed
    #####:  897:          column_count_string[n_digits++] = c;
    #####:  898:          column_count_string[n_digits] = '\0';
    #####:  899:          continue;
        -:  900:        }
        -:  901:
        1:  902:      n_digits = 0;
        -:  903:
        1:  904:      switch (c)
branch  0 taken 100%
branch  1 taken 0%
branch  2 taken 0%
branch  3 taken 0%
branch  4 taken 0%
branch  5 taken 0%
branch  6 taken 0%
branch  7 taken 0%
branch  8 taken 0%
branch  9 taken 0%
branch 10 taken 0%
branch 11 taken 0%
branch 12 taken 0%
branch 13 taken 0%
branch 14 taken 0%
branch 15 taken 0%
branch 16 taken 0%
branch 17 taken 0%
branch 18 taken 0%
branch 19 taken 0%
branch 20 taken 0%
branch 21 taken 0%
branch 22 taken 0%
branch 23 taken 0%
branch 24 taken 0%
branch 25 taken 0%
branch 26 taken 0%
branch 27 taken 0%
branch 28 taken 0%
        -:  905:        {
        1:  906:        case 1:			/* Non-option argument. */
        -:  907:          /* long option --page dominates old '+FIRST_PAGE ...'.  */
       1*:  908:          if (! (first_page_number == 0
branch  0 taken 100% (fallthrough)
branch  1 taken 0%
       1*:  909:                 && *optarg == '+' && first_last_page (-2, '+', optarg + 1)))
branch  0 taken 0% (fallthrough)
branch  1 taken 100%
call    2 never executed
branch  3 never executed
branch  4 never executed
        1:  910:            file_names[n_files++] = optarg;
        1:  911:          break;
        -:  912:
    #####:  913:        case PAGES_OPTION:	/* --pages=FIRST_PAGE[:LAST_PAGE] */
        -:  914:          {			/* dominates old opt +... */
    #####:  915:            if (! optarg)
branch  0 never executed
branch  1 never executed
    #####:  916:              error (EXIT_FAILURE, 0,
call    0 never executed
        -:  917:                     _("'--pages=FIRST_PAGE[:LAST_PAGE]' missing argument"));
    #####:  918:            else if (! first_last_page (oi, 0, optarg))
call    0 never executed
branch  1 never executed
branch  2 never executed
    #####:  919:              error (EXIT_FAILURE, 0, _("invalid page range %s"),
call    0 never executed
call    1 never executed
        -:  920:                     quote (optarg));
    #####:  921:            break;
        -:  922:          }
        -:  923:
    #####:  924:        case COLUMNS_OPTION:	/* --columns=COLUMN */
        -:  925:          {
    #####:  926:            parse_column_count (optarg);
call    0 never executed
        -:  927:
        -:  928:            /* If there was a prior column count specified via the
        -:  929:               short-named option syntax, e.g., -9, ensure that this
        -:  930:               long-name-specified value overrides it.  */
    #####:  931:            free (column_count_string);
    #####:  932:            column_count_string = nullptr;
    #####:  933:            n_alloc = 0;
    #####:  934:            break;
        -:  935:          }
        -:  936:
    #####:  937:        case 'a':
    #####:  938:          print_across_flag = true;
    #####:  939:          storing_columns = false;
    #####:  940:          break;
    #####:  941:        case 'b':
    #####:  942:          balance_columns = true;
    #####:  943:          break;
    #####:  944:        case 'c':
    #####:  945:          use_cntrl_prefix = true;
    #####:  946:          break;
    #####:  947:        case 'd':
    #####:  948:          double_space = true;
    #####:  949:          break;
    #####:  950:        case 'D':
    #####:  951:          date_format = optarg;
    #####:  952:          break;
    #####:  953:        case 'e':
    #####:  954:          if (optarg)
branch  0 never executed
branch  1 never executed
    #####:  955:            getoptarg (optarg, 'e', &input_tab_char,
call    0 never executed
        -:  956:                       &chars_per_input_tab);
        -:  957:          /* Could check tab width > 0. */
    #####:  958:          untabify_input = true;
    #####:  959:          break;
    #####:  960:        case 'f':
        -:  961:        case 'F':
    #####:  962:          use_form_feed = true;
    #####:  963:          break;
    #####:  964:        case 'h':
    #####:  965:          custom_header = optarg;
    #####:  966:          break;
    #####:  967:        case 'i':
    #####:  968:          if (optarg)
branch  0 never executed
branch  1 never executed
    #####:  969:            getoptarg (optarg, 'i', &output_tab_char,
call    0 never executed
        -:  970:                       &chars_per_output_tab);
        -:  971:          /* Could check tab width > 0. */
    #####:  972:          tabify_output = true;
    #####:  973:          break;
    #####:  974:        case 'J':
    #####:  975:          join_lines = true;
    #####:  976:          break;
    #####:  977:        case 'l':
    #####:  978:          getoptnum (optarg, 1, &lines_per_page,
call    0 never executed
        -:  979:                     _("'-l PAGE_LENGTH' invalid number of lines"));
    #####:  980:          break;
    #####:  981:        case 'm':
    #####:  982:          parallel_files = true;
    #####:  983:          storing_columns = false;
    #####:  984:          break;
    #####:  985:        case 'n':
    #####:  986:          numbered_lines = true;
    #####:  987:          if (optarg)
branch  0 never executed
branch  1 never executed
    #####:  988:            getoptarg (optarg, 'n', &number_separator,
call    0 never executed
        -:  989:                       &chars_per_number);
    #####:  990:          break;
    #####:  991:        case 'N':
    #####:  992:          skip_count = false;
    #####:  993:          getoptnum (optarg, INT_MIN, &start_line_num,
call    0 never executed
        -:  994:                     _("'-N NUMBER' invalid starting line number"));
    #####:  995:          break;
    #####:  996:        case 'o':
    #####:  997:          getoptnum (optarg, 0, &chars_per_margin,
call    0 never executed
        -:  998:                     _("'-o MARGIN' invalid line offset"));
    #####:  999:          break;
    #####: 1000:        case 'r':
    #####: 1001:          ignore_failed_opens = true;
    #####: 1002:          break;
    #####: 1003:        case 's':
    #####: 1004:          old_options = true;
    #####: 1005:          old_s = true;
    #####: 1006:          if (!use_col_separator && optarg)
branch  0 never executed
branch  1 never executed
branch  2 never executed
branch  3 never executed
    #####: 1007:            separator_string (optarg);
call    0 never executed
    #####: 1008:          break;
    #####: 1009:        case 'S':
    #####: 1010:          old_s = false;
        -: 1011:          /* Reset an additional input of -s, -S dominates -s */
    #####: 1012:          col_sep_string = "";
    #####: 1013:          col_sep_length = 0;
    #####: 1014:          use_col_separator = true;
    #####: 1015:          if (optarg)
branch  0 never executed
branch  1 never executed
    #####: 1016:            separator_string (optarg);
call    0 never executed
    #####: 1017:          break;
    #####: 1018:        case 't':
    #####: 1019:          extremities = false;
    #####: 1020:          keep_FF = true;
    #####: 1021:          break;
    #####: 1022:        case 'T':
    #####: 1023:          extremities = false;
    #####: 1024:          keep_FF = false;
    #####: 1025:          break;
    #####: 1026:        case 'v':
    #####: 1027:          use_esc_sequence = true;
    #####: 1028:          break;
    #####: 1029:        case 'w':
    #####: 1030:          old_options = true;
    #####: 1031:          old_w = true;
        -: 1032:          {
        -: 1033:            int tmp_cpl;
    #####: 1034:            getoptnum (optarg, 1, &tmp_cpl,
call    0 never executed
        -: 1035:                       _("'-w PAGE_WIDTH' invalid number of characters"));
    #####: 1036:            if (! truncate_lines)
branch  0 never executed
branch  1 never executed
    #####: 1037:              chars_per_line = tmp_cpl;
        -: 1038:          }
    #####: 1039:          break;
    #####: 1040:        case 'W':
    #####: 1041:          old_w = false;			/* dominates -w */
    #####: 1042:          truncate_lines = true;
    #####: 1043:          getoptnum (optarg, 1, &chars_per_line,
call    0 never executed
        -: 1044:                     _("'-W PAGE_WIDTH' invalid number of characters"));
    #####: 1045:          break;
    #####: 1046:        case_GETOPT_HELP_CHAR;
call    0 never executed
    #####: 1047:        case_GETOPT_VERSION_CHAR (PROGRAM_NAME, AUTHORS);
call    0 never executed
call    1 never executed
call    2 never executed
call    3 never executed
    #####: 1048:        default:
    #####: 1049:          usage (EXIT_FAILURE);
call    0 never executed
        -: 1050:          break;
        -: 1051:        }
        -: 1052:    }
        -: 1053:
        2: 1054:  if (column_count_string)
branch  0 taken 0%
branch  1 taken 100%
        -: 1055:    {
    #####: 1056:      parse_column_count (column_count_string);
call    0 never executed
    #####: 1057:      free (column_count_string);
        -: 1058:    }
        -: 1059:
        2: 1060:  if (! date_format)
branch  0 taken 100% (fallthrough)
branch  1 taken 0%
       2*: 1061:    date_format = (getenv ("POSIXLY_CORRECT") && !hard_locale (LC_TIME)
call    0 returned 100%
branch  1 taken 0% (fallthrough)
branch  2 taken 100%
call    3 never executed
branch  4 never executed
branch  5 never executed
        -: 1062:                   ? "%b %e %H:%M %Y"
        -: 1063:                   : "%Y-%m-%d %H:%M");
        -: 1064:
        2: 1065:  localtz = tzalloc (getenv ("TZ"));
call    0 returned 100%
call    1 returned 100%
        -: 1066:
        -: 1067:  /* Now we can set a reasonable initial value: */
        2: 1068:  if (first_page_number == 0)
branch  0 taken 100% (fallthrough)
branch  1 taken 0%
        2: 1069:    first_page_number = 1;
        -: 1070:
       2*: 1071:  if (parallel_files && explicit_columns)
branch  0 taken 0% (fallthrough)
branch  1 taken 100%
branch  2 never executed
branch  3 never executed
    #####: 1072:    error (EXIT_FAILURE, 0,
call    0 never executed
        -: 1073:           _("cannot specify number of columns when printing in parallel"));
        -: 1074:
       2*: 1075:  if (parallel_files && print_across_flag)
branch  0 taken 0% (fallthrough)
branch  1 taken 100%
branch  2 never executed
branch  3 never executed
    #####: 1076:    error (EXIT_FAILURE, 0,
call    0 never executed
        -: 1077:           _("cannot specify both printing across and printing in parallel"));
        -: 1078:
        -: 1079:/* Translate some old short options to new/long options.
        -: 1080:   To meet downward compatibility with other UNIX pr utilities
        -: 1081:   and some POSIX specifications. */
        -: 1082:
        2: 1083:  if (old_options)
branch  0 taken 0% (fallthrough)
branch  1 taken 100%
        -: 1084:    {
    #####: 1085:      if (old_w)
branch  0 never executed
branch  1 never executed
        -: 1086:        {
    #####: 1087:          if (parallel_files || explicit_columns)
branch  0 never executed
branch  1 never executed
branch  2 never executed
branch  3 never executed
        -: 1088:            {
        -: 1089:              /* activate -W */
    #####: 1090:              truncate_lines = true;
    #####: 1091:              if (old_s)
branch  0 never executed
branch  1 never executed
        -: 1092:                /* adapt HP-UX and SunOS: -s = no separator;
        -: 1093:                   activate -S */
    #####: 1094:                use_col_separator = true;
        -: 1095:            }
        -: 1096:          else
        -: 1097:            /* old -w sets width with columns only
        -: 1098:               activate -J */
    #####: 1099:            join_lines = true;
        -: 1100:        }
    #####: 1101:      else if (!use_col_separator)
branch  0 never executed
branch  1 never executed
        -: 1102:        {
        -: 1103:          /* No -S option read */
    #####: 1104:          if (old_s && (parallel_files || explicit_columns))
branch  0 never executed
branch  1 never executed
branch  2 never executed
branch  3 never executed
branch  4 never executed
branch  5 never executed
        -: 1105:            {
    #####: 1106:              if (!truncate_lines)
branch  0 never executed
branch  1 never executed
        -: 1107:                {
        -: 1108:                  /* old -s (without -w and -W) annuls column alignment,
        -: 1109:                  uses fields, activate -J */
    #####: 1110:                  join_lines = true;
    #####: 1111:                  if (col_sep_length > 0)
branch  0 never executed
branch  1 never executed
        -: 1112:                    /* activate -S */
    #####: 1113:                    use_col_separator = true;
        -: 1114:                }
        -: 1115:              else
        -: 1116:                /* with -W */
        -: 1117:                /* adapt HP-UX and SunOS: -s = no separator;
        -: 1118:                   activate -S */
    #####: 1119:                use_col_separator = true;
        -: 1120:            }
        -: 1121:        }
        -: 1122:    }
        -: 1123:
       2*: 1124:  for (; optind < argc; optind++)
branch  0 taken 0%
branch  1 taken 100% (fallthrough)
        -: 1125:    {
    #####: 1126:      file_names[n_files++] = argv[optind];
        -: 1127:    }
        -: 1128:
        2: 1129:  if (n_files == 0)
branch  0 taken 50% (fallthrough)
branch  1 taken 50%
        -: 1130:    {
        -: 1131:      /* No file arguments specified;  read from standard input.  */
        1: 1132:      print_files (0, nullptr);
call    0 returned 100%
        -: 1133:    }
        -: 1134:  else
        -: 1135:    {
        1: 1136:      if (parallel_files)
branch  0 taken 0% (fallthrough)
branch  1 taken 100%
    #####: 1137:        print_files (n_files, file_names);
call    0 never executed
        -: 1138:      else
        -: 1139:        {
        2: 1140:          for (unsigned int i = 0; i < n_files; i++)
branch  0 taken 50%
branch  1 taken 50% (fallthrough)
        1: 1141:            print_files (1, &file_names[i]);
call    0 returned 100%
        -: 1142:        }
        -: 1143:    }
        -: 1144:
        2: 1145:  cleanup ();
call    0 returned 100%
        -: 1146:
        2: 1147:  if (have_read_stdin && fclose (stdin) == EOF)
branch  0 taken 50% (fallthrough)
branch  1 taken 50%
call    2 returned 100%
branch  3 taken 0% (fallthrough)
branch  4 taken 100%
    #####: 1148:    error (EXIT_FAILURE, errno, _("standard input"));
call    0 never executed
        2: 1149:  main_exit (failed_opens ? EXIT_FAILURE : EXIT_SUCCESS);
        -: 1150:}
        -: 1151:
        -: 1152:/* Parse numeric arguments, ensuring MIN <= number <= INT_MAX.  */
        -: 1153:
        -: 1154:static void
function getoptnum called 0 returned 0% blocks executed 0%
    #####: 1155:getoptnum (char const *n_str, int min, int *num, char const *err)
        -: 1156:{
    #####: 1157:  intmax_t tnum = xdectoimax (n_str, min, INT_MAX, "", err, 0);
call    0 never executed
    #####: 1158:  *num = tnum;
    #####: 1159:}
        -: 1160:
        -: 1161:/* Parse options of the form -scNNN.
        -: 1162:
        -: 1163:   Example: -nck, where 'n' is the option, c is the optional number
        -: 1164:   separator, and k is the optional width of the field used when printing
        -: 1165:   a number. */
        -: 1166:
        -: 1167:static void
function getoptarg called 0 returned 0% blocks executed 0%
    #####: 1168:getoptarg (char *arg, char switch_char, char *character, int *number)
        -: 1169:{
    #####: 1170:  if (!*arg)
branch  0 never executed
branch  1 never executed
        -: 1171:    {
    #####: 1172:      error (0, 0, _("'-%c': Invalid argument: %s"), switch_char, quote (arg));
call    0 never executed
    #####: 1173:      usage (EXIT_FAILURE);
call    0 never executed
        -: 1174:    }
        -: 1175:
    #####: 1176:  if (!ISDIGIT (*arg))
branch  0 never executed
branch  1 never executed
    #####: 1177:    *character = *arg++;
    #####: 1178:  if (*arg)
branch  0 never executed
branch  1 never executed
        -: 1179:    {
        -: 1180:      long int tmp_long;
    #####: 1181:      strtol_error e = xstrtol (arg, nullptr, 10, &tmp_long, "");
call    0 never executed
    #####: 1182:      if (e == LONGINT_OK)
branch  0 never executed
branch  1 never executed
        -: 1183:        {
    #####: 1184:          if (tmp_long <= 0)
branch  0 never executed
branch  1 never executed
    #####: 1185:            e = LONGINT_INVALID;
    #####: 1186:          else if (INT_MAX < tmp_long)
branch  0 never executed
branch  1 never executed
    #####: 1187:            e = LONGINT_OVERFLOW;
        -: 1188:        }
    #####: 1189:      if (e != LONGINT_OK)
branch  0 never executed
branch  1 never executed
        -: 1190:        {
    #####: 1191:          error (0, e & LONGINT_OVERFLOW ? EOVERFLOW : 0,
call    0 never executed
branch  1 never executed
branch  2 never executed
        -: 1192:             _("'-%c' extra characters or invalid number in the argument: %s"),
        -: 1193:                 switch_char, quote (arg));
    #####: 1194:          usage (EXIT_FAILURE);
call    0 never executed
        -: 1195:        }
    #####: 1196:      *number = tmp_long;
        -: 1197:    }
    #####: 1198:}
        -: 1199:
        -: 1200:/* Set parameters related to formatting. */
        -: 1201:
        -: 1202:static void
function init_parameters called 2 returned 100% blocks executed 33%
        2: 1203:init_parameters (int number_of_files)
        -: 1204:{
        2: 1205:  int chars_used_by_number = 0;
        -: 1206:
        2: 1207:  lines_per_body = lines_per_page - lines_per_header - lines_per_footer;
        2: 1208:  if (lines_per_body <= 0)
branch  0 taken 0% (fallthrough)
branch  1 taken 100%
        -: 1209:    {
    #####: 1210:      extremities = false;
    #####: 1211:      keep_FF = true;
        -: 1212:    }
        2: 1213:  if (extremities == false)
branch  0 taken 0% (fallthrough)
branch  1 taken 100%
    #####: 1214:    lines_per_body = lines_per_page;
        -: 1215:
        2: 1216:  if (double_space)
branch  0 taken 0% (fallthrough)
branch  1 taken 100%
    #####: 1217:    lines_per_body = MAX (1, lines_per_body / 2);
branch  0 never executed
branch  1 never executed
        -: 1218:
        -: 1219:  /* If input is stdin, cannot print parallel files.  BSD dumps core
        -: 1220:     on this. */
        2: 1221:  if (number_of_files == 0)
branch  0 taken 50% (fallthrough)
branch  1 taken 50%
        1: 1222:    parallel_files = false;
        -: 1223:
        2: 1224:  if (parallel_files)
branch  0 taken 0% (fallthrough)
branch  1 taken 100%
    #####: 1225:    columns = number_of_files;
        -: 1226:
        -: 1227:  /* One file, multi columns down: -b option is set to get a consistent
        -: 1228:     formulation with "FF set by hand" in input files. */
        2: 1229:  if (storing_columns)
branch  0 taken 100% (fallthrough)
branch  1 taken 0%
        2: 1230:    balance_columns = true;
        -: 1231:
        -: 1232:  /* Tabification is assumed for multiple columns. */
        2: 1233:  if (columns > 1)
branch  0 taken 0% (fallthrough)
branch  1 taken 100%
        -: 1234:    {
    #####: 1235:      if (!use_col_separator)
branch  0 never executed
branch  1 never executed
        -: 1236:        {
        -: 1237:          /* Use default separator */
    #####: 1238:          if (join_lines)
branch  0 never executed
branch  1 never executed
    #####: 1239:            col_sep_string = line_separator;
        -: 1240:          else
    #####: 1241:            col_sep_string = column_separator;
        -: 1242:
    #####: 1243:          col_sep_length = 1;
    #####: 1244:          use_col_separator = true;
        -: 1245:        }
        -: 1246:      /* It's rather pointless to define a TAB separator with column
        -: 1247:         alignment */
    #####: 1248:      else if (!join_lines && col_sep_length == 1 && *col_sep_string == '\t')
branch  0 never executed
branch  1 never executed
branch  2 never executed
branch  3 never executed
branch  4 never executed
branch  5 never executed
    #####: 1249:        col_sep_string = column_separator;
        -: 1250:
    #####: 1251:      truncate_lines = true;
    #####: 1252:      if (! (col_sep_length == 1 && *col_sep_string == '\t'))
branch  0 never executed
branch  1 never executed
branch  2 never executed
branch  3 never executed
    #####: 1253:        untabify_input = true;
    #####: 1254:      tabify_output = true;
        -: 1255:    }
        -: 1256:  else
        2: 1257:    storing_columns = false;
        -: 1258:
        -: 1259:  /* -J dominates -w in any case */
        2: 1260:  if (join_lines)
branch  0 taken 0% (fallthrough)
branch  1 taken 100%
    #####: 1261:    truncate_lines = false;
        -: 1262:
        2: 1263:  if (numbered_lines)
branch  0 taken 0% (fallthrough)
branch  1 taken 100%
        -: 1264:    {
    #####: 1265:      int chars_per_default_tab = 8;
        -: 1266:
    #####: 1267:      line_count = start_line_num;
        -: 1268:
        -: 1269:      /* To allow input tab-expansion (-e sensitive) use:
        -: 1270:         if (number_separator == input_tab_char)
        -: 1271:           number_width = chars_per_number
        -: 1272:             + TAB_WIDTH (chars_per_input_tab, chars_per_number);   */
        -: 1273:
        -: 1274:      /* Estimate chars_per_text without any margin and keep it constant. */
    #####: 1275:      if (number_separator == '\t')
branch  0 never executed
branch  1 never executed
    #####: 1276:        number_width = (chars_per_number
    #####: 1277:                        + TAB_WIDTH (chars_per_default_tab, chars_per_number));
        -: 1278:      else
    #####: 1279:        number_width = chars_per_number + 1;
        -: 1280:
        -: 1281:      /* The number is part of the column width unless we are
        -: 1282:         printing files in parallel. */
    #####: 1283:      if (parallel_files)
branch  0 never executed
branch  1 never executed
    #####: 1284:        chars_used_by_number = number_width;
        -: 1285:    }
        -: 1286:
        -: 1287:  int sep_chars, useful_chars;
        2: 1288:  if (ckd_mul (&sep_chars, columns - 1, col_sep_length))
branch  0 taken 0% (fallthrough)
branch  1 taken 100%
    #####: 1289:    sep_chars = INT_MAX;
        2: 1290:  if (ckd_sub (&useful_chars, chars_per_line - chars_used_by_number,
branch  0 taken 0% (fallthrough)
branch  1 taken 100%
        -: 1291:               sep_chars))
    #####: 1292:    useful_chars = 0;
        2: 1293:  chars_per_column = useful_chars / columns;
        -: 1294:
        2: 1295:  if (chars_per_column < 1)
branch  0 taken 0% (fallthrough)
branch  1 taken 100%
    #####: 1296:    error (EXIT_FAILURE, 0, _("page width too narrow"));
call    0 never executed
        -: 1297:
        2: 1298:  if (numbered_lines)
branch  0 taken 0% (fallthrough)
branch  1 taken 100%
        -: 1299:    {
    #####: 1300:      free (number_buff);
    #####: 1301:      number_buff = xmalloc (MAX (chars_per_number,
branch  0 never executed
branch  1 never executed
call    2 never executed
    #####: 1302:                                  INT_STRLEN_BOUND (line_number)) + 1);
        -: 1303:    }
        -: 1304:
        -: 1305:  /* Pick the maximum between the tab width and the width of an
        -: 1306:     escape sequence.
        -: 1307:     The width of an escape sequence (4) isn't the lower limit any longer.
        -: 1308:     We've to use 8 as the lower limit, if we use chars_per_default_tab = 8
        -: 1309:     to expand a tab which is not an input_tab-char. */
        2: 1310:  free (clump_buff);
        2: 1311:  clump_buff = xmalloc (MAX (8, chars_per_input_tab));
call    0 returned 100%
        2: 1312:}
        -: 1313:
        -: 1314:/* Open the necessary files,
        -: 1315:   maintaining a COLUMN structure for each column.
        -: 1316:
        -: 1317:   With multiple files, each column p has a different p->fp.
        -: 1318:   With single files, each column p has the same p->fp.
        -: 1319:   Return false if (number_of_files > 0) and no files can be opened,
        -: 1320:   true otherwise.
        -: 1321:
        -: 1322:   With each column/file p, p->full_page_printed is initialized,
        -: 1323:   see also open_file.  */
        -: 1324:
        -: 1325:static bool
function init_fps called 2 returned 100% blocks executed 48%
        2: 1326:init_fps (int number_of_files, char **av)
        -: 1327:{
        -: 1328:  COLUMN *p;
        -: 1329:
        2: 1330:  total_files = 0;
        -: 1331:
        2: 1332:  free (column_vector);
        2: 1333:  column_vector = xnmalloc (columns, sizeof (COLUMN));
call    0 returned 100%
        -: 1334:
        2: 1335:  if (parallel_files)
branch  0 taken 0% (fallthrough)
branch  1 taken 100%
        -: 1336:    {
    #####: 1337:      int files_left = number_of_files;
    #####: 1338:      for (p = column_vector; files_left--; ++p, ++av)
branch  0 never executed
branch  1 never executed
        -: 1339:        {
    #####: 1340:          if (! open_file (*av, p))
call    0 never executed
branch  1 never executed
branch  2 never executed
        -: 1341:            {
    #####: 1342:              --p;
    #####: 1343:              --columns;
        -: 1344:            }
        -: 1345:        }
    #####: 1346:      if (columns == 0)
branch  0 never executed
branch  1 never executed
    #####: 1347:        return false;
    #####: 1348:      init_header ("", -1);
call    0 never executed
        -: 1349:    }
        -: 1350:  else
        -: 1351:    {
        2: 1352:      p = column_vector;
        2: 1353:      if (number_of_files > 0)
branch  0 taken 50% (fallthrough)
branch  1 taken 50%
        -: 1354:        {
        1: 1355:          if (! open_file (*av, p))
call    0 returned 100%
branch  1 taken 100% (fallthrough)
branch  2 taken 0%
        1: 1356:            return false;
    #####: 1357:          init_header (*av, fileno (p->fp));
call    0 never executed
call    1 never executed
    #####: 1358:          p->lines_stored = 0;
        -: 1359:        }
        -: 1360:      else
        -: 1361:        {
        1: 1362:          p->name = _("standard input");
        1: 1363:          p->fp = stdin;
        1: 1364:          have_read_stdin = true;
        1: 1365:          p->status = OPEN;
        1: 1366:          p->full_page_printed = false;
        1: 1367:          ++total_files;
        1: 1368:          init_header ("", -1);
call    0 returned 100%
        1: 1369:          p->lines_stored = 0;
        -: 1370:        }
        -: 1371:
        1: 1372:      char const *firstname = p->name;
        1: 1373:      FILE *firstfp = p->fp;
        -: 1374:      int i;
       1*: 1375:      for (i = columns - 1, ++p; i; --i, ++p)
branch  0 taken 0%
branch  1 taken 100% (fallthrough)
        -: 1376:        {
    #####: 1377:          p->name = firstname;
    #####: 1378:          p->fp = firstfp;
    #####: 1379:          p->status = OPEN;
    #####: 1380:          p->full_page_printed = false;
    #####: 1381:          p->lines_stored = 0;
        -: 1382:        }
        -: 1383:    }
        1: 1384:  files_ready_to_read = total_files;
        1: 1385:  return true;
        -: 1386:}
        -: 1387:
        -: 1388:/* Determine print_func and char_func, the functions
        -: 1389:   used by each column for printing and/or storing.
        -: 1390:
        -: 1391:   Determine the horizontal position desired when we begin
        -: 1392:   printing a column (p->start_position). */
        -: 1393:
        -: 1394:static void
function init_funcs called 1 returned 100% blocks executed 30%
        1: 1395:init_funcs (void)
        -: 1396:{
        -: 1397:  int i, h, h_next;
        -: 1398:  COLUMN *p;
        -: 1399:
        1: 1400:  h = chars_per_margin;
        -: 1401:
        1: 1402:  if (!truncate_lines)
branch  0 taken 100% (fallthrough)
branch  1 taken 0%
        1: 1403:    h_next = ANYWHERE;
        -: 1404:  else
        -: 1405:    {
        -: 1406:      /* When numbering lines of parallel files, we enlarge the
        -: 1407:         first column to accommodate the number.  Looks better than
        -: 1408:         the Sys V approach. */
    #####: 1409:      if (parallel_files && numbered_lines)
branch  0 never executed
branch  1 never executed
branch  2 never executed
branch  3 never executed
    #####: 1410:        h_next = h + chars_per_column + number_width;
        -: 1411:      else
    #####: 1412:        h_next = h + chars_per_column;
        -: 1413:    }
        -: 1414:
        -: 1415:  /* Enlarge p->start_position of first column to use the same form of
[...]
    #####: 2489:              separators_not_printed += 1;
        -: 2490:            }
    #####: 2491:          padding_not_printed = p->start_position;
    #####: 2492:          if (truncate_lines)
branch  0 never executed
branch  1 never executed
    #####: 2493:            spaces_not_printed = chars_per_column;
        -: 2494:          else
    #####: 2495:            spaces_not_printed = 0;
    #####: 2496:          align_empty_cols = false;
        -: 2497:        }
        -: 2498:
        1: 2499:      if (col_sep_length < padding_not_printed)
branch  0 taken 0% (fallthrough)
branch  1 taken 100%
        -: 2500:        {
    #####: 2501:          pad_across_to (padding_not_printed - col_sep_length);
call    0 never executed
    #####: 2502:          padding_not_printed = ANYWHERE;
        -: 2503:        }
        -: 2504:
        1: 2505:      if (use_col_separator)
branch  0 taken 0% (fallthrough)
branch  1 taken 100%
    #####: 2506:        print_sep_string ();
call    0 never executed
        -: 2507:    }
        -: 2508:
        1: 2509:  if (p->numbered)
branch  0 taken 0% (fallthrough)
branch  1 taken 100%
    #####: 2510:    add_line_number (p);
call    0 never executed
        -: 2511:
        1: 2512:  empty_line = false;
        1: 2513:  if (c == '\n')
branch  0 taken 0% (fallthrough)
branch  1 taken 100%
    #####: 2514:    return true;
        -: 2515:
        1: 2516:  print_clump (p, chars, clump_buff);
call    0 returned 100%
        -: 2517:
        -: 2518:  while (true)
        -: 2519:    {
        8: 2520:      c = getc (p->fp);
call    0 returned 100%
        -: 2521:
        8: 2522:      switch (c)
branch  0 taken 0%
branch  1 taken 0%
branch  2 taken 12%
branch  3 taken 88%
        -: 2523:        {
    #####: 2524:        case '\n':
    #####: 2525:          return true;
    #####: 2526:        case '\f':
    #####: 2527:          if ((c = getc (p->fp)) != '\n')
call    0 never executed
branch  1 never executed
branch  2 never executed
    #####: 2528:            ungetc (c, p->fp);
call    0 never executed
    #####: 2529:          if (keep_FF)
branch  0 never executed
branch  1 never executed
    #####: 2530:            print_a_FF = true;
    #####: 2531:          hold_file (p);
call    0 never executed
    #####: 2532:          return true;
        1: 2533:        case EOF:
        1: 2534:          close_file (p);
call    0 returned 100%
        1: 2535:          return true;
        -: 2536:        }
        -: 2537:
        7: 2538:      last_input_position = input_position;
        7: 2539:      chars = char_to_clump (c);
call    0 returned 100%
       7*: 2540:      if (truncate_lines && input_position > chars_per_column)
branch  0 taken 0% (fallthrough)
branch  1 taken 100%
branch  2 never executed
branch  3 never executed
        -: 2541:        {
    #####: 2542:          input_position = last_input_position;
    #####: 2543:          return false;
        -: 2544:        }
        -: 2545:
        7: 2546:      print_clump (p, chars, clump_buff);
call    0 returned 100%
        -: 2547:    }
        -: 2548:}
        -: 2549:
        -: 2550:/* Print a line from buff.
        -: 2551:
        -: 2552:   If this function has been called, we know we have "something to
        -: 2553:   print". But it remains to be seen whether we have a real text page
        -: 2554:   or an empty page (a single form feed) with/without a header only.
        -: 2555:   Therefore first we set pad_vertically to true and print a header
        -: 2556:   if necessary.
        -: 2557:   If FF_FOUND and we are using -t|-T option we omit any newline by
        -: 2558:   setting pad_vertically to false (see print_page).
        -: 2559:   Otherwise we pad across if necessary, print separators if necessary
        -: 2560:   and text of COLUMN *p.
        -: 2561:
        -: 2562:   Return true, meaning there is no need to call read_rest_of_line. */
        -: 2563:
        -: 2564:static bool
function print_stored called 0 returned 0% blocks executed 0%
    #####: 2565:print_stored (COLUMN *p)
        -: 2566:{
        -: 2567:  COLUMN *q;
        -: 2568:
    #####: 2569:  int line = p->current_line++;
    #####: 2570:  char *first = &buff[line_vector[line]];
        -: 2571:  /* FIXME
        -: 2572:     UMR: Uninitialized memory read:
        -: 2573:     * This is occurring while in:
        -: 2574:     print_stored   [pr.c:2239]
        -: 2575:     * Reading 4 bytes from 0x5148c in the heap.
        -: 2576:     * Address 0x5148c is 4 bytes into a malloc'd block at 0x51488 of 676 bytes
        -: 2577:     * This block was allocated from:
        -: 2578:     malloc         [rtlib.o]
        -: 2579:     xmalloc        [xmalloc.c:94]
        -: 2580:     init_store_cols [pr.c:1648]
        -: 2581:     */
    #####: 2582:  char *last = &buff[line_vector[line + 1]];
        -: 2583:
    #####: 2584:  pad_vertically = true;
        -: 2585:
    #####: 2586:  if (print_a_header)
branch  0 never executed
branch  1 never executed
    #####: 2587:    print_header ();
call    0 never executed
        -: 2588:
    #####: 2589:  if (p->status == FF_FOUND)
branch  0 never executed
branch  1 never executed
        -: 2590:    {
        -: 2591:      int i;
    #####: 2592:      for (i = 1, q = column_vector; i <= columns; ++i, ++q)
branch  0 never executed
branch  1 never executed
    #####: 2593:        q->status = ON_HOLD;
    #####: 2594:      if (column_vector->lines_to_print <= 0)
branch  0 never executed
branch  1 never executed
        -: 2595:        {
    #####: 2596:          if (!extremities)
branch  0 never executed
branch  1 never executed
    #####: 2597:            pad_vertically = false;
    #####: 2598:          return true;		/* print a header only */
        -: 2599:        }
        -: 2600:    }
        -: 2601:
    #####: 2602:  if (col_sep_length < padding_not_printed)
branch  0 never executed
branch  1 never executed
        -: 2603:    {
    #####: 2604:      pad_across_to (padding_not_printed - col_sep_length);
call    0 never executed
    #####: 2605:      padding_not_printed = ANYWHERE;
        -: 2606:    }
        -: 2607:
    #####: 2608:  if (use_col_separator)
branch  0 never executed
branch  1 never executed
    #####: 2609:    print_sep_string ();
call    0 never executed
        -: 2610:
    #####: 2611:  while (first != last)
branch  0 never executed
branch  1 never executed
    #####: 2612:    print_char (*first++);
call    0 never executed
        -: 2613:
    #####: 2614:  if (spaces_not_printed == 0)
branch  0 never executed
branch  1 never executed
        -: 2615:    {
    #####: 2616:      output_position = p->start_position + end_vector[line];
    #####: 2617:      if (p->start_position - col_sep_length == chars_per_margin)
branch  0 never executed
branch  1 never executed
    #####: 2618:        output_position -= col_sep_length;
        -: 2619:    }
        -: 2620:
    #####: 2621:  return true;
        -: 2622:}
        -: 2623:
        -: 2624:/* Convert a character to the proper format and return the number of
        -: 2625:   characters in the resulting clump.  Increment input_position by
        -: 2626:   the width of the clump.
        -: 2627:
        -: 2628:   Tabs are converted to clumps of spaces.
        -: 2629:   Nonprintable characters may be converted to clumps of escape
        -: 2630:   sequences or control prefixes.
        -: 2631:
        -: 2632:   Note: the width of a clump is not necessarily equal to the number of
        -: 2633:   characters in clump_buff.  (e.g., the width of '\b' is -1, while the
        -: 2634:   number of characters is 1.) */
        -: 2635:
        -: 2636:static int
function char_to_clump called 8 returned 100% blocks executed 37%
        8: 2637:char_to_clump (char c)
        -: 2638:{
        8: 2639:  unsigned char uc = c;
        8: 2640:  char *s = clump_buff;
        -: 2641:  int i;
        -: 2642:  char esc_buff[4];
        -: 2643:  int width;
        -: 2644:  int chars;
        8: 2645:  int chars_per_c = 8;
        -: 2646:
        8: 2647:  if (c == input_tab_char)
branch  0 taken 0% (fallthrough)
branch  1 taken 100%
    #####: 2648:    chars_per_c = chars_per_input_tab;
        -: 2649:
        8: 2650:  if (c == input_tab_char || c == '\t')
branch  0 taken 100% (fallthrough)
branch  1 taken 0%
branch  2 taken 0% (fallthrough)
branch  3 taken 100%
        -: 2651:    {
    #####: 2652:      width = TAB_WIDTH (chars_per_c, input_position);
        -: 2653:
    #####: 2654:      if (untabify_input)
branch  0 never executed
branch  1 never executed
        -: 2655:        {
    #####: 2656:          for (i = width; i; --i)
branch  0 never executed
branch  1 never executed
    #####: 2657:            *s++ = ' ';
    #####: 2658:          chars = width;
        -: 2659:        }
        -: 2660:      else
        -: 2661:        {
    #####: 2662:          *s = c;
    #####: 2663:          chars = 1;
        -: 2664:        }
        -: 2665:
        -: 2666:    }
        8: 2667:  else if (! isprint (uc))
branch  0 taken 100% (fallthrough)
branch  1 taken 0%
        -: 2668:    {
        8: 2669:      if (use_esc_sequence)
branch  0 taken 0% (fallthrough)
branch  1 taken 100%
        -: 2670:        {
    #####: 2671:          width = 4;
    #####: 2672:          chars = 4;
    #####: 2673:          *s++ = '\\';
    #####: 2674:          sprintf (esc_buff, "%03o", uc);
    #####: 2675:          for (i = 0; i <= 2; ++i)
branch  0 never executed
branch  1 never executed
    #####: 2676:            *s++ = esc_buff[i];
        -: 2677:        }
        8: 2678:      else if (use_cntrl_prefix)
branch  0 taken 0% (fallthrough)
branch  1 taken 100%
        -: 2679:        {
    #####: 2680:          if (uc < 0200)
branch  0 never executed
branch  1 never executed
        -: 2681:            {
    #####: 2682:              width = 2;
    #####: 2683:              chars = 2;
    #####: 2684:              *s++ = '^';
    #####: 2685:              *s = c ^ 0100;
        -: 2686:            }
        -: 2687:          else
        -: 2688:            {
    #####: 2689:              width = 4;
    #####: 2690:              chars = 4;
    #####: 2691:              *s++ = '\\';
    #####: 2692:              sprintf (esc_buff, "%03o", uc);
    #####: 2693:              for (i = 0; i <= 2; ++i)
branch  0 never executed
branch  1 never executed
    #####: 2694:                *s++ = esc_buff[i];
        -: 2695:            }
        -: 2696:        }
        8: 2697:      else if (c == '\b')
branch  0 taken 0% (fallthrough)
branch  1 taken 100%
        -: 2698:        {
    #####: 2699:          width = -1;
    #####: 2700:          chars = 1;
    #####: 2701:          *s = c;
        -: 2702:        }
        -: 2703:      else
        -: 2704:        {
        8: 2705:          width = 0;
        8: 2706:          chars = 1;
        8: 2707:          *s = c;
        -: 2708:        }
        -: 2709:    }
        -: 2710:  else
        -: 2711:    {
    #####: 2712:      width = 1;
    #####: 2713:      chars = 1;
    #####: 2714:      *s = c;
        -: 2715:    }
        -: 2716:
        -: 2717:  /* Too many backspaces must put us in position 0 -- never negative.  */
       8*: 2718:  if (width < 0 && input_position == 0)
branch  0 taken 0% (fallthrough)
branch  1 taken 100%
branch  2 never executed
branch  3 never executed
        -: 2719:    {
    #####: 2720:      chars = 0;
    #####: 2721:      input_position = 0;
        -: 2722:    }
       8*: 2723:  else if (width < 0 && input_position <= -width)
branch  0 taken 0% (fallthrough)
branch  1 taken 100%
branch  2 never executed
branch  3 never executed
    #####: 2724:    input_position = 0;
        -: 2725:  else
        8: 2726:    input_position += width;
        -: 2727:
        8: 2728:  return chars;
        -: 2729:}
        -: 2730:
        -: 2731:/* We've just printed some files and need to clean up things before
        -: 2732:   looking for more options and printing the next batch of files.
        -: 2733:
        -: 2734:   Free everything we've xmalloc'ed, except 'header'. */
        -: 2735:
        -: 2736:static void
function cleanup called 2 returned 100% blocks executed 100%
        2: 2737:cleanup (void)
        -: 2738:{
        2: 2739:  free (number_buff);
        2: 2740:  free (clump_buff);
        2: 2741:  free (column_vector);
        2: 2742:  free (line_vector);
        2: 2743:  free (end_vector);
        2: 2744:  free (buff);
        2: 2745:}
        -: 2746:
        -: 2747:/* Complain, print a usage message, and die. */
        -: 2748:
        -: 2749:void
function usage called 0 returned 0% blocks executed 0%
    #####: 2750:usage (int status)
        -: 2751:{
    #####: 2752:  if (status != EXIT_SUCCESS)
branch  0 never executed
branch  1 never executed
    #####: 2753:    emit_try_help ();
call    0 never executed
        -: 2754:  else
        -: 2755:    {
    #####: 2756:      printf (_("\
call    0 never executed
        -: 2757:Usage: %s [OPTION]... [FILE]...\n\
        -: 2758:"),
        -: 2759:              program_name);
        -: 2760:
    #####: 2761:      fputs (_("\
call    0 never executed
        -: 2762:Paginate or columnate FILE(s) for printing.\n\
        -: 2763:"), stdout);
        -: 2764:
    #####: 2765:      emit_stdin_note ();
call    0 never executed
    #####: 2766:      emit_mandatory_arg_note ();
call    0 never executed
        -: 2767:
    #####: 2768:      fputs (_("\
call    0 never executed
        -: 2769:  +FIRST_PAGE[:LAST_PAGE], --pages=FIRST_PAGE[:LAST_PAGE]\n\
        -: 2770:                    begin [stop] printing with page FIRST_[LAST_]PAGE\n\
        -: 2771:  -COLUMN, --columns=COLUMN\n\
        -: 2772:                    output COLUMN columns and print columns down,\n\
        -: 2773:                    unless -a is used. Balance number of lines in the\n\
        -: 2774:                    columns on each page\n\
        -: 2775:"), stdout);
    #####: 2776:      fputs (_("\
call    0 never executed
        -: 2777:  -a, --across      print columns across rather than down, used together\n\
        -: 2778:                    with -COLUMN\n\
        -: 2779:  -c, --show-control-chars\n\
        -: 2780:                    use hat notation (^G) and octal backslash notation\n\
        -: 2781:  -d, --double-space\n\
        -: 2782:                    double space the output\n\
        -: 2783:"), stdout);
    #####: 2784:      fputs (_("\
call    0 never executed
        -: 2785:  -D, --date-format=FORMAT\n\
        -: 2786:                    use FORMAT for the header date\n\
        -: 2787:  -e[CHAR[WIDTH]], --expand-tabs[=CHAR[WIDTH]]\n\
        -: 2788:                    expand input CHARs (TABs) to tab WIDTH (8)\n\
        -: 2789:  -F, -f, --form-feed\n\
        -: 2790:                    use form feeds instead of newlines to separate pages\n\
        -: 2791:                    (by a 3-line page header with -F or a 5-line header\n\
        -: 2792:                    and trailer without -F)\n\
        -: 2793:"), stdout);
    #####: 2794:      fputs (_("\
call    0 never executed
        -: 2795:  -h, --header=HEADER\n\
        -: 2796:                    use a centered HEADER instead of filename in page header,\n\
        -: 2797:                    -h \"\" prints a blank line, don't use -h\"\"\n\
        -: 2798:  -i[CHAR[WIDTH]], --output-tabs[=CHAR[WIDTH]]\n\
        -: 2799:                    replace spaces with CHARs (TABs) to tab WIDTH (8)\n\
        -: 2800:  -J, --join-lines  merge full lines, turns off -W line truncation, no column\n\
        -: 2801:                    alignment, --sep-string[=STRING] sets separators\n\
        -: 2802:"), stdout);
    #####: 2803:      fputs (_("\
call    0 never executed
        -: 2804:  -l, --length=PAGE_LENGTH\n\
        -: 2805:                    set the page length to PAGE_LENGTH (66) lines\n\
        -: 2806:                    (default number of lines of text 56, and with -F 63).\n\
        -: 2807:                    implies -t if PAGE_LENGTH <= 10\n\
        -: 2808:"), stdout);
    #####: 2809:      fputs (_("\
call    0 never executed
        -: 2810:  -m, --merge       print all files in parallel, one in each column,\n\
        -: 2811:                    truncate lines, but join lines of full length with -J\n\
        -: 2812:"), stdout);
    #####: 2813:      fputs (_("\
call    0 never executed
        -: 2814:  -n[SEP[DIGITS]], --number-lines[=SEP[DIGITS]]\n\
        -: 2815:                    number lines, use DIGITS (5) digits, then SEP (TAB),\n\
        -: 2816:                    default counting starts with 1st line of input file\n\
        -: 2817:  -N, --first-line-number=NUMBER\n\
        -: 2818:                    start counting with NUMBER at 1st line of first\n\
        -: 2819:                    page printed (see +FIRST_PAGE)\n\
        -: 2820:"), stdout);
    #####: 2821:      fputs (_("\
call    0 never executed
        -: 2822:  -o, --indent=MARGIN\n\
        -: 2823:                    offset each line with MARGIN (zero) spaces, do not\n\
        -: 2824:                    affect -w or -W, MARGIN will be added to PAGE_WIDTH\n\
        -: 2825:  -r, --no-file-warnings\n\
        -: 2826:                    omit warning when a file cannot be opened\n\
        -: 2827:"), stdout);
    #####: 2828:      fputs (_("\
call    0 never executed
        -: 2829:  -s[CHAR], --separator[=CHAR]\n\
        -: 2830:                    separate columns by a single character, default for CHAR\n\
        -: 2831:                    is the <TAB> character without -w and \'no char\' with -w.\
        -: 2832:\n\
        -: 2833:                    -s[CHAR] turns off line truncation of all 3 column\n\
        -: 2834:                    options (-COLUMN|-a -COLUMN|-m) except -w is set\n\
        -: 2835:"), stdout);
    #####: 2836:      fputs (_("\
call    0 never executed
        -: 2837:  -S[STRING], --sep-string[=STRING]\n\
        -: 2838:                    separate columns by STRING,\n\
        -: 2839:                    without -S: Default separator <TAB> with -J and <space>\n\
        -: 2840:                    otherwise (same as -S\" \"), no effect on column options\n\
        -: 2841:"), stdout);
    #####: 2842:      fputs (_("\
call    0 never executed
        -: 2843:  -t, --omit-header  omit page headers and trailers;\n\
        -: 2844:                     implied if PAGE_LENGTH <= 10\n\
        -: 2845:"), stdout);
    #####: 2846:      fputs (_("\
call    0 never executed
        -: 2847:  -T, --omit-pagination\n\
        -: 2848:                    omit page headers and trailers, eliminate any pagination\n\
        -: 2849:                    by form feeds set in input files\n\
        -: 2850:  -v, --show-nonprinting\n\
        -: 2851:                    use octal backslash notation\n\
        -: 2852:  -w, --width=PAGE_WIDTH\n\
        -: 2853:                    set page width to PAGE_WIDTH (72) characters for\n\
        -: 2854:                    multiple text-column output only, -s[char] turns off (72)\n\
        -: 2855:"), stdout);
    #####: 2856:      fputs (_("\
call    0 never executed
        -: 2857:  -W, --page-width=PAGE_WIDTH\n\
        -: 2858:                    set page width to PAGE_WIDTH (72) characters always,\n\
        -: 2859:                    truncate lines, except -J option is set, no interference\n\
        -: 2860:                    with -S or -s\n\
        -: 2861:"), stdout);
    #####: 2862:      fputs (HELP_OPTION_DESCRIPTION, stdout);
call    0 never executed
    #####: 2863:      fputs (VERSION_OPTION_DESCRIPTION, stdout);
call    0 never executed
    #####: 2864:      emit_ancillary_info (PROGRAM_NAME);
call    0 never executed
        -: 2865:    }
    #####: 2866:  exit (status);
        -: 2867:}
