        -:    0:Source:src/sort.c
        -:    0:Graph:sort.gcno
        -:    0:Data:-
        -:    0:Runs:0
        -:    1:/* sort - sort lines of text (with all kinds of options).
        -:    2:   Copyright (C) 1988-2023 Free Software Foundation, Inc.
        -:    3:
        -:    4:   This program is free software: you can redistribute it and/or modify
        -:    5:   it under the terms of the GNU General Public License as published by
        -:    6:   the Free Software Foundation, either version 3 of the License, or
        -:    7:   (at your option) any later version.
        -:    8:
        -:    9:   This program is distributed in the hope that it will be useful,
        -:   10:   but WITHOUT ANY WARRANTY; without even the implied warranty of
        -:   11:   MERCHANTABILITY or FITNESS FOR A PARTICULAR PURPOSE.  See the
        -:   12:   GNU General Public License for more details.
        -:   13:
        -:   14:   You should have received a copy of the GNU General Public License
        -:   15:   along with this program.  If not, see <https://www.gnu.org/licenses/>.
        -:   16:
        -:   17:   Written December 1988 by Mike Haertel.
        -:   18:   The author may be reached (Email) at the address mike@gnu.ai.mit.edu,
        -:   19:   or (US mail) as Mike Haertel c/o Free Software Foundation.
        -:   20:
        -:   21:   Ørn E. Hansen added NLS support in 1997.  */
        -:   22:
        -:   23:#include <config.h>
        -:   24:
        -:   25:#include <getopt.h>
        -:   26:#include <pthread.h>
        -:   27:#include <sys/resource.h>
        -:   28:#include <sys/types.h>
        -:   29:#include <sys/wait.h>
        -:   30:#include <signal.h>
        -:   31:#include "system.h"
        -:   32:#include "argmatch.h"
        -:   33:#include "assure.h"
        -:   34:#include "fadvise.h"
        -:   35:#include "filevercmp.h"
        -:   36:#include "flexmember.h"
        -:   37:#include "hard-locale.h"
        -:   38:#include "hash.h"
        -:   39:#include "heap.h"
        -:   40:#include "ignore-value.h"
        -:   41:#include "md5.h"
        -:   42:#include "mbswidth.h"
        -:   43:#include "nproc.h"
        -:   44:#include "physmem.h"
        -:   45:#include "posixver.h"
        -:   46:#include "quote.h"
        -:   47:#include "randread.h"
        -:   48:#include "readtokens0.h"
        -:   49:#include "stdlib--.h"
        -:   50:#include "strnumcmp.h"
        -:   51:#include "xmemcoll.h"
        -:   52:#include "xnanosleep.h"
        -:   53:#include "xstrtol.h"
        -:   54:#include "xstrtol-error.h"
        -:   55:
        -:   56:#ifndef RLIMIT_DATA
        -:   57:struct rlimit { size_t rlim_cur; };
        -:   58:# define getrlimit(Resource, Rlp) (-1)
        -:   59:#endif
        -:   60:
        -:   61:/* The official name of this program (e.g., no 'g' prefix).  */
        -:   62:#define PROGRAM_NAME "sort"
        -:   63:
        -:   64:#define AUTHORS \
        -:   65:  proper_name ("Mike Haertel"), \
        -:   66:  proper_name ("Paul Eggert")
        -:   67:
        -:   68:#if HAVE_LANGINFO_CODESET
        -:   69:# include <langinfo.h>
        -:   70:#endif
        -:   71:
        -:   72:/* Use SA_NOCLDSTOP as a proxy for whether the sigaction machinery is
        -:   73:   present.  */
        -:   74:#ifndef SA_NOCLDSTOP
        -:   75:# define SA_NOCLDSTOP 0
        -:   76:/* No sigprocmask.  Always 'return' zero. */
        -:   77:# define sigprocmask(How, Set, Oset) (0)
        -:   78:# define sigset_t int
        -:   79:# if ! HAVE_SIGINTERRUPT
        -:   80:#  define siginterrupt(sig, flag) /* empty */
        -:   81:# endif
        -:   82:#endif
        -:   83:
        -:   84:#if !defined OPEN_MAX && defined NR_OPEN
        -:   85:# define OPEN_MAX NR_OPEN
        -:   86:#endif
        -:   87:#if !defined OPEN_MAX
        -:   88:# define OPEN_MAX 20
        -:   89:#endif
        -:   90:
        -:   91:#define UCHAR_LIM (UCHAR_MAX + 1)
        -:   92:
        -:   93:#ifndef DEFAULT_TMPDIR
        -:   94:# define DEFAULT_TMPDIR "/tmp"
        -:   95:#endif
        -:   96:
        -:   97:/* Maximum number of lines to merge every time a NODE is taken from
        -:   98:   the merge queue.  Node is at LEVEL in the binary merge tree,
        -:   99:   and is responsible for merging TOTAL lines. */
        -:  100:#define MAX_MERGE(total, level) (((total) >> (2 * ((level) + 1))) + 1)
        -:  101:
        -:  102:/* Heuristic value for the number of lines for which it is worth creating
        -:  103:   a subthread, during an internal merge sort.  I.e., it is a small number
        -:  104:   of "average" lines for which sorting via two threads is faster than
        -:  105:   sorting via one on an "average" system.  On a dual-core 2.0 GHz i686
        -:  106:   system with 3GB of RAM and 2MB of L2 cache, a file containing 128K
        -:  107:   lines of gensort -a output is sorted slightly faster with --parallel=2
        -:  108:   than with --parallel=1.  By contrast, using --parallel=1 is about 10%
        -:  109:   faster than using --parallel=2 with a 64K-line input.  */
        -:  110:enum { SUBTHREAD_LINES_HEURISTIC = 128 * 1024 };
        -:  111:static_assert (4 <= SUBTHREAD_LINES_HEURISTIC);
        -:  112:
        -:  113:/* The number of threads after which there are
        -:  114:   diminishing performance gains.  */
        -:  115:enum { DEFAULT_MAX_THREADS = 8 };
        -:  116:
        -:  117:/* Exit statuses.  */
        -:  118:enum
        -:  119:  {
        -:  120:    /* POSIX says to exit with status 1 if invoked with -c and the
        -:  121:       input is not properly sorted.  */
        -:  122:    SORT_OUT_OF_ORDER = 1,
        -:  123:
        -:  124:    /* POSIX says any other irregular exit must exit with a status
        -:  125:       code greater than 1.  */
        -:  126:    SORT_FAILURE = 2
        -:  127:  };
        -:  128:
        -:  129:enum
        -:  130:  {
        -:  131:    /* The number of times we should try to fork a compression process
        -:  132:       (we retry if the fork call fails).  We don't _need_ to compress
        -:  133:       temp files, this is just to reduce file system access, so this number
        -:  134:       can be small.  Each retry doubles in duration.  */
        -:  135:    MAX_FORK_TRIES_COMPRESS = 4,
        -:  136:
        -:  137:    /* The number of times we should try to fork a decompression process.
        -:  138:       If we can't fork a decompression process, we can't sort, so this
        -:  139:       number should be big.  Each retry doubles in duration.  */
        -:  140:    MAX_FORK_TRIES_DECOMPRESS = 9
        -:  141:  };
        -:  142:
        -:  143:enum
        -:  144:  {
        -:  145:    /* Level of the end-of-merge node, one level above the root. */
        -:  146:    MERGE_END = 0,
        -:  147:
        -:  148:    /* Level of the root node in merge tree. */
        -:  149:    MERGE_ROOT = 1
        -:  150:  };
        -:  151:
        -:  152:/* The representation of the decimal point in the current locale.  */
        -:  153:static char decimal_point;
        -:  154:
        -:  155:/* Thousands separator; if outside char range, there is no separator.  */
        -:  156:static int thousands_sep;
        -:  157:/* We currently ignore multi-byte grouping chars.  */
        -:  158:static bool thousands_sep_ignored;
        -:  159:
        -:  160:/* Nonzero if the corresponding locales are hard.  */
        -:  161:static bool hard_LC_COLLATE;
        -:  162:#if HAVE_NL_LANGINFO
        -:  163:static bool hard_LC_TIME;
        -:  164:#endif
        -:  165:
        -:  166:#define NONZERO(x) ((x) != 0)
        -:  167:
        -:  168:/* The kind of blanks for '-b' to skip in various options. */
        -:  169:enum blanktype { bl_start, bl_end, bl_both };
        -:  170:
        -:  171:/* The character marking end of line. Default to \n. */
        -:  172:static char eolchar = '\n';
        -:  173:
        -:  174:/* Lines are held in memory as counted strings. */
        -:  175:struct line
        -:  176:{
        -:  177:  char *text;			/* Text of the line. */
        -:  178:  size_t length;		/* Length including final newline. */
        -:  179:  char *keybeg;			/* Start of first key. */
        -:  180:  char *keylim;			/* Limit of first key. */
        -:  181:};
        -:  182:
        -:  183:/* Input buffers. */
        -:  184:struct buffer
        -:  185:{
        -:  186:  char *buf;			/* Dynamically allocated buffer,
        -:  187:                                   partitioned into 3 regions:
        -:  188:                                   - input data;
        -:  189:                                   - unused area;
        -:  190:                                   - an array of lines, in reverse order.  */
        -:  191:  size_t used;			/* Number of bytes used for input data.  */
        -:  192:  size_t nlines;		/* Number of lines in the line array.  */
        -:  193:  size_t alloc;			/* Number of bytes allocated. */
        -:  194:  size_t left;			/* Number of bytes left from previous reads. */
        -:  195:  size_t line_bytes;		/* Number of bytes to reserve for each line. */
        -:  196:  bool eof;			/* An EOF has been read.  */
        -:  197:};
        -:  198:
        -:  199:/* Sort key.  */
        -:  200:struct keyfield
        -:  201:{
        -:  202:  size_t sword;			/* Zero-origin 'word' to start at. */
        -:  203:  size_t schar;			/* Additional characters to skip. */
        -:  204:  size_t eword;			/* Zero-origin last 'word' of key. */
        -:  205:  size_t echar;			/* Additional characters in field. */
        -:  206:  bool const *ignore;		/* Boolean array of characters to ignore. */
        -:  207:  char const *translate;	/* Translation applied to characters. */
        -:  208:  bool skipsblanks;		/* Skip leading blanks when finding start.  */
        -:  209:  bool skipeblanks;		/* Skip leading blanks when finding end.  */
        -:  210:  bool numeric;			/* Flag for numeric comparison.  Handle
        -:  211:                                   strings of digits with optional decimal
        -:  212:                                   point, but no exponential notation. */
        -:  213:  bool random;			/* Sort by random hash of key.  */
        -:  214:  bool general_numeric;		/* Flag for general, numeric comparison.
        -:  215:                                   Handle numbers in exponential notation. */
        -:  216:  bool human_numeric;		/* Flag for sorting by human readable
        -:  217:                                   units with either SI or IEC prefixes. */
        -:  218:  bool month;			/* Flag for comparison by month name. */
        -:  219:  bool reverse;			/* Reverse the sense of comparison. */
        -:  220:  bool version;			/* sort by version number */
        -:  221:  bool traditional_used;	/* Traditional key option format is used. */
        -:  222:  struct keyfield *next;	/* Next keyfield to try. */
        -:  223:};
        -:  224:
        -:  225:struct month
        -:  226:{
        -:  227:  char const *name;
        -:  228:  int val;
        -:  229:};
        -:  230:
        -:  231:/* Binary merge tree node. */
        -:  232:struct merge_node
        -:  233:{
        -:  234:  struct line *lo;              /* Lines to merge from LO child node. */
        -:  235:  struct line *hi;              /* Lines to merge from HI child node. */
        -:  236:  struct line *end_lo;          /* End of available lines from LO. */
        -:  237:  struct line *end_hi;          /* End of available lines from HI. */
        -:  238:  struct line **dest;           /* Pointer to destination of merge. */
        -:  239:  size_t nlo;                   /* Total Lines remaining from LO. */
        -:  240:  size_t nhi;                   /* Total lines remaining from HI. */
        -:  241:  struct merge_node *parent;    /* Parent node. */
        -:  242:  struct merge_node *lo_child;  /* LO child node. */
        -:  243:  struct merge_node *hi_child;  /* HI child node. */
        -:  244:  unsigned int level;           /* Level in merge tree. */
        -:  245:  bool queued;                  /* Node is already in heap. */
        -:  246:  pthread_mutex_t lock;         /* Lock for node operations. */
        -:  247:};
        -:  248:
        -:  249:/* Priority queue of merge nodes. */
        -:  250:struct merge_node_queue
        -:  251:{
        -:  252:  struct heap *priority_queue;  /* Priority queue of merge tree nodes. */
        -:  253:  pthread_mutex_t mutex;        /* Lock for queue operations. */
        -:  254:  pthread_cond_t cond;          /* Conditional wait for empty queue to populate
        -:  255:                                   when popping. */
        -:  256:};
        -:  257:
        -:  258:/* Used to implement --unique (-u).  */
        -:  259:static struct line saved_line;
        -:  260:
        -:  261:/* FIXME: None of these tables work with multibyte character sets.
        -:  262:   Also, there are many other bugs when handling multibyte characters.
        -:  263:   One way to fix this is to rewrite 'sort' to use wide characters
        -:  264:   internally, but doing this with good performance is a bit
        -:  265:   tricky.  */
        -:  266:
        -:  267:/* Table of blanks.  */
        -:  268:static bool blanks[UCHAR_LIM];
        -:  269:
        -:  270:/* Table of non-printing characters. */
        -:  271:static bool nonprinting[UCHAR_LIM];
        -:  272:
        -:  273:/* Table of non-dictionary characters (not letters, digits, or blanks). */
        -:  274:static bool nondictionary[UCHAR_LIM];
        -:  275:
        -:  276:/* Translation table folding lower case to upper.  */
        -:  277:static char fold_toupper[UCHAR_LIM];
        -:  278:
        -:  279:#define MONTHS_PER_YEAR 12
        -:  280:
        -:  281:/* Table mapping month names to integers.
        -:  282:   Alphabetic order allows binary search. */
        -:  283:static struct month monthtab[] =
        -:  284:{
        -:  285:  {"APR", 4},
        -:  286:  {"AUG", 8},
        -:  287:  {"DEC", 12},
        -:  288:  {"FEB", 2},
        -:  289:  {"JAN", 1},
        -:  290:  {"JUL", 7},
        -:  291:  {"JUN", 6},
        -:  292:  {"MAR", 3},
        -:  293:  {"MAY", 5},
        -:  294:  {"NOV", 11},
        -:  295:  {"OCT", 10},
        -:  296:  {"SEP", 9}
        -:  297:};
        -:  298:
        -:  299:/* During the merge phase, the number of files to merge at once. */
        -:  300:#define NMERGE_DEFAULT 16
        -:  301:
        -:  302:/* Minimum size for a merge or check buffer.  */
        -:  303:#define MIN_MERGE_BUFFER_SIZE (2 + sizeof (struct line))
        -:  304:
        -:  305:/* Minimum sort size; the code might not work with smaller sizes.  */
        -:  306:#define MIN_SORT_SIZE (nmerge * MIN_MERGE_BUFFER_SIZE)
        -:  307:
        -:  308:/* The number of bytes needed for a merge or check buffer, which can
        -:  309:   function relatively efficiently even if it holds only one line.  If
        -:  310:   a longer line is seen, this value is increased.  */
        -:  311:static size_t merge_buffer_size = MAX (MIN_MERGE_BUFFER_SIZE, 256 * 1024);
        -:  312:
        -:  313:/* The approximate maximum number of bytes of main memory to use, as
        -:  314:   specified by the user.  Zero if the user has not specified a size.  */
        -:  315:static size_t sort_size;
        -:  316:
        -:  317:/* The initial allocation factor for non-regular files.
        -:  318:   This is used, e.g., when reading from a pipe.
        -:  319:   Don't make it too big, since it is multiplied by ~130 to
        -:  320:   obtain the size of the actual buffer sort will allocate.
        -:  321:   Also, there may be 8 threads all doing this at the same time.  */
        -:  322:#define INPUT_FILE_SIZE_GUESS (128 * 1024)
        -:  323:
        -:  324:/* Array of directory names in which any temporary files are to be created. */
        -:  325:static char const **temp_dirs;
        -:  326:
        -:  327:/* Number of temporary directory names used.  */
        -:  328:static size_t temp_dir_count;
        -:  329:
        -:  330:/* Number of allocated slots in temp_dirs.  */
        -:  331:static size_t temp_dir_alloc;
        -:  332:
        -:  333:/* Flag to reverse the order of all comparisons. */
        -:  334:static bool reverse;
        -:  335:
        -:  336:/* Flag for stable sort.  This turns off the last ditch bytewise
        -:  337:   comparison of lines, and instead leaves lines in the same order
        -:  338:   they were read if all keys compare equal.  */
        -:  339:static bool stable;
        -:  340:
        -:  341:/* An int value outside char range.  */
        -:  342:enum { NON_CHAR = CHAR_MAX + 1 };
        -:  343:
        -:  344:/* If TAB has this value, blanks separate fields.  */
        -:  345:enum { TAB_DEFAULT = CHAR_MAX + 1 };
        -:  346:
        -:  347:/* Tab character separating fields.  If TAB_DEFAULT, then fields are
        -:  348:   separated by the empty string between a non-blank character and a blank
        -:  349:   character. */
        -:  350:static int tab = TAB_DEFAULT;
        -:  351:
        -:  352:/* Flag to remove consecutive duplicate lines from the output.
        -:  353:   Only the last of a sequence of equal lines will be output. */
        -:  354:static bool unique;
        -:  355:
        -:  356:/* Nonzero if any of the input files are the standard input. */
        -:  357:static bool have_read_stdin;
        -:  358:
        -:  359:/* List of key field comparisons to be tried.  */
        -:  360:static struct keyfield *keylist;
        -:  361:
        -:  362:/* Program used to (de)compress temp files.  Must accept -d.  */
        -:  363:static char const *compress_program;
        -:  364:
        -:  365:/* Annotate the output with extra info to aid the user.  */
        -:  366:static bool debug;
        -:  367:
        -:  368:/* Maximum number of files to merge in one go.  If more than this
        -:  369:   number are present, temp files will be used. */
        -:  370:static unsigned int nmerge = NMERGE_DEFAULT;
        -:  371:
        -:  372:/* Output an error to stderr and exit using async-signal-safe routines.
        -:  373:   This can be used safely from signal handlers,
        -:  374:   and between fork and exec of multithreaded processes.  */
        -:  375:
        -:  376:static _Noreturn void
function async_safe_die called 0 returned 0% blocks executed 0%
    #####:  377:async_safe_die (int errnum, char const *errstr)
        -:  378:{
    #####:  379:  ignore_value (write (STDERR_FILENO, errstr, strlen (errstr)));
call    0 never executed
        -:  380:
        -:  381:  /* Even if defined HAVE_STRERROR_R, we can't use it,
        -:  382:     as it may return a translated string etc. and even if not
        -:  383:     may call malloc which is unsafe.  We might improve this
        -:  384:     by testing for sys_errlist and using that if available.
        -:  385:     For now just report the error number.  */
    #####:  386:  if (errnum)
branch  0 never executed
branch  1 never executed
        -:  387:    {
        -:  388:      char errbuf[INT_BUFSIZE_BOUND (errnum)];
    #####:  389:      char *p = inttostr (errnum, errbuf);
call    0 never executed
    #####:  390:      ignore_value (write (STDERR_FILENO, ": errno ", 8));
call    0 never executed
    #####:  391:      ignore_value (write (STDERR_FILENO, p, strlen (p)));
call    0 never executed
        -:  392:    }
        -:  393:
    #####:  394:  ignore_value (write (STDERR_FILENO, "\n", 1));
call    0 never executed
        -:  395:
    #####:  396:  _exit (SORT_FAILURE);
        -:  397:}
        -:  398:
        -:  399:/* Report MESSAGE for FILE, then clean up and exit.
        -:  400:   If FILE is null, it represents standard output.  */
        -:  401:
        -:  402:static void
function sort_die called 0 returned 0% blocks executed 0%
    #####:  403:sort_die (char const *message, char const *file)
        -:  404:{
    #####:  405:  error (SORT_FAILURE, errno, "%s: %s", message,
branch  0 never executed
branch  1 never executed
call    2 never executed
        -:  406:         quotef (file ? file : _("standard output")));
        -:  407:}
        -:  408:
        -:  409:void
function usage called 0 returned 0% blocks executed 0%
    #####:  410:usage (int status)
        -:  411:{
    #####:  412:  if (status != EXIT_SUCCESS)
branch  0 never executed
branch  1 never executed
    #####:  413:    emit_try_help ();
call    0 never executed
        -:  414:  else
        -:  415:    {
    #####:  416:      printf (_("\
call    0 never executed
        -:  417:Usage: %s [OPTION]... [FILE]...\n\
        -:  418:  or:  %s [OPTION]... --files0-from=F\n\
        -:  419:"),
        -:  420:              program_name, program_name);
    #####:  421:      fputs (_("\
call    0 never executed
        -:  422:Write sorted concatenation of all FILE(s) to standard output.\n\
        -:  423:"), stdout);
        -:  424:
    #####:  425:      emit_stdin_note ();
call    0 never executed
    #####:  426:      emit_mandatory_arg_note ();
call    0 never executed
        -:  427:
    #####:  428:      fputs (_("\
call    0 never executed
        -:  429:Ordering options:\n\
        -:  430:\n\
        -:  431:"), stdout);
    #####:  432:      fputs (_("\
call    0 never executed
        -:  433:  -b, --ignore-leading-blanks  ignore leading blanks\n\
        -:  434:  -d, --dictionary-order      consider only blanks and alphanumeric characters\
        -:  435:\n\
        -:  436:  -f, --ignore-case           fold lower case to upper case characters\n\
        -:  437:"), stdout);
    #####:  438:      fputs (_("\
call    0 never executed
        -:  439:  -g, --general-numeric-sort  compare according to general numerical value\n\
        -:  440:  -i, --ignore-nonprinting    consider only printable characters\n\
        -:  441:  -M, --month-sort            compare (unknown) < 'JAN' < ... < 'DEC'\n\
        -:  442:"), stdout);
    #####:  443:      fputs (_("\
call    0 never executed
        -:  444:  -h, --human-numeric-sort    compare human readable numbers (e.g., 2K 1G)\n\
        -:  445:"), stdout);
    #####:  446:      fputs (_("\
call    0 never executed
        -:  447:  -n, --numeric-sort          compare according to string numerical value\n\
        -:  448:  -R, --random-sort           shuffle, but group identical keys.  See shuf(1)\n\
        -:  449:      --random-source=FILE    get random bytes from FILE\n\
        -:  450:  -r, --reverse               reverse the result of comparisons\n\
        -:  451:"), stdout);
    #####:  452:      fputs (_("\
call    0 never executed
        -:  453:      --sort=WORD             sort according to WORD:\n\
        -:  454:                                general-numeric -g, human-numeric -h, month -M,\
        -:  455:\n\
        -:  456:                                numeric -n, random -R, version -V\n\
        -:  457:  -V, --version-sort          natural sort of (version) numbers within text\n\
        -:  458:\n\
        -:  459:"), stdout);
    #####:  460:      fputs (_("\
call    0 never executed
        -:  461:Other options:\n\
        -:  462:\n\
        -:  463:"), stdout);
    #####:  464:      fputs (_("\
call    0 never executed
        -:  465:      --batch-size=NMERGE   merge at most NMERGE inputs at once;\n\
        -:  466:                            for more use temp files\n\
        -:  467:"), stdout);
    #####:  468:      fputs (_("\
call    0 never executed
        -:  469:  -c, --check, --check=diagnose-first  check for sorted input; do not sort\n\
        -:  470:  -C, --check=quiet, --check=silent  like -c, but do not report first bad line\
        -:  471:\n\
        -:  472:      --compress-program=PROG  compress temporaries with PROG;\n\
        -:  473:                              decompress them with PROG -d\n\
        -:  474:"), stdout);
    #####:  475:      fputs (_("\
call    0 never executed
        -:  476:      --debug               annotate the part of the line used to sort,\n\
        -:  477:                              and warn about questionable usage to stderr\n\
        -:  478:      --files0-from=F       read input from the files specified by\n\
        -:  479:                            NUL-terminated names in file F;\n\
        -:  480:                            If F is - then read names from standard input\n\
        -:  481:"), stdout);
    #####:  482:      fputs (_("\
call    0 never executed
        -:  483:  -k, --key=KEYDEF          sort via a key; KEYDEF gives location and type\n\
        -:  484:  -m, --merge               merge already sorted files; do not sort\n\
        -:  485:"), stdout);
    #####:  486:      fputs (_("\
call    0 never executed
        -:  487:  -o, --output=FILE         write result to FILE instead of standard output\n\
        -:  488:  -s, --stable              stabilize sort by disabling last-resort comparison\
        -:  489:\n\
        -:  490:  -S, --buffer-size=SIZE    use SIZE for main memory buffer\n\
        -:  491:"), stdout);
    #####:  492:      printf (_("\
call    0 never executed
        -:  493:  -t, --field-separator=SEP  use SEP instead of non-blank to blank transition\n\
        -:  494:  -T, --temporary-directory=DIR  use DIR for temporaries, not $TMPDIR or %s;\n\
        -:  495:                              multiple options specify multiple directories\n\
        -:  496:      --parallel=N          change the number of sorts run concurrently to N\n\
        -:  497:  -u, --unique              with -c, check for strict ordering;\n\
        -:  498:                              without -c, output only the first of an equal run\
        -:  499:\n\
        -:  500:"), DEFAULT_TMPDIR);
    #####:  501:      fputs (_("\
call    0 never executed
        -:  502:  -z, --zero-terminated     line delimiter is NUL, not newline\n\
        -:  503:"), stdout);
    #####:  504:      fputs (HELP_OPTION_DESCRIPTION, stdout);
call    0 never executed
    #####:  505:      fputs (VERSION_OPTION_DESCRIPTION, stdout);
call    0 never executed
    #####:  506:      fputs (_("\
call    0 never executed
        -:  507:\n\
        -:  508:KEYDEF is F[.C][OPTS][,F[.C][OPTS]] for start and stop position, where F is a\n\
        -:  509:field number and C a character position in the field; both are origin 1, and\n\
        -:  510:the stop position defaults to the line's end.  If neither -t nor -b is in\n\
        -:  511:effect, characters in a field are counted from the beginning of the preceding\n\
        -:  512:whitespace.  OPTS is one or more single-letter ordering options [bdfgiMhnRrV],\
        -:  513:\n\
        -:  514:which override global ordering options for that key.  If no key is given, use\n\
        -:  515:the entire line as the key.  Use --debug to diagnose incorrect key usage.\n\
        -:  516:\n\
        -:  517:SIZE may be followed by the following multiplicative suffixes:\n\
        -:  518:"), stdout);
    #####:  519:      fputs (_("\
call    0 never executed
        -:  520:% 1% of memory, b 1, K 1024 (default), and so on for M, G, T, P, E, Z, Y, R, Q.\
        -:  521:\n\n\
        -:  522:*** WARNING ***\n\
        -:  523:The locale specified by the environment affects sort order.\n\
        -:  524:Set LC_ALL=C to get the traditional sort order that uses\n\
        -:  525:native byte values.\n\
        -:  526:"), stdout );
    #####:  527:      emit_ancillary_info (PROGRAM_NAME);
call    0 never executed
        -:  528:    }
        -:  529:
    #####:  530:  exit (status);
        -:  531:}
        -:  532:
        -:  533:/* For long options that have no equivalent short option, use a
        -:  534:   non-character as a pseudo short option, starting with CHAR_MAX + 1.  */
        -:  535:enum
        -:  536:{
        -:  537:  CHECK_OPTION = CHAR_MAX + 1,
        -:  538:  COMPRESS_PROGRAM_OPTION,
        -:  539:  DEBUG_PROGRAM_OPTION,
        -:  540:  FILES0_FROM_OPTION,
        -:  541:  NMERGE_OPTION,
        -:  542:  RANDOM_SOURCE_OPTION,
        -:  543:  SORT_OPTION,
        -:  544:  PARALLEL_OPTION
        -:  545:};
        -:  546:
        -:  547:static char const short_options[] = "-bcCdfghik:mMno:rRsS:t:T:uVy:z";
        -:  548:
        -:  549:static struct option const long_options[] =
        -:  550:{
        -:  551:  {"ignore-leading-blanks", no_argument, nullptr, 'b'},
        -:  552:  {"check", optional_argument, nullptr, CHECK_OPTION},
        -:  553:  {"compress-program", required_argument, nullptr, COMPRESS_PROGRAM_OPTION},
        -:  554:  {"debug", no_argument, nullptr, DEBUG_PROGRAM_OPTION},
        -:  555:  {"dictionary-order", no_argument, nullptr, 'd'},
        -:  556:  {"ignore-case", no_argument, nullptr, 'f'},
        -:  557:  {"files0-from", required_argument, nullptr, FILES0_FROM_OPTION},
        -:  558:  {"general-numeric-sort", no_argument, nullptr, 'g'},
        -:  559:  {"ignore-nonprinting", no_argument, nullptr, 'i'},
        -:  560:  {"key", required_argument, nullptr, 'k'},
        -:  561:  {"merge", no_argument, nullptr, 'm'},
        -:  562:  {"month-sort", no_argument, nullptr, 'M'},
        -:  563:  {"numeric-sort", no_argument, nullptr, 'n'},
        -:  564:  {"human-numeric-sort", no_argument, nullptr, 'h'},
        -:  565:  {"version-sort", no_argument, nullptr, 'V'},
        -:  566:  {"random-sort", no_argument, nullptr, 'R'},
        -:  567:  {"random-source", required_argument, nullptr, RANDOM_SOURCE_OPTION},
        -:  568:  {"sort", required_argument, nullptr, SORT_OPTION},
        -:  569:  {"output", required_argument, nullptr, 'o'},
        -:  570:  {"reverse", no_argument, nullptr, 'r'},
        -:  571:  {"stable", no_argument, nullptr, 's'},
        -:  572:  {"batch-size", required_argument, nullptr, NMERGE_OPTION},
        -:  573:  {"buffer-size", required_argument, nullptr, 'S'},
        -:  574:  {"field-separator", required_argument, nullptr, 't'},
        -:  575:  {"temporary-directory", required_argument, nullptr, 'T'},
        -:  576:  {"unique", no_argument, nullptr, 'u'},
        -:  577:  {"zero-terminated", no_argument, nullptr, 'z'},
        -:  578:  {"parallel", required_argument, nullptr, PARALLEL_OPTION},
        -:  579:  {GETOPT_HELP_OPTION_DECL},
        -:  580:  {GETOPT_VERSION_OPTION_DECL},
        -:  581:  {nullptr, 0, nullptr, 0},
        -:  582:};
        -:  583:
        -:  584:#define CHECK_TABLE \
        -:  585:  _ct_("quiet",          'C') \
        -:  586:  _ct_("silent",         'C') \
        -:  587:  _ct_("diagnose-first", 'c')
        -:  588:
        -:  589:static char const *const check_args[] =
        -:  590:{
        -:  591:#define _ct_(_s, _c) _s,
        -:  592:  CHECK_TABLE nullptr
        -:  593:#undef  _ct_
        -:  594:};
        -:  595:static char const check_types[] =
        -:  596:{
        -:  597:#define _ct_(_s, _c) _c,
        -:  598:  CHECK_TABLE
        -:  599:#undef  _ct_
        -:  600:};
        -:  601:
        -:  602:#define SORT_TABLE \
        -:  603:  _st_("general-numeric", 'g') \
        -:  604:  _st_("human-numeric",   'h') \
        -:  605:  _st_("month",           'M') \
        -:  606:  _st_("numeric",         'n') \
        -:  607:  _st_("random",          'R') \
        -:  608:  _st_("version",         'V')
        -:  609:
        -:  610:static char const *const sort_args[] =
        -:  611:{
        -:  612:#define _st_(_s, _c) _s,
        -:  613:  SORT_TABLE nullptr
        -:  614:#undef  _st_
        -:  615:};
        -:  616:static char const sort_types[] =
        -:  617:{
        -:  618:#define _st_(_s, _c) _c,
        -:  619:  SORT_TABLE
        -:  620:#undef  _st_
        -:  621:};
        -:  622:
        -:  623:/* The set of signals that are caught.  */
        -:  624:static sigset_t caught_signals;
        -:  625:
        -:  626:/* Critical section status.  */
        -:  627:struct cs_status
        -:  628:{
        -:  629:  bool valid;
        -:  630:  sigset_t sigs;
        -:  631:};
        -:  632:
        -:  633:/* Enter a critical section.  */
        -:  634:static void
function cs_enter called 0 returned 0% blocks executed 0%
    #####:  635:cs_enter (struct cs_status *status)
        -:  636:{
    #####:  637:  int ret = pthread_sigmask (SIG_BLOCK, &caught_signals, &status->sigs);
call    0 never executed
    #####:  638:  status->valid = ret == 0;
    #####:  639:}
        -:  640:
        -:  641:/* Leave a critical section.  */
        -:  642:static void
function cs_leave called 0 returned 0% blocks executed 0%
    #####:  643:cs_leave (struct cs_status const *status)
        -:  644:{
    #####:  645:  if (status->valid)
branch  0 never executed
branch  1 never executed
        -:  646:    {
        -:  647:      /* Ignore failure when restoring the signal mask. */
    #####:  648:      pthread_sigmask (SIG_SETMASK, &status->sigs, nullptr);
call    0 never executed
        -:  649:    }
    #####:  650:}
        -:  651:
        -:  652:/* Possible states for a temp file.  If compressed, the file's status
        -:  653:   is unreaped or reaped, depending on whether 'sort' has waited for
        -:  654:   the subprocess to finish.  */
        -:  655:enum { UNCOMPRESSED, UNREAPED, REAPED };
        -:  656:
        -:  657:/* The list of temporary files. */
        -:  658:struct tempnode
        -:  659:{
        -:  660:  struct tempnode *volatile next;
        -:  661:  pid_t pid;     /* The subprocess PID; undefined if state == UNCOMPRESSED.  */
        -:  662:  char state;
        -:  663:  char name[FLEXIBLE_ARRAY_MEMBER];
        -:  664:};
        -:  665:static struct tempnode *volatile temphead;
        -:  666:static struct tempnode *volatile *temptail = &temphead;
        -:  667:
        -:  668:/* A file to be sorted.  */
        -:  669:struct sortfile
        -:  670:{
        -:  671:  /* The file's name.  */
        -:  672:  char const *name;
        -:  673:
        -:  674:  /* Non-null if this is a temporary file, in which case NAME == TEMP->name.  */
        -:  675:  struct tempnode *temp;
        -:  676:};
        -:  677:
        -:  678:/* Map PIDs of unreaped subprocesses to their struct tempnode objects.  */
        -:  679:static Hash_table *proctab;
        -:  680:
        -:  681:enum { INIT_PROCTAB_SIZE = 47 };
        -:  682:
        -:  683:static size_t
function proctab_hasher called 0 returned 0% blocks executed 0%
    #####:  684:proctab_hasher (void const *entry, size_t tabsize)
        -:  685:{
    #####:  686:  struct tempnode const *node = entry;
    #####:  687:  return node->pid % tabsize;
        -:  688:}
        -:  689:
        -:  690:static bool
function proctab_comparator called 0 returned 0% blocks executed 0%
    #####:  691:proctab_comparator (void const *e1, void const *e2)
        -:  692:{
    #####:  693:  struct tempnode const *n1 = e1;
    #####:  694:  struct tempnode const *n2 = e2;
    #####:  695:  return n1->pid == n2->pid;
        -:  696:}
        -:  697:
        -:  698:/* The number of unreaped child processes.  */
        -:  699:static pid_t nprocs;
        -:  700:
        -:  701:static bool delete_proc (pid_t);
        -:  702:
        -:  703:/* If PID is positive, wait for the child process with that PID to
        -:  704:   exit, and assume that PID has already been removed from the process
        -:  705:   table.  If PID is 0 or -1, clean up some child that has exited (by
        -:  706:   waiting for it, and removing it from the proc table) and return the
        -:  707:   child's process ID.  However, if PID is 0 and no children have
        -:  708:   exited, return 0 without waiting.  */
        -:  709:
        -:  710:static pid_t
function reap called 0 returned 0% blocks executed 0%
    #####:  711:reap (pid_t pid)
        -:  712:{
        -:  713:  int status;
    #####:  714:  pid_t cpid = waitpid ((pid ? pid : -1), &status, (pid ? 0 : WNOHANG));
branch  0 never executed
branch  1 never executed
call    2 never executed
        -:  715:
    #####:  716:  if (cpid < 0)
branch  0 never executed
branch  1 never executed
    #####:  717:    error (SORT_FAILURE, errno, _("waiting for %s [-d]"),
call    0 never executed
call    1 never executed
        -:  718:           quoteaf (compress_program));
    #####:  719:  else if (0 < cpid && (0 < pid || delete_proc (cpid)))
branch  0 never executed
branch  1 never executed
branch  2 never executed
branch  3 never executed
call    4 never executed
branch  5 never executed
branch  6 never executed
        -:  720:    {
    #####:  721:      if (! WIFEXITED (status) || WEXITSTATUS (status))
branch  0 never executed
branch  1 never executed
branch  2 never executed
branch  3 never executed
    #####:  722:        error (SORT_FAILURE, 0, _("%s [-d] terminated abnormally"),
call    0 never executed
call    1 never executed
        -:  723:               quoteaf (compress_program));
    #####:  724:      --nprocs;
        -:  725:    }
        -:  726:
    #####:  727:  return cpid;
        -:  728:}
        -:  729:
        -:  730:/* TEMP represents a new process; add it to the process table.  Create
        -:  731:   the process table the first time it's called.  */
        -:  732:
        -:  733:static void
function register_proc called 0 returned 0% blocks executed 0%
    #####:  734:register_proc (struct tempnode *temp)
        -:  735:{
    #####:  736:  if (! proctab)
branch  0 never executed
branch  1 never executed
        -:  737:    {
    #####:  738:      proctab = hash_initialize (INIT_PROCTAB_SIZE, nullptr,
call    0 never executed
        -:  739:                                 proctab_hasher,
        -:  740:                                 proctab_comparator,
        -:  741:                                 nullptr);
    #####:  742:      if (! proctab)
branch  0 never executed
branch  1 never executed
    #####:  743:        xalloc_die ();
call    0 never executed
        -:  744:    }
        -:  745:
    #####:  746:  temp->state = UNREAPED;
        -:  747:
    #####:  748:  if (! hash_insert (proctab, temp))
call    0 never executed
branch  1 never executed
branch  2 never executed
    #####:  749:    xalloc_die ();
call    0 never executed
    #####:  750:}
        -:  751:
        -:  752:/* If PID is in the process table, remove it and return true.
        -:  753:   Otherwise, return false.  */
        -:  754:
        -:  755:static bool
function delete_proc called 0 returned 0% blocks executed 0%
    #####:  756:delete_proc (pid_t pid)
        -:  757:{
        -:  758:  struct tempnode test;
        -:  759:
    #####:  760:  test.pid = pid;
    #####:  761:  struct tempnode *node = hash_remove (proctab, &test);
call    0 never executed
    #####:  762:  if (! node)
branch  0 never executed
branch  1 never executed
    #####:  763:    return false;
    #####:  764:  node->state = REAPED;
    #####:  765:  return true;
        -:  766:}
        -:  767:
        -:  768:/* Remove PID from the process table, and wait for it to exit if it
        -:  769:   hasn't already.  */
        -:  770:
        -:  771:static void
function wait_proc called 0 returned 0% blocks executed 0%
    #####:  772:wait_proc (pid_t pid)
        -:  773:{
    #####:  774:  if (delete_proc (pid))
call    0 never executed
branch  1 never executed
branch  2 never executed
    #####:  775:    reap (pid);
call    0 never executed
    #####:  776:}
        -:  777:
        -:  778:/* Reap any exited children.  Do not block; reap only those that have
        -:  779:   already exited.  */
        -:  780:
        -:  781:static void
function reap_exited called 0 returned 0% blocks executed 0%
    #####:  782:reap_exited (void)
    #####:  783:{
    #####:  784:  while (0 < nprocs && reap (0))
branch  0 never executed
branch  1 never executed
call    2 never executed
branch  3 never executed
branch  4 never executed
    #####:  785:    continue;
    #####:  786:}
        -:  787:
        -:  788:/* Reap at least one exited child, waiting if necessary.  */
        -:  789:
        -:  790:static void
function reap_some called 0 returned 0% blocks executed 0%
    #####:  791:reap_some (void)
        -:  792:{
    #####:  793:  reap (-1);
call    0 never executed
    #####:  794:  reap_exited ();
call    0 never executed
    #####:  795:}
        -:  796:
        -:  797:/* Reap all children, waiting if necessary.  */
        -:  798:
        -:  799:static void
function reap_all called 0 returned 0% blocks executed 0%
    #####:  800:reap_all (void)
        -:  801:{
    #####:  802:  while (0 < nprocs)
branch  0 never executed
branch  1 never executed
    #####:  803:    reap (-1);
call    0 never executed
    #####:  804:}
        -:  805:
        -:  806:/* Clean up any remaining temporary files.  */
        -:  807:
        -:  808:static void
function cleanup called 0 returned 0% blocks executed 0%
    #####:  809:cleanup (void)
        -:  810:{
        -:  811:  struct tempnode const *node;
        -:  812:
    #####:  813:  for (node = temphead; node; node = node->next)
branch  0 never executed
branch  1 never executed
    #####:  814:    unlink (node->name);
call    0 never executed
    #####:  815:  temphead = nullptr;
    #####:  816:}
        -:  817:
        -:  818:/* Cleanup actions to take when exiting.  */
        -:  819:
        -:  820:static void
function exit_cleanup called 0 returned 0% blocks executed 0%
    #####:  821:exit_cleanup (void)
        -:  822:{
    #####:  823:  if (temphead)
branch  0 never executed
branch  1 never executed
        -:  824:    {
        -:  825:      /* Clean up any remaining temporary files in a critical section so
        -:  826:         that a signal handler does not try to clean them too.  */
        -:  827:      struct cs_status cs;
    #####:  828:      cs_enter (&cs);
call    0 never executed
    #####:  829:      cleanup ();
call    0 never executed
    #####:  830:      cs_leave (&cs);
call    0 never executed
        -:  831:    }
        -:  832:
    #####:  833:  close_stdout ();
call    0 never executed
    #####:  834:}
        -:  835:
        -:  836:/* Create a new temporary file, returning its newly allocated tempnode.
        -:  837:   Store into *PFD the file descriptor open for writing.
        -:  838:   If the creation fails, return nullptr and store -1 into *PFD if the
        -:  839:   failure is due to file descriptor exhaustion and
        -:  840:   SURVIVE_FD_EXHAUSTION; otherwise, die.  */
        -:  841:
        -:  842:static struct tempnode *
function create_temp_file called 0 returned 0% blocks executed 0%
    #####:  843:create_temp_file (int *pfd, bool survive_fd_exhaustion)
        -:  844:{
        -:  845:  static char const slashbase[] = "/sortXXXXXX";
        -:  846:  static size_t temp_dir_index;
        -:  847:  int fd;
        -:  848:  int saved_errno;
    #####:  849:  char const *temp_dir = temp_dirs[temp_dir_index];
    #####:  850:  size_t len = strlen (temp_dir);
        -:  851:  struct tempnode *node =
    #####:  852:    xmalloc (FLEXSIZEOF (struct tempnode, name, len + sizeof slashbase));
call    0 never executed
    #####:  853:  char *file = node->name;
        -:  854:  struct cs_status cs;
        -:  855:
    #####:  856:  memcpy (file, temp_dir, len);
    #####:  857:  memcpy (file + len, slashbase, sizeof slashbase);
    #####:  858:  node->next = nullptr;
    #####:  859:  if (++temp_dir_index == temp_dir_count)
branch  0 never executed
branch  1 never executed
    #####:  860:    temp_dir_index = 0;
        -:  861:
        -:  862:  /* Create the temporary file in a critical section, to avoid races.  */
    #####:  863:  cs_enter (&cs);
call    0 never executed
    #####:  864:  fd = mkostemp (file, O_CLOEXEC);
call    0 never executed
    #####:  865:  if (0 <= fd)
branch  0 never executed
branch  1 never executed
        -:  866:    {
    #####:  867:      *temptail = node;
    #####:  868:      temptail = &node->next;
        -:  869:    }
    #####:  870:  saved_errno = errno;
    #####:  871:  cs_leave (&cs);
call    0 never executed
    #####:  872:  errno = saved_errno;
        -:  873:
    #####:  874:  if (fd < 0)
branch  0 never executed
branch  1 never executed
        -:  875:    {
    #####:  876:      if (! (survive_fd_exhaustion && errno == EMFILE))
branch  0 never executed
branch  1 never executed
branch  2 never executed
branch  3 never executed
    #####:  877:        error (SORT_FAILURE, errno, _("cannot create temporary file in %s"),
call    0 never executed
call    1 never executed
        -:  878:               quoteaf (temp_dir));
    #####:  879:      free (node);
    #####:  880:      node = nullptr;
        -:  881:    }
        -:  882:
    #####:  883:  *pfd = fd;
    #####:  884:  return node;
        -:  885:}
        -:  886:
        -:  887:/* Return a pointer to stdout status, or nullptr on failure.  */
        -:  888:
        -:  889:static struct stat *
function get_outstatus called 0 returned 0% blocks executed 0%
    #####:  890:get_outstatus (void)
        -:  891:{
        -:  892:  static int outstat_errno;
        -:  893:  static struct stat outstat;
    #####:  894:  if (outstat_errno == 0)
branch  0 never executed
branch  1 never executed
    #####:  895:    outstat_errno = fstat (STDOUT_FILENO, &outstat) == 0 ? -1 : errno;
call    0 never executed
branch  1 never executed
branch  2 never executed
    #####:  896:  return outstat_errno < 0 ? &outstat : nullptr;
branch  0 never executed
branch  1 never executed
        -:  897:}
        -:  898:
        -:  899:/* Return a stream for FILE, opened with mode HOW.  If HOW is "w",
        -:  900:   the file is already open on standard output, and needs to be
        -:  901:   truncated unless FILE is null.  When opening for input, "-"
        -:  902:   means standard input.  To avoid confusion, do not return file
        -:  903:   descriptors STDIN_FILENO, STDOUT_FILENO, or STDERR_FILENO when
        -:  904:   opening an ordinary FILE.  Return nullptr if unsuccessful.
        -:  905:
        -:  906:   Use fadvise to specify an access pattern for input files.
        -:  907:   There are a few hints we could possibly provide,
        -:  908:   and after careful testing it was decided that
        -:  909:   specifying FADVISE_SEQUENTIAL was not detrimental
        -:  910:   to any cases.  On Linux 2.6.31, this option doubles
        -:  911:   the size of read ahead performed and thus was seen to
        -:  912:   benefit these cases:
        -:  913:     Merging
        -:  914:     Sorting with a smaller internal buffer
        -:  915:     Reading from faster flash devices
        -:  916:
        -:  917:   In _addition_ one could also specify other hints...
        -:  918:
        -:  919:   FADVISE_WILLNEED was tested, but Linux 2.6.31
        -:  920:   at least uses that to _synchronously_ prepopulate the cache
        -:  921:   with the specified range.  While sort does need to
        -:  922:   read all of its input before outputting, a synchronous
        -:  923:   read of the whole file up front precludes any processing
        -:  924:   that sort could do in parallel with the system doing
        -:  925:   read ahead of the data. This was seen to have negative effects
        -:  926:   in a couple of cases:
        -:  927:     Merging
        -:  928:     Sorting with a smaller internal buffer
        -:  929:   This option was seen to shorten the runtime for sort
        -:  930:   on a multicore system with lots of RAM and other processes
        -:  931:   competing for CPU.  It could be argued that more explicit
        -:  932:   scheduling hints with 'nice' et. al. are more appropriate
        -:  933:   for this situation.
        -:  934:
        -:  935:   FADVISE_NOREUSE is a possibility as it could lower
        -:  936:   the priority of input data in the cache as sort will
        -:  937:   only need to process it once.  However its functionality
        -:  938:   has changed over Linux kernel versions and as of 2.6.31
        -:  939:   it does nothing and thus we can't depend on what it might
        -:  940:   do in future.
        -:  941:
        -:  942:   FADVISE_DONTNEED is not appropriate for user specified
        -:  943:   input files, but for temp files we do want to drop the
        -:  944:   cache immediately after processing.  This is done implicitly
        -:  945:   however when the files are unlinked.  */
        -:  946:
        -:  947:static FILE *
function stream_open called 0 returned 0% blocks executed 0%
    #####:  948:stream_open (char const *file, char const *how)
        -:  949:{
        -:  950:  FILE *fp;
        -:  951:
    #####:  952:  if (*how == 'r')
branch  0 never executed
branch  1 never executed
        -:  953:    {
    #####:  954:      if (STREQ (file, "-"))
branch  0 never executed
branch  1 never executed
        -:  955:        {
    #####:  956:          have_read_stdin = true;
    #####:  957:          fp = stdin;
        -:  958:        }
        -:  959:      else
        -:  960:        {
    #####:  961:          int fd = open (file, O_RDONLY | O_CLOEXEC);
call    0 never executed
    #####:  962:          fp = fd < 0 ? nullptr : fdopen (fd, how);
branch  0 never executed
branch  1 never executed
call    2 never executed
        -:  963:        }
    #####:  964:      fadvise (fp, FADVISE_SEQUENTIAL);
call    0 never executed
        -:  965:    }
    #####:  966:  else if (*how == 'w')
branch  0 never executed
branch  1 never executed
        -:  967:    {
    #####:  968:      if (file && ftruncate (STDOUT_FILENO, 0) != 0)
branch  0 never executed
branch  1 never executed
call    2 never executed
branch  3 never executed
branch  4 never executed
        -:  969:        {
    #####:  970:          int ftruncate_errno = errno;
    #####:  971:          struct stat *outst = get_outstatus ();
call    0 never executed
    #####:  972:          if (!outst || S_ISREG (outst->st_mode) || S_TYPEISSHM (outst))
branch  0 never executed
branch  1 never executed
branch  2 never executed
branch  3 never executed
    #####:  973:            error (SORT_FAILURE, ftruncate_errno, _("%s: error truncating"),
call    0 never executed
call    1 never executed
        -:  974:                   quotef (file));
        -:  975:        }
    #####:  976:      fp = stdout;
        -:  977:    }
        -:  978:  else
    #####:  979:    affirm (!"unexpected mode passed to stream_open");
call    0 never executed
        -:  980:
    #####:  981:  return fp;
        -:  982:}
        -:  983:
        -:  984:/* Same as stream_open, except always return a non-null value; die on
        -:  985:   failure.  */
        -:  986:
        -:  987:static FILE *
function xfopen called 0 returned 0% blocks executed 0%
    #####:  988:xfopen (char const *file, char const *how)
        -:  989:{
    #####:  990:  FILE *fp = stream_open (file, how);
call    0 never executed
    #####:  991:  if (!fp)
branch  0 never executed
branch  1 never executed
    #####:  992:    sort_die (_("open failed"), file);
call    0 never executed
    #####:  993:  return fp;
        -:  994:}
        -:  995:
        -:  996:/* Close FP, whose name is FILE, and report any errors.  */
        -:  997:
        -:  998:static void
function xfclose called 0 returned 0% blocks executed 0%
    #####:  999:xfclose (FILE *fp, char const *file)
        -: 1000:{
    #####: 1001:  switch (fileno (fp))
call    0 never executed
branch  1 never executed
branch  2 never executed
branch  3 never executed
        -: 1002:    {
    #####: 1003:    case STDIN_FILENO:
        -: 1004:      /* Allow reading stdin from tty more than once.  */
    #####: 1005:      clearerr (fp);
call    0 never executed
    #####: 1006:      break;
        -: 1007:
    #####: 1008:    case STDOUT_FILENO:
        -: 1009:      /* Don't close stdout just yet.  close_stdout does that.  */
    #####: 1010:      if (fflush (fp) != 0)
call    0 never executed
branch  1 never executed
branch  2 never executed
    #####: 1011:        sort_die (_("fflush failed"), file);
call    0 never executed
    #####: 1012:      break;
        -: 1013:
    #####: 1014:    default:
    #####: 1015:      if (fclose (fp) != 0)
call    0 never executed
branch  1 never executed
branch  2 never executed
    #####: 1016:        sort_die (_("close failed"), file);
call    0 never executed
    #####: 1017:      break;
        -: 1018:    }
    #####: 1019:}
        -: 1020:
        -: 1021:/* Move OLDFD to NEWFD.  If OLDFD != NEWFD, NEWFD is not close-on-exec.  */
        -: 1022:
        -: 1023:static void
function move_fd called 0 returned 0% blocks executed 0%
    #####: 1024:move_fd (int oldfd, int newfd)
        -: 1025:{
    #####: 1026:  if (oldfd != newfd)
branch  0 never executed
branch  1 never executed
        -: 1027:    {
        -: 1028:      /* These should never fail for our usage.  */
    #####: 1029:      ignore_value (dup2 (oldfd, newfd));
call    0 never executed
    #####: 1030:      ignore_value (close (oldfd));
call    0 never executed
        -: 1031:    }
    #####: 1032:}
        -: 1033:
        -: 1034:/* Fork a child process for piping to and do common cleanup.  The
        -: 1035:   TRIES parameter specifies how many times to try to fork before
        -: 1036:   giving up.  Return the PID of the child, or -1 (setting errno)
        -: 1037:   on failure. */
        -: 1038:
        -: 1039:static pid_t
function pipe_fork called 0 returned 0% blocks executed 0%
    #####: 1040:pipe_fork (int pipefds[2], size_t tries)
        -: 1041:{
        -: 1042:#if HAVE_WORKING_FORK
        -: 1043:  struct tempnode *saved_temphead;
        -: 1044:  int saved_errno;
    #####: 1045:  double wait_retry = 0.25;
        -: 1046:  pid_t pid;
        -: 1047:  struct cs_status cs;
        -: 1048:
    #####: 1049:  if (pipe2 (pipefds, O_CLOEXEC) < 0)
call    0 never executed
branch  1 never executed
branch  2 never executed
    #####: 1050:    return -1;
        -: 1051:
        -: 1052:  /* At least NMERGE + 1 subprocesses are needed.  More could be created, but
        -: 1053:     uncontrolled subprocess generation can hurt performance significantly.
        -: 1054:     Allow at most NMERGE + 2 subprocesses, on the theory that there
        -: 1055:     may be some useful parallelism by letting compression for the
        -: 1056:     previous merge finish (1 subprocess) in parallel with the current
        -: 1057:     merge (NMERGE + 1 subprocesses).  */
        -: 1058:
    #####: 1059:  if (nmerge + 1 < nprocs)
branch  0 never executed
branch  1 never executed
    #####: 1060:    reap_some ();
call    0 never executed
        -: 1061:
    #####: 1062:  while (tries--)
branch  0 never executed
branch  1 never executed
        -: 1063:    {
        -: 1064:      /* This is so the child process won't delete our temp files
        -: 1065:         if it receives a signal before exec-ing.  */
    #####: 1066:      cs_enter (&cs);
call    0 never executed
    #####: 1067:      saved_temphead = temphead;
    #####: 1068:      temphead = nullptr;
        -: 1069:
    #####: 1070:      pid = fork ();
call    0 never executed
    #####: 1071:      saved_errno = errno;
    #####: 1072:      if (pid)
branch  0 never executed
branch  1 never executed
    #####: 1073:        temphead = saved_temphead;
        -: 1074:
    #####: 1075:      cs_leave (&cs);
call    0 never executed
    #####: 1076:      errno = saved_errno;
        -: 1077:
    #####: 1078:      if (0 <= pid || errno != EAGAIN)
branch  0 never executed
branch  1 never executed
branch  2 never executed
branch  3 never executed
        -: 1079:        break;
        -: 1080:      else
        -: 1081:        {
    #####: 1082:          xnanosleep (wait_retry);
call    0 never executed
    #####: 1083:          wait_retry *= 2;
    #####: 1084:          reap_exited ();
call    0 never executed
        -: 1085:        }
        -: 1086:    }
        -: 1087:
    #####: 1088:  if (pid < 0)
branch  0 never executed
branch  1 never executed
        -: 1089:    {
    #####: 1090:      saved_errno = errno;
    #####: 1091:      close (pipefds[0]);
call    0 never executed
    #####: 1092:      close (pipefds[1]);
call    0 never executed
    #####: 1093:      errno = saved_errno;
        -: 1094:    }
    #####: 1095:  else if (pid == 0)
branch  0 never executed
branch  1 never executed
        -: 1096:    {
    #####: 1097:      close (STDIN_FILENO);
call    0 never executed
    #####: 1098:      close (STDOUT_FILENO);
call    0 never executed
        -: 1099:    }
        -: 1100:  else
    #####: 1101:    ++nprocs;
        -: 1102:
    #####: 1103:  return pid;
        -: 1104:
        -: 1105:#else  /* ! HAVE_WORKING_FORK */
        -: 1106:  return -1;
        -: 1107:#endif
        -: 1108:}
        -: 1109:
        -: 1110:/* Create a temporary file and, if asked for, start a compressor
        -: 1111:   to that file.  Set *PFP to the file handle and return
        -: 1112:   the address of the new temp node.  If the creation
        -: 1113:   fails, return nullptr if the failure is due to file descriptor
        -: 1114:   exhaustion and SURVIVE_FD_EXHAUSTION; otherwise, die.  */
        -: 1115:
        -: 1116:static struct tempnode *
function maybe_create_temp called 0 returned 0% blocks executed 0%
    #####: 1117:maybe_create_temp (FILE **pfp, bool survive_fd_exhaustion)
        -: 1118:{
        -: 1119:  int tempfd;
    #####: 1120:  struct tempnode *node = create_temp_file (&tempfd, survive_fd_exhaustion);
call    0 never executed
    #####: 1121:  if (! node)
branch  0 never executed
branch  1 never executed
    #####: 1122:    return nullptr;
        -: 1123:
    #####: 1124:  node->state = UNCOMPRESSED;
        -: 1125:
    #####: 1126:  if (compress_program)
branch  0 never executed
branch  1 never executed
        -: 1127:    {
        -: 1128:      int pipefds[2];
        -: 1129:
    #####: 1130:      node->pid = pipe_fork (pipefds, MAX_FORK_TRIES_COMPRESS);
call    0 never executed
    #####: 1131:      if (0 < node->pid)
branch  0 never executed
branch  1 never executed
        -: 1132:        {
    #####: 1133:          close (tempfd);
call    0 never executed
    #####: 1134:          close (pipefds[0]);
call    0 never executed
    #####: 1135:          tempfd = pipefds[1];
        -: 1136:
    #####: 1137:          register_proc (node);
call    0 never executed
        -: 1138:        }
    #####: 1139:      else if (node->pid == 0)
branch  0 never executed
branch  1 never executed
        -: 1140:        {
        -: 1141:          /* Being the child of a multithreaded program before exec,
        -: 1142:             we're restricted to calling async-signal-safe routines here.  */
    #####: 1143:          close (pipefds[1]);
call    0 never executed
    #####: 1144:          move_fd (tempfd, STDOUT_FILENO);
call    0 never executed
    #####: 1145:          move_fd (pipefds[0], STDIN_FILENO);
call    0 never executed
        -: 1146:
    #####: 1147:          execlp (compress_program, compress_program, (char *) nullptr);
        -: 1148:
    #####: 1149:          async_safe_die (errno, "couldn't execute compress program");
call    0 never executed
        -: 1150:        }
        -: 1151:    }
        -: 1152:
    #####: 1153:  *pfp = fdopen (tempfd, "w");
call    0 never executed
    #####: 1154:  if (! *pfp)
branch  0 never executed
branch  1 never executed
    #####: 1155:    sort_die (_("couldn't create temporary file"), node->name);
call    0 never executed
        -: 1156:
    #####: 1157:  return node;
        -: 1158:}
        -: 1159:
        -: 1160:/* Create a temporary file and, if asked for, start a compressor
        -: 1161:   to that file.  Set *PFP to the file handle and return the address
        -: 1162:   of the new temp node.  Die on failure.  */
        -: 1163:
        -: 1164:static struct tempnode *
function create_temp called 0 returned 0% blocks executed 0%
    #####: 1165:create_temp (FILE **pfp)
        -: 1166:{
    #####: 1167:  return maybe_create_temp (pfp, false);
call    0 never executed
        -: 1168:}
        -: 1169:
        -: 1170:/* Open a compressed temp file and start a decompression process through
        -: 1171:   which to filter the input.  Return nullptr (setting errno to
        -: 1172:   EMFILE) if we ran out of file descriptors, and die on any other
        -: 1173:   kind of failure.  */
        -: 1174:
        -: 1175:static FILE *
function open_temp called 0 returned 0% blocks executed 0%
    #####: 1176:open_temp (struct tempnode *temp)
        -: 1177:{
        -: 1178:  int tempfd, pipefds[2];
    #####: 1179:  FILE *fp = nullptr;
        -: 1180:
    #####: 1181:  if (temp->state == UNREAPED)
branch  0 never executed
branch  1 never executed
    #####: 1182:    wait_proc (temp->pid);
call    0 never executed
        -: 1183:
    #####: 1184:  tempfd = open (temp->name, O_RDONLY);
call    0 never executed
    #####: 1185:  if (tempfd < 0)
branch  0 never executed
branch  1 never executed
    #####: 1186:    return nullptr;
        -: 1187:
    #####: 1188:  pid_t child = pipe_fork (pipefds, MAX_FORK_TRIES_DECOMPRESS);
call    0 never executed
        -: 1189:
    #####: 1190:  switch (child)
branch  0 never executed
branch  1 never executed
branch  2 never executed
        -: 1191:    {
    #####: 1192:    case -1:
    #####: 1193:      if (errno != EMFILE)
branch  0 never executed
branch  1 never executed
    #####: 1194:        error (SORT_FAILURE, errno, _("couldn't create process for %s -d"),
call    0 never executed
call    1 never executed
        -: 1195:               quoteaf (compress_program));
    #####: 1196:      close (tempfd);
call    0 never executed
    #####: 1197:      errno = EMFILE;
    #####: 1198:      break;
        -: 1199:
    #####: 1200:    case 0:
        -: 1201:      /* Being the child of a multithreaded program before exec,
        -: 1202:         we're restricted to calling async-signal-safe routines here.  */
    #####: 1203:      close (pipefds[0]);
call    0 never executed
    #####: 1204:      move_fd (tempfd, STDIN_FILENO);
call    0 never executed
    #####: 1205:      move_fd (pipefds[1], STDOUT_FILENO);
call    0 never executed
        -: 1206:
    #####: 1207:      execlp (compress_program, compress_program, "-d", (char *) nullptr);
        -: 1208:
    #####: 1209:      async_safe_die (errno, "couldn't execute compress program (with -d)");
call    0 never executed
        -: 1210:
    #####: 1211:    default:
    #####: 1212:      temp->pid = child;
    #####: 1213:      register_proc (temp);
call    0 never executed
    #####: 1214:      close (tempfd);
call    0 never executed
    #####: 1215:      close (pipefds[1]);
call    0 never executed
        -: 1216:
    #####: 1217:      fp = fdopen (pipefds[0], "r");
call    0 never executed
    #####: 1218:      if (! fp)
branch  0 never executed
branch  1 never executed
        -: 1219:        {
    #####: 1220:          int saved_errno = errno;
    #####: 1221:          close (pipefds[0]);
call    0 never executed
    #####: 1222:          errno = saved_errno;
        -: 1223:        }
    #####: 1224:      break;
        -: 1225:    }
        -: 1226:
    #####: 1227:  return fp;
        -: 1228:}
        -: 1229:
        -: 1230:/* Append DIR to the array of temporary directory names.  */
        -: 1231:static void
function add_temp_dir called 0 returned 0% blocks executed 0%
    #####: 1232:add_temp_dir (char const *dir)
        -: 1233:{
    #####: 1234:  if (temp_dir_count == temp_dir_alloc)
branch  0 never executed
branch  1 never executed
    #####: 1235:    temp_dirs = X2NREALLOC (temp_dirs, &temp_dir_alloc);
call    0 never executed
        -: 1236:
    #####: 1237:  temp_dirs[temp_dir_count++] = dir;
    #####: 1238:}
        -: 1239:
        -: 1240:/* Remove NAME from the list of temporary files.  */
        -: 1241:
        -: 1242:static void
function zaptemp called 0 returned 0% blocks executed 0%
    #####: 1243:zaptemp (char const *name)
    #####: 1244:{
        -: 1245:  struct tempnode *volatile *pnode;
        -: 1246:  struct tempnode *node;
        -: 1247:  struct tempnode *next;
        -: 1248:  int unlink_status;
    #####: 1249:  int unlink_errno = 0;
        -: 1250:  struct cs_status cs;
        -: 1251:
    #####: 1252:  for (pnode = &temphead; (node = *pnode)->name != name; pnode = &node->next)
branch  0 never executed
branch  1 never executed
    #####: 1253:    continue;
        -: 1254:
    #####: 1255:  if (node->state == UNREAPED)
branch  0 never executed
branch  1 never executed
    #####: 1256:    wait_proc (node->pid);
call    0 never executed
        -: 1257:
        -: 1258:  /* Unlink the temporary file in a critical section to avoid races.  */
    #####: 1259:  next = node->next;
    #####: 1260:  cs_enter (&cs);
call    0 never executed
    #####: 1261:  unlink_status = unlink (name);
call    0 never executed
    #####: 1262:  unlink_errno = errno;
    #####: 1263:  *pnode = next;
    #####: 1264:  cs_leave (&cs);
call    0 never executed
        -: 1265:
    #####: 1266:  if (unlink_status != 0)
branch  0 never executed
branch  1 never executed
    #####: 1267:    error (0, unlink_errno, _("warning: cannot remove: %s"), quotef (name));
call    0 never executed
    #####: 1268:  if (! next)
branch  0 never executed
branch  1 never executed
    #####: 1269:    temptail = pnode;
    #####: 1270:  free (node);
    #####: 1271:}
        -: 1272:
        -: 1273:#if HAVE_NL_LANGINFO
        -: 1274:
        -: 1275:static int
function struct_month_cmp called 0 returned 0% blocks executed 0%
    #####: 1276:struct_month_cmp (void const *m1, void const *m2)
        -: 1277:{
    #####: 1278:  struct month const *month1 = m1;
    #####: 1279:  struct month const *month2 = m2;
    #####: 1280:  return strcmp (month1->name, month2->name);
        -: 1281:}
        -: 1282:
        -: 1283:#endif
        -: 1284:
        -: 1285:/* Initialize the character class tables. */
        -: 1286:
        -: 1287:static void
function inittables called 0 returned 0% blocks executed 0%
    #####: 1288:inittables (void)
        -: 1289:{
        -: 1290:  size_t i;
        -: 1291:
    #####: 1292:  for (i = 0; i < UCHAR_LIM; ++i)
branch  0 never executed
branch  1 never executed
        -: 1293:    {
    #####: 1294:      blanks[i] = field_sep (i);
call    0 never executed
    #####: 1295:      nonprinting[i] = ! isprint (i);
    #####: 1296:      nondictionary[i] = ! isalnum (i) && ! field_sep (i);
branch  0 never executed
branch  1 never executed
call    2 never executed
branch  3 never executed
branch  4 never executed
    #####: 1297:      fold_toupper[i] = toupper (i);
        -: 1298:    }
        -: 1299:
        -: 1300:#if HAVE_NL_LANGINFO
        -: 1301:  /* If we're not in the "C" locale, read different names for months.  */
    #####: 1302:  if (hard_LC_TIME)
branch  0 never executed
branch  1 never executed
        -: 1303:    {
    #####: 1304:      for (i = 0; i < MONTHS_PER_YEAR; i++)
branch  0 never executed
branch  1 never executed
        -: 1305:        {
        -: 1306:          char const *s;
        -: 1307:          size_t s_len;
        -: 1308:          size_t j, k;
        -: 1309:          char *name;
        -: 1310:
    #####: 1311:          s = nl_langinfo (ABMON_1 + i);
call    0 never executed
    #####: 1312:          s_len = strlen (s);
    #####: 1313:          monthtab[i].name = name = xmalloc (s_len + 1);
call    0 never executed
    #####: 1314:          monthtab[i].val = i + 1;
        -: 1315:
    #####: 1316:          for (j = k = 0; j < s_len; j++)
branch  0 never executed
branch  1 never executed
    #####: 1317:            if (! isblank (to_uchar (s[j])))
call    0 never executed
branch  1 never executed
branch  2 never executed
    #####: 1318:              name[k++] = fold_toupper[to_uchar (s[j])];
call    0 never executed
    #####: 1319:          name[k] = '\0';
        -: 1320:        }
    #####: 1321:      qsort (monthtab, MONTHS_PER_YEAR, sizeof *monthtab, struct_month_cmp);
call    0 never executed
        -: 1322:    }
        -: 1323:#endif
    #####: 1324:}
        -: 1325:
        -: 1326:/* Specify how many inputs may be merged at once.
        -: 1327:   This may be set on the command-line with the
        -: 1328:   --batch-size option. */
        -: 1329:static void
function specify_nmerge called 0 returned 0% blocks executed 0%
    #####: 1330:specify_nmerge (int oi, char c, char const *s)
        -: 1331:{
        -: 1332:  uintmax_t n;
        -: 1333:  struct rlimit rlimit;
    #####: 1334:  enum strtol_error e = xstrtoumax (s, nullptr, 10, &n, "");
call    0 never executed
        -: 1335:
        -: 1336:  /* Try to find out how many file descriptors we'll be able
        -: 1337:     to open.  We need at least nmerge + 3 (STDIN_FILENO,
        -: 1338:     STDOUT_FILENO and STDERR_FILENO). */
    #####: 1339:  unsigned int max_nmerge = ((getrlimit (RLIMIT_NOFILE, &rlimit) == 0
call    0 never executed
branch  1 never executed
branch  2 never executed
    #####: 1340:                              ? rlimit.rlim_cur
        -: 1341:                              : OPEN_MAX)
    #####: 1342:                             - 3);
        -: 1343:
    #####: 1344:  if (e == LONGINT_OK)
branch  0 never executed
branch  1 never executed
        -: 1345:    {
    #####: 1346:      nmerge = n;
    #####: 1347:      if (nmerge != n)
branch  0 never executed
branch  1 never executed
    #####: 1348:        e = LONGINT_OVERFLOW;
        -: 1349:      else
        -: 1350:        {
    #####: 1351:          if (nmerge < 2)
branch  0 never executed
branch  1 never executed
        -: 1352:            {
    #####: 1353:              error (0, 0, _("invalid --%s argument %s"),
call    0 never executed
        -: 1354:                     long_options[oi].name, quote (s));
    #####: 1355:              error (SORT_FAILURE, 0,
call    0 never executed
call    1 never executed
call    2 never executed
        -: 1356:                     _("minimum --%s argument is %s"),
        -: 1357:                     long_options[oi].name, quote ("2"));
        -: 1358:            }
    #####: 1359:          else if (max_nmerge < nmerge)
branch  0 never executed
branch  1 never executed
        -: 1360:            {
    #####: 1361:              e = LONGINT_OVERFLOW;
        -: 1362:            }
        -: 1363:          else
    #####: 1364:            return;
        -: 1365:        }
        -: 1366:    }
        -: 1367:
    #####: 1368:  if (e == LONGINT_OVERFLOW)
branch  0 never executed
branch  1 never executed
        -: 1369:    {
        -: 1370:      char max_nmerge_buf[INT_BUFSIZE_BOUND (max_nmerge)];
    #####: 1371:      error (0, 0, _("--%s argument %s too large"),
call    0 never executed
        -: 1372:             long_options[oi].name, quote (s));
    #####: 1373:      error (SORT_FAILURE, 0,
call    0 never executed
call    1 never executed
call    2 never executed
        -: 1374:             _("maximum --%s argument with current rlimit is %s"),
        -: 1375:             long_options[oi].name,
        -: 1376:             uinttostr (max_nmerge, max_nmerge_buf));
        -: 1377:    }
        -: 1378:  else
    #####: 1379:    xstrtol_fatal (e, oi, c, long_options, s);
call    0 never executed
        -: 1380:}
        -: 1381:
        -: 1382:/* Specify the amount of main memory to use when sorting.  */
        -: 1383:static void
function specify_sort_size called 0 returned 0% blocks executed 0%
    #####: 1384:specify_sort_size (int oi, char c, char const *s)
        -: 1385:{
        -: 1386:  uintmax_t n;
        -: 1387:  char *suffix;
    #####: 1388:  enum strtol_error e = xstrtoumax (s, &suffix, 10, &n, "EgGkKmMPQRtTYZ");
call    0 never executed
        -: 1389:
        -: 1390:  /* The default unit is KiB.  */
    #####: 1391:  if (e == LONGINT_OK && ISDIGIT (suffix[-1]))
branch  0 never executed
branch  1 never executed
branch  2 never executed
branch  3 never executed
        -: 1392:    {
    #####: 1393:      if (n <= UINTMAX_MAX / 1024)
branch  0 never executed
branch  1 never executed
    #####: 1394:        n *= 1024;
        -: 1395:      else
    #####: 1396:        e = LONGINT_OVERFLOW;
        -: 1397:    }
        -: 1398:
        -: 1399:  /* A 'b' suffix means bytes; a '%' suffix means percent of memory.  */
    #####: 1400:  if (e == LONGINT_INVALID_SUFFIX_CHAR && ISDIGIT (suffix[-1]) && ! suffix[1])
branch  0 never executed
branch  1 never executed
branch  2 never executed
branch  3 never executed
branch  4 never executed
branch  5 never executed
    #####: 1401:    switch (suffix[0])
branch  0 never executed
branch  1 never executed
branch  2 never executed
        -: 1402:      {
    #####: 1403:      case 'b':
    #####: 1404:        e = LONGINT_OK;
    #####: 1405:        break;
        -: 1406:
    #####: 1407:      case '%':
        -: 1408:        {
    #####: 1409:          double mem = physmem_total () * n / 100;
call    0 never executed
        -: 1410:
        -: 1411:          /* Use "<", not "<=", to avoid problems with rounding.  */
    #####: 1412:          if (mem < UINTMAX_MAX)
branch  0 never executed
branch  1 never executed
        -: 1413:            {
    #####: 1414:              n = mem;
    #####: 1415:              e = LONGINT_OK;
        -: 1416:            }
        -: 1417:          else
    #####: 1418:            e = LONGINT_OVERFLOW;
        -: 1419:        }
    #####: 1420:        break;
        -: 1421:      }
        -: 1422:
    #####: 1423:  if (e == LONGINT_OK)
branch  0 never executed
branch  1 never executed
        -: 1424:    {
        -: 1425:      /* If multiple sort sizes are specified, take the maximum, so
        -: 1426:         that option order does not matter.  */
    #####: 1427:      if (n < sort_size)
branch  0 never executed
branch  1 never executed
    #####: 1428:        return;
        -: 1429:
    #####: 1430:      sort_size = n;
    #####: 1431:      if (sort_size == n)
branch  0 never executed
branch  1 never executed
        -: 1432:        {
    #####: 1433:          sort_size = MAX (sort_size, MIN_SORT_SIZE);
    #####: 1434:          return;
        -: 1435:        }
        -: 1436:
    #####: 1437:      e = LONGINT_OVERFLOW;
        -: 1438:    }
        -: 1439:
    #####: 1440:  xstrtol_fatal (e, oi, c, long_options, s);
call    0 never executed
        -: 1441:}
        -: 1442:
        -: 1443:/* Specify the number of threads to spawn during internal sort.  */
        -: 1444:static size_t
function specify_nthreads called 0 returned 0% blocks executed 0%
    #####: 1445:specify_nthreads (int oi, char c, char const *s)
        -: 1446:{
        -: 1447:  uintmax_t nthreads;
    #####: 1448:  enum strtol_error e = xstrtoumax (s, nullptr, 10, &nthreads, "");
call    0 never executed
    #####: 1449:  if (e == LONGINT_OVERFLOW)
branch  0 never executed
branch  1 never executed
    #####: 1450:    return SIZE_MAX;
    #####: 1451:  if (e != LONGINT_OK)
branch  0 never executed
branch  1 never executed
    #####: 1452:    xstrtol_fatal (e, oi, c, long_options, s);
call    0 never executed
        -: 1453:  if (SIZE_MAX < nthreads)
        -: 1454:    nthreads = SIZE_MAX;
    #####: 1455:  if (nthreads == 0)
branch  0 never executed
branch  1 never executed
    #####: 1456:    error (SORT_FAILURE, 0, _("number in parallel must be nonzero"));
call    0 never executed
    #####: 1457:  return nthreads;
        -: 1458:}
        -: 1459:
        -: 1460:/* Return the default sort size.  */
        -: 1461:static size_t
function default_sort_size called 0 returned 0% blocks executed 0%
    #####: 1462:default_sort_size (void)
        -: 1463:{
        -: 1464:  /* Let SIZE be MEM, but no more than the maximum object size,
        -: 1465:     total memory, or system resource limits.  Don't bother to check
        -: 1466:     for values like RLIM_INFINITY since in practice they are not much
        -: 1467:     less than SIZE_MAX.  */
    #####: 1468:  size_t size = SIZE_MAX;
        -: 1469:  struct rlimit rlimit;
    #####: 1470:  if (getrlimit (RLIMIT_DATA, &rlimit) == 0 && rlimit.rlim_cur < size)
call    0 never executed
branch  1 never executed
branch  2 never executed
branch  3 never executed
branch  4 never executed
    #####: 1471:    size = rlimit.rlim_cur;
        -: 1472:#ifdef RLIMIT_AS
    #####: 1473:  if (getrlimit (RLIMIT_AS, &rlimit) == 0 && rlimit.rlim_cur < size)
call    0 never executed
branch  1 never executed
branch  2 never executed
branch  3 never executed
branch  4 never executed
    #####: 1474:    size = rlimit.rlim_cur;
        -: 1475:#endif
        -: 1476:
        -: 1477:  /* Leave a large safety margin for the above limits, as failure can
        -: 1478:     occur when they are exceeded.  */
    #####: 1479:  size /= 2;
        -: 1480:
        -: 1481:#ifdef RLIMIT_RSS
        -: 1482:  /* Leave a 1/16 margin for RSS to leave room for code, stack, etc.
        -: 1483:     Exceeding RSS is not fatal, but can be quite slow.  */
    #####: 1484:  if (getrlimit (RLIMIT_RSS, &rlimit) == 0 && rlimit.rlim_cur / 16 * 15 < size)
call    0 never executed
branch  1 never executed
branch  2 never executed
branch  3 never executed
branch  4 never executed
    #####: 1485:    size = rlimit.rlim_cur / 16 * 15;
        -: 1486:#endif
        -: 1487:
        -: 1488:  /* Let MEM be available memory or 1/8 of total memory, whichever
        -: 1489:     is greater.  */
    #####: 1490:  double avail = physmem_available ();
call    0 never executed
    #####: 1491:  double total = physmem_total ();
call    0 never executed
    #####: 1492:  double mem = MAX (avail, total / 8);
branch  0 never executed
branch  1 never executed
        -: 1493:
        -: 1494:  /* Leave a 1/4 margin for physical memory.  */
    #####: 1495:  if (total * 0.75 < size)
branch  0 never executed
branch  1 never executed
    #####: 1496:    size = total * 0.75;
        -: 1497:
        -: 1498:  /* Return the minimum of MEM and SIZE, but no less than
        -: 1499:     MIN_SORT_SIZE.  Avoid the MIN macro here, as it is not quite
        -: 1500:     right when only one argument is floating point.  */
    #####: 1501:  if (mem < size)
branch  0 never executed
branch  1 never executed
    #####: 1502:    size = mem;
    #####: 1503:  return MAX (size, MIN_SORT_SIZE);
        -: 1504:}
        -: 1505:
        -: 1506:/* Return the sort buffer size to use with the input files identified
        -: 1507:   by FPS and FILES, which are alternate names of the same files.
        -: 1508:   NFILES gives the number of input files; NFPS may be less.  Assume
        -: 1509:   that each input line requires LINE_BYTES extra bytes' worth of line
        -: 1510:   information.  Do not exceed the size bound specified by the user
        -: 1511:   (or a default size bound, if the user does not specify one).  */
[...]
    #####: 4512:          break;
        -: 4513:
    #####: 4514:        case 'k':
    #####: 4515:          key = key_init (&key_buf);
call    0 never executed
        -: 4516:
        -: 4517:          /* Get POS1. */
    #####: 4518:          s = parse_field_count (optarg, &key->sword,
call    0 never executed
        -: 4519:                                 N_("invalid number at field start"));
    #####: 4520:          if (! key->sword--)
branch  0 never executed
branch  1 never executed
        -: 4521:            {
        -: 4522:              /* Provoke with 'sort -k0' */
    #####: 4523:              badfieldspec (optarg, N_("field number is zero"));
call    0 never executed
        -: 4524:            }
    #####: 4525:          if (*s == '.')
branch  0 never executed
branch  1 never executed
        -: 4526:            {
    #####: 4527:              s = parse_field_count (s + 1, &key->schar,
call    0 never executed
        -: 4528:                                     N_("invalid number after '.'"));
    #####: 4529:              if (! key->schar--)
branch  0 never executed
branch  1 never executed
        -: 4530:                {
        -: 4531:                  /* Provoke with 'sort -k1.0' */
    #####: 4532:                  badfieldspec (optarg, N_("character offset is zero"));
call    0 never executed
        -: 4533:                }
        -: 4534:            }
    #####: 4535:          if (! (key->sword || key->schar))
branch  0 never executed
branch  1 never executed
branch  2 never executed
branch  3 never executed
    #####: 4536:            key->sword = SIZE_MAX;
    #####: 4537:          s = set_ordering (s, key, bl_start);
call    0 never executed
    #####: 4538:          if (*s != ',')
branch  0 never executed
branch  1 never executed
        -: 4539:            {
    #####: 4540:              key->eword = SIZE_MAX;
    #####: 4541:              key->echar = 0;
        -: 4542:            }
        -: 4543:          else
        -: 4544:            {
        -: 4545:              /* Get POS2. */
    #####: 4546:              s = parse_field_count (s + 1, &key->eword,
call    0 never executed
        -: 4547:                                     N_("invalid number after ','"));
    #####: 4548:              if (! key->eword--)
branch  0 never executed
branch  1 never executed
        -: 4549:                {
        -: 4550:                  /* Provoke with 'sort -k1,0' */
    #####: 4551:                  badfieldspec (optarg, N_("field number is zero"));
call    0 never executed
        -: 4552:                }
    #####: 4553:              if (*s == '.')
branch  0 never executed
branch  1 never executed
        -: 4554:                {
    #####: 4555:                  s = parse_field_count (s + 1, &key->echar,
call    0 never executed
        -: 4556:                                         N_("invalid number after '.'"));
        -: 4557:                }
    #####: 4558:              s = set_ordering (s, key, bl_end);
call    0 never executed
        -: 4559:            }
    #####: 4560:          if (*s)
branch  0 never executed
branch  1 never executed
    #####: 4561:            badfieldspec (optarg, N_("stray character in field spec"));
call    0 never executed
    #####: 4562:          insertkey (key);
call    0 never executed
    #####: 4563:          break;
        -: 4564:
    #####: 4565:        case 'm':
    #####: 4566:          mergeonly = true;
    #####: 4567:          break;
        -: 4568:
    #####: 4569:        case NMERGE_OPTION:
    #####: 4570:          specify_nmerge (oi, c, optarg);
call    0 never executed
    #####: 4571:          break;
        -: 4572:
    #####: 4573:        case 'o':
    #####: 4574:          if (outfile && !STREQ (outfile, optarg))
branch  0 never executed
branch  1 never executed
branch  2 never executed
branch  3 never executed
    #####: 4575:            error (SORT_FAILURE, 0, _("multiple output files specified"));
call    0 never executed
    #####: 4576:          outfile = optarg;
    #####: 4577:          break;
        -: 4578:
    #####: 4579:        case RANDOM_SOURCE_OPTION:
    #####: 4580:          if (random_source && !STREQ (random_source, optarg))
branch  0 never executed
branch  1 never executed
branch  2 never executed
branch  3 never executed
    #####: 4581:            error (SORT_FAILURE, 0, _("multiple random sources specified"));
call    0 never executed
    #####: 4582:          random_source = optarg;
    #####: 4583:          break;
        -: 4584:
    #####: 4585:        case 's':
    #####: 4586:          stable = true;
    #####: 4587:          break;
        -: 4588:
    #####: 4589:        case 'S':
    #####: 4590:          specify_sort_size (oi, c, optarg);
call    0 never executed
    #####: 4591:          break;
        -: 4592:
    #####: 4593:        case 't':
        -: 4594:          {
    #####: 4595:            char newtab = optarg[0];
    #####: 4596:            if (! newtab)
branch  0 never executed
branch  1 never executed
    #####: 4597:              error (SORT_FAILURE, 0, _("empty tab"));
call    0 never executed
    #####: 4598:            if (optarg[1])
branch  0 never executed
branch  1 never executed
        -: 4599:              {
    #####: 4600:                if (STREQ (optarg, "\\0"))
branch  0 never executed
branch  1 never executed
    #####: 4601:                  newtab = '\0';
        -: 4602:                else
        -: 4603:                  {
        -: 4604:                    /* Provoke with 'sort -txx'.  Complain about
        -: 4605:                       "multi-character tab" instead of "multibyte tab", so
        -: 4606:                       that the diagnostic's wording does not need to be
        -: 4607:                       changed once multibyte characters are supported.  */
    #####: 4608:                    error (SORT_FAILURE, 0, _("multi-character tab %s"),
call    0 never executed
call    1 never executed
        -: 4609:                           quote (optarg));
        -: 4610:                  }
        -: 4611:              }
    #####: 4612:            if (tab != TAB_DEFAULT && tab != newtab)
branch  0 never executed
branch  1 never executed
branch  2 never executed
branch  3 never executed
    #####: 4613:              error (SORT_FAILURE, 0, _("incompatible tabs"));
call    0 never executed
    #####: 4614:            tab = newtab;
        -: 4615:          }
    #####: 4616:          break;
        -: 4617:
    #####: 4618:        case 'T':
    #####: 4619:          add_temp_dir (optarg);
call    0 never executed
    #####: 4620:          break;
        -: 4621:
    #####: 4622:        case PARALLEL_OPTION:
    #####: 4623:          nthreads = specify_nthreads (oi, c, optarg);
call    0 never executed
    #####: 4624:          break;
        -: 4625:
    #####: 4626:        case 'u':
    #####: 4627:          unique = true;
    #####: 4628:          break;
        -: 4629:
    #####: 4630:        case 'y':
        -: 4631:          /* Accept and ignore e.g. -y0 for compatibility with Solaris 2.x
        -: 4632:             through Solaris 7.  It is also accepted by many non-Solaris
        -: 4633:             "sort" implementations, e.g., AIX 5.2, HP-UX 11i v2, IRIX 6.5.
        -: 4634:             -y is marked as obsolete starting with Solaris 8 (1999), but is
        -: 4635:             still accepted as of Solaris 10 prerelease (2004).
        -: 4636:
        -: 4637:             Solaris 2.5.1 "sort -y 100" reads the input file "100", but
        -: 4638:             emulate Solaris 8 and 9 "sort -y 100" which ignores the "100",
        -: 4639:             and which in general ignores the argument after "-y" if it
        -: 4640:             consists entirely of digits (it can even be empty).  */
    #####: 4641:          if (optarg == argv[optind - 1])
branch  0 never executed
branch  1 never executed
    #####: 4642:            {
        -: 4643:              char const *p;
    #####: 4644:              for (p = optarg; ISDIGIT (*p); p++)
branch  0 never executed
branch  1 never executed
    #####: 4645:                continue;
    #####: 4646:              optind -= (*p != '\0');
        -: 4647:            }
    #####: 4648:          break;
        -: 4649:
    #####: 4650:        case 'z':
    #####: 4651:          eolchar = 0;
    #####: 4652:          break;
        -: 4653:
    #####: 4654:        case_GETOPT_HELP_CHAR;
call    0 never executed
        -: 4655:
    #####: 4656:        case_GETOPT_VERSION_CHAR (PROGRAM_NAME, AUTHORS);
call    0 never executed
call    1 never executed
call    2 never executed
call    3 never executed
        -: 4657:
    #####: 4658:        default:
    #####: 4659:          usage (SORT_FAILURE);
call    0 never executed
        -: 4660:        }
        -: 4661:    }
        -: 4662:
    #####: 4663:  if (files_from)
branch  0 never executed
branch  1 never executed
        -: 4664:    {
        -: 4665:      /* When using --files0-from=F, you may not specify any files
        -: 4666:         on the command-line.  */
    #####: 4667:      if (nfiles)
branch  0 never executed
branch  1 never executed
        -: 4668:        {
    #####: 4669:          error (0, 0, _("extra operand %s"), quoteaf (files[0]));
call    0 never executed
    #####: 4670:          fprintf (stderr, "%s\n",
call    0 never executed
        -: 4671:                   _("file operands cannot be combined with --files0-from"));
    #####: 4672:          usage (SORT_FAILURE);
call    0 never executed
        -: 4673:        }
        -: 4674:
    #####: 4675:      FILE *stream = xfopen (files_from, "r");
call    0 never executed
        -: 4676:
    #####: 4677:      readtokens0_init (&tok);
call    0 never executed
        -: 4678:
    #####: 4679:      if (! readtokens0 (stream, &tok))
call    0 never executed
branch  1 never executed
branch  2 never executed
    #####: 4680:        error (SORT_FAILURE, 0, _("cannot read file names from %s"),
call    0 never executed
call    1 never executed
        -: 4681:               quoteaf (files_from));
    #####: 4682:      xfclose (stream, files_from);
call    0 never executed
        -: 4683:
    #####: 4684:      if (tok.n_tok)
branch  0 never executed
branch  1 never executed
        -: 4685:        {
    #####: 4686:          free (files);
    #####: 4687:          files = tok.tok;
    #####: 4688:          nfiles = tok.n_tok;
    #####: 4689:          for (size_t i = 0; i < nfiles; i++)
branch  0 never executed
branch  1 never executed
        -: 4690:            {
    #####: 4691:              if (STREQ (files[i], "-"))
branch  0 never executed
branch  1 never executed
    #####: 4692:                error (SORT_FAILURE, 0, _("when reading file names from stdin, "
call    0 never executed
call    1 never executed
        -: 4693:                                          "no file name of %s allowed"),
        -: 4694:                       quoteaf (files[i]));
    #####: 4695:              else if (files[i][0] == '\0')
branch  0 never executed
branch  1 never executed
        -: 4696:                {
        -: 4697:                  /* Using the standard 'filename:line-number:' prefix here is
        -: 4698:                     not totally appropriate, since NUL is the separator,
        -: 4699:                     not NL, but it might be better than nothing.  */
    #####: 4700:                  unsigned long int file_number = i + 1;
    #####: 4701:                  error (SORT_FAILURE, 0,
call    0 never executed
call    1 never executed
        -: 4702:                         _("%s:%lu: invalid zero-length file name"),
        -: 4703:                         quotef (files_from), file_number);
        -: 4704:                }
        -: 4705:            }
        -: 4706:        }
        -: 4707:      else
    #####: 4708:        error (SORT_FAILURE, 0, _("no input from %s"),
call    0 never executed
call    1 never executed
        -: 4709:               quoteaf (files_from));
        -: 4710:    }
        -: 4711:
        -: 4712:  /* Inheritance of global options to individual keys. */
    #####: 4713:  for (key = keylist; key; key = key->next)
branch  0 never executed
branch  1 never executed
        -: 4714:    {
    #####: 4715:      if (default_key_compare (key) && !key->reverse)
call    0 never executed
branch  1 never executed
branch  2 never executed
branch  3 never executed
branch  4 never executed
        -: 4716:        {
    #####: 4717:          key->ignore = gkey.ignore;
    #####: 4718:          key->translate = gkey.translate;
    #####: 4719:          key->skipsblanks = gkey.skipsblanks;
    #####: 4720:          key->skipeblanks = gkey.skipeblanks;
    #####: 4721:          key->month = gkey.month;
    #####: 4722:          key->numeric = gkey.numeric;
    #####: 4723:          key->general_numeric = gkey.general_numeric;
    #####: 4724:          key->human_numeric = gkey.human_numeric;
    #####: 4725:          key->version = gkey.version;
    #####: 4726:          key->random = gkey.random;
    #####: 4727:          key->reverse = gkey.reverse;
        -: 4728:        }
        -: 4729:
    #####: 4730:      need_random |= key->random;
        -: 4731:    }
        -: 4732:
    #####: 4733:  if (!keylist && !default_key_compare (&gkey))
branch  0 never executed
branch  1 never executed
call    2 never executed
branch  3 never executed
branch  4 never executed
        -: 4734:    {
    #####: 4735:      gkey_only = true;
    #####: 4736:      insertkey (&gkey);
call    0 never executed
    #####: 4737:      need_random |= gkey.random;
        -: 4738:    }
        -: 4739:
    #####: 4740:  check_ordering_compatibility ();
call    0 never executed
        -: 4741:
    #####: 4742:  if (debug)
branch  0 never executed
branch  1 never executed
        -: 4743:    {
    #####: 4744:      if (checkonly || outfile)
branch  0 never executed
branch  1 never executed
branch  2 never executed
branch  3 never executed
        -: 4745:        {
        -: 4746:          static char opts[] = "X --debug";
    #####: 4747:          opts[0] = (checkonly ? checkonly : 'o');
branch  0 never executed
branch  1 never executed
    #####: 4748:          incompatible_options (opts);
call    0 never executed
        -: 4749:        }
        -: 4750:
        -: 4751:      /* Always output the locale in debug mode, since this
        -: 4752:         is such a common source of confusion.  */
        -: 4753:
        -: 4754:      /* OpenBSD can only set some categories with LC_ALL above,
        -: 4755:         so set LC_COLLATE explicitly to flag errors.  */
    #####: 4756:      if (locale_ok)
branch  0 never executed
branch  1 never executed
    #####: 4757:        locale_ok = !! setlocale (LC_COLLATE, "");
call    0 never executed
    #####: 4758:      if (! locale_ok)
branch  0 never executed
branch  1 never executed
        -: 4759:          error (0, 0, "%s", _("failed to set locale"));
    #####: 4760:      if (hard_LC_COLLATE)
branch  0 never executed
branch  1 never executed
    #####: 4761:        error (0, 0, _("text ordering performed using %s sorting rules"),
call    0 never executed
call    1 never executed
        -: 4762:               quote (setlocale (LC_COLLATE, nullptr)));
        -: 4763:      else
        -: 4764:        error (0, 0, "%s",
        -: 4765:               _("text ordering performed using simple byte comparison"));
        -: 4766:
    #####: 4767:      key_warnings (&gkey, gkey_only);
call    0 never executed
        -: 4768:    }
        -: 4769:
    #####: 4770:  reverse = gkey.reverse;
        -: 4771:
    #####: 4772:  if (need_random)
branch  0 never executed
branch  1 never executed
    #####: 4773:    random_md5_state_init (random_source);
call    0 never executed
        -: 4774:
    #####: 4775:  if (temp_dir_count == 0)
branch  0 never executed
branch  1 never executed
        -: 4776:    {
    #####: 4777:      char const *tmp_dir = getenv ("TMPDIR");
call    0 never executed
    #####: 4778:      add_temp_dir (tmp_dir ? tmp_dir : DEFAULT_TMPDIR);
branch  0 never executed
branch  1 never executed
call    2 never executed
        -: 4779:    }
        -: 4780:
    #####: 4781:  if (nfiles == 0)
branch  0 never executed
branch  1 never executed
        -: 4782:    {
    #####: 4783:      nfiles = 1;
    #####: 4784:      free (files);
    #####: 4785:      files = xmalloc (sizeof *files);
call    0 never executed
    #####: 4786:      *files = (char *) "-";
        -: 4787:    }
        -: 4788:
        -: 4789:  /* Need to re-check that we meet the minimum requirement for memory
        -: 4790:     usage with the final value for NMERGE. */
    #####: 4791:  if (0 < sort_size)
branch  0 never executed
branch  1 never executed
    #####: 4792:    sort_size = MAX (sort_size, MIN_SORT_SIZE);
        -: 4793:
    #####: 4794:  if (checkonly)
branch  0 never executed
branch  1 never executed
        -: 4795:    {
    #####: 4796:      if (nfiles > 1)
branch  0 never executed
branch  1 never executed
    #####: 4797:        error (SORT_FAILURE, 0, _("extra operand %s not allowed with -%c"),
call    0 never executed
call    1 never executed
        -: 4798:               quoteaf (files[1]), checkonly);
        -: 4799:
    #####: 4800:      if (outfile)
branch  0 never executed
branch  1 never executed
        -: 4801:        {
        -: 4802:          static char opts[] = {0, 'o', 0};
    #####: 4803:          opts[0] = checkonly;
    #####: 4804:          incompatible_options (opts);
call    0 never executed
        -: 4805:        }
        -: 4806:
        -: 4807:      /* POSIX requires that sort return 1 IFF invoked with -c or -C and the
        -: 4808:         input is not properly sorted.  */
    #####: 4809:      exit (check (files[0], checkonly) ? EXIT_SUCCESS : SORT_OUT_OF_ORDER);
call    0 never executed
call    1 never executed
        -: 4810:    }
        -: 4811:
        -: 4812:  /* Check all inputs are accessible, or exit immediately.  */
    #####: 4813:  check_inputs (files, nfiles);
call    0 never executed
        -: 4814:
        -: 4815:  /* Check output is writable, or exit immediately.  */
    #####: 4816:  check_output (outfile);
call    0 never executed
        -: 4817:
    #####: 4818:  if (mergeonly)
branch  0 never executed
branch  1 never executed
        -: 4819:    {
    #####: 4820:      struct sortfile *sortfiles = xcalloc (nfiles, sizeof *sortfiles);
call    0 never executed
        -: 4821:
    #####: 4822:      for (size_t i = 0; i < nfiles; ++i)
branch  0 never executed
branch  1 never executed
    #####: 4823:        sortfiles[i].name = files[i];
        -: 4824:
    #####: 4825:      merge (sortfiles, 0, nfiles, outfile);
call    0 never executed
        -: 4826:    }
        -: 4827:  else
        -: 4828:    {
    #####: 4829:      if (!nthreads)
branch  0 never executed
branch  1 never executed
        -: 4830:        {
    #####: 4831:          unsigned long int np = num_processors (NPROC_CURRENT_OVERRIDABLE);
call    0 never executed
    #####: 4832:          nthreads = MIN (np, DEFAULT_MAX_THREADS);
        -: 4833:        }
        -: 4834:
        -: 4835:      /* Avoid integer overflow later.  */
    #####: 4836:      size_t nthreads_max = SIZE_MAX / (2 * sizeof (struct merge_node));
    #####: 4837:      nthreads = MIN (nthreads, nthreads_max);
        -: 4838:
    #####: 4839:      sort (files, nfiles, outfile, nthreads);
call    0 never executed
        -: 4840:    }
        -: 4841:
    #####: 4842:  if (have_read_stdin && fclose (stdin) == EOF)
branch  0 never executed
branch  1 never executed
call    2 never executed
branch  3 never executed
branch  4 never executed
    #####: 4843:    sort_die (_("close failed"), "-");
call    0 never executed
        -: 4844:
    #####: 4845:  main_exit (EXIT_SUCCESS);
        -: 4846:}
